<?xml version="1.0" encoding="utf-8"?>
<coverage line-rate="0.8519" branch-rate="0.7323999999999999" version="1.9" timestamp="1751234907" lines-covered="2359" lines-valid="2769" branches-covered="460" branches-valid="628">
  <sources>
    <source>/home/esqueleto/myWork/GetFitterGetBigger/GetFitterGetBigger.API/</source>
  </sources>
  <packages>
    <package name="Olimpo.EntityFramework.Persistency" line-rate="0.9272" branch-rate="0.6428" complexity="24">
      <classes>
        <class name="Olimpo.EntityFramework.Persistency.ReadOnlyUnitOfWork`1" filename="Olimpo.EntityFramework.Persistency/ReadOnlyUnitOfWork.cs" line-rate="1" branch-rate="0.75" complexity="6">
          <methods>
            <method name="get_Context" signature="()" line-rate="1" branch-rate="1" complexity="1">
              <lines>
                <line number="11" hits="501" branch="False" />
              </lines>
            </method>
            <method name="GetRepository" signature="()" line-rate="1" branch-rate="1" complexity="2">
              <lines>
                <line number="25" hits="169" branch="False" />
                <line number="26" hits="169" branch="False" />
                <line number="28" hits="169" branch="True" condition-coverage="100% (2/2)">
                  <conditions>
                    <condition number="36" type="jump" coverage="100%" />
                  </conditions>
                </line>
                <line number="29" hits="169" branch="False" />
                <line number="30" hits="169" branch="False" />
                <line number="31" hits="169" branch="False" />
                <line number="33" hits="169" branch="False" />
                <line number="34" hits="169" branch="False" />
              </lines>
            </method>
            <method name="Dispose" signature="()" line-rate="1" branch-rate="0.5" complexity="2">
              <lines>
                <line number="37" hits="166" branch="False" />
                <line number="38" hits="166" branch="True" condition-coverage="50% (1/2)">
                  <conditions>
                    <condition number="8" type="jump" coverage="50%" />
                  </conditions>
                </line>
                <line number="39" hits="166" branch="False" />
              </lines>
            </method>
            <method name=".ctor" signature="(System.IServiceProvider)" line-rate="1" branch-rate="1" complexity="1">
              <lines>
                <line number="13" hits="166" branch="False" />
                <line number="14" hits="166" branch="False" />
                <line number="15" hits="166" branch="False" />
                <line number="16" hits="166" branch="False" />
                <line number="19" hits="166" branch="False" />
                <line number="20" hits="166" branch="False" />
                <line number="21" hits="166" branch="False" />
              </lines>
            </method>
          </methods>
          <lines>
            <line number="11" hits="501" branch="False" />
            <line number="25" hits="169" branch="False" />
            <line number="26" hits="169" branch="False" />
            <line number="28" hits="169" branch="True" condition-coverage="100% (2/2)">
              <conditions>
                <condition number="36" type="jump" coverage="100%" />
              </conditions>
            </line>
            <line number="29" hits="169" branch="False" />
            <line number="30" hits="169" branch="False" />
            <line number="31" hits="169" branch="False" />
            <line number="33" hits="169" branch="False" />
            <line number="34" hits="169" branch="False" />
            <line number="37" hits="166" branch="False" />
            <line number="38" hits="166" branch="True" condition-coverage="50% (1/2)">
              <conditions>
                <condition number="8" type="jump" coverage="50%" />
              </conditions>
            </line>
            <line number="39" hits="166" branch="False" />
            <line number="13" hits="166" branch="False" />
            <line number="14" hits="166" branch="False" />
            <line number="15" hits="166" branch="False" />
            <line number="16" hits="166" branch="False" />
            <line number="19" hits="166" branch="False" />
            <line number="20" hits="166" branch="False" />
            <line number="21" hits="166" branch="False" />
          </lines>
        </class>
        <class name="Olimpo.EntityFramework.Persistency.RepositoryBase`1" filename="Olimpo.EntityFramework.Persistency/RepositoryBase.cs" line-rate="1" branch-rate="0.5" complexity="3">
          <methods>
            <method name="get_Context" signature="()" line-rate="1" branch-rate="1" complexity="1">
              <lines>
                <line number="8" hits="1051" branch="False" />
              </lines>
            </method>
            <method name="SetContext" signature="(TContext)" line-rate="1" branch-rate="0.5" complexity="2">
              <lines>
                <line number="11" hits="262" branch="False" />
                <line number="12" hits="262" branch="True" condition-coverage="50% (1/2)">
                  <conditions>
                    <condition number="9" type="jump" coverage="50%" />
                  </conditions>
                </line>
                <line number="13" hits="262" branch="False" />
              </lines>
            </method>
          </methods>
          <lines>
            <line number="8" hits="1051" branch="False" />
            <line number="11" hits="262" branch="False" />
            <line number="12" hits="262" branch="True" condition-coverage="50% (1/2)">
              <conditions>
                <condition number="9" type="jump" coverage="50%" />
              </conditions>
            </line>
            <line number="13" hits="262" branch="False" />
          </lines>
        </class>
        <class name="Olimpo.EntityFramework.Persistency.UnitOfWorkProvider`1" filename="Olimpo.EntityFramework.Persistency/UnitOfWorkProvider.cs" line-rate="1" branch-rate="1" complexity="3">
          <methods>
            <method name="CreateReadOnly" signature="()" line-rate="1" branch-rate="1" complexity="1">
              <lines>
                <line number="11" hits="166" branch="False" />
              </lines>
            </method>
            <method name="CreateWritable" signature="()" line-rate="1" branch-rate="1" complexity="1">
              <lines>
                <line number="14" hits="37" branch="False" />
              </lines>
            </method>
            <method name=".ctor" signature="(System.IServiceProvider)" line-rate="1" branch-rate="1" complexity="1">
              <lines>
                <line number="5" hits="180" branch="False" />
                <line number="8" hits="180" branch="False" />
              </lines>
            </method>
          </methods>
          <lines>
            <line number="11" hits="166" branch="False" />
            <line number="14" hits="37" branch="False" />
            <line number="5" hits="180" branch="False" />
            <line number="8" hits="180" branch="False" />
          </lines>
        </class>
        <class name="Olimpo.EntityFramework.Persistency.WritableUnitOfWork`1" filename="Olimpo.EntityFramework.Persistency/WritableUnitOfWork.cs" line-rate="1" branch-rate="0.625" complexity="10">
          <methods>
            <method name="get_Context" signature="()" line-rate="1" branch-rate="1" complexity="1">
              <lines>
                <line number="13" hits="146" branch="False" />
              </lines>
            </method>
            <method name="GetRepository" signature="()" line-rate="1" branch-rate="1" complexity="2">
              <lines>
                <line number="24" hits="38" branch="False" />
                <line number="25" hits="38" branch="False" />
                <line number="27" hits="38" branch="True" condition-coverage="100% (2/2)">
                  <conditions>
                    <condition number="36" type="jump" coverage="100%" />
                  </conditions>
                </line>
                <line number="28" hits="38" branch="False" />
                <line number="29" hits="38" branch="False" />
                <line number="30" hits="38" branch="False" />
                <line number="32" hits="38" branch="False" />
                <line number="33" hits="38" branch="False" />
              </lines>
            </method>
            <method name="Dispose" signature="()" line-rate="1" branch-rate="0.5" complexity="6">
              <lines>
                <line number="48" hits="37" branch="False" />
                <line number="49" hits="37" branch="True" condition-coverage="50% (1/2)">
                  <conditions>
                    <condition number="8" type="jump" coverage="50%" />
                  </conditions>
                </line>
                <line number="50" hits="37" branch="True" condition-coverage="50% (1/2)">
                  <conditions>
                    <condition number="31" type="jump" coverage="50%" />
                  </conditions>
                </line>
                <line number="51" hits="37" branch="True" condition-coverage="50% (1/2)">
                  <conditions>
                    <condition number="49" type="jump" coverage="50%" />
                  </conditions>
                </line>
                <line number="52" hits="37" branch="False" />
              </lines>
            </method>
            <method name=".ctor" signature="(System.IServiceProvider)" line-rate="1" branch-rate="1" complexity="1">
              <lines>
                <line number="15" hits="37" branch="False" />
                <line number="16" hits="37" branch="False" />
                <line number="17" hits="37" branch="False" />
                <line number="18" hits="37" branch="False" />
                <line number="19" hits="37" branch="False" />
                <line number="20" hits="37" branch="False" />
              </lines>
            </method>
          </methods>
          <lines>
            <line number="13" hits="146" branch="False" />
            <line number="24" hits="38" branch="False" />
            <line number="25" hits="38" branch="False" />
            <line number="27" hits="38" branch="True" condition-coverage="100% (2/2)">
              <conditions>
                <condition number="36" type="jump" coverage="100%" />
              </conditions>
            </line>
            <line number="28" hits="38" branch="False" />
            <line number="29" hits="38" branch="False" />
            <line number="30" hits="38" branch="False" />
            <line number="32" hits="38" branch="False" />
            <line number="33" hits="38" branch="False" />
            <line number="48" hits="37" branch="False" />
            <line number="49" hits="37" branch="True" condition-coverage="50% (1/2)">
              <conditions>
                <condition number="8" type="jump" coverage="50%" />
              </conditions>
            </line>
            <line number="50" hits="37" branch="True" condition-coverage="50% (1/2)">
              <conditions>
                <condition number="31" type="jump" coverage="50%" />
              </conditions>
            </line>
            <line number="51" hits="37" branch="True" condition-coverage="50% (1/2)">
              <conditions>
                <condition number="49" type="jump" coverage="50%" />
              </conditions>
            </line>
            <line number="52" hits="37" branch="False" />
            <line number="15" hits="37" branch="False" />
            <line number="16" hits="37" branch="False" />
            <line number="17" hits="37" branch="False" />
            <line number="18" hits="37" branch="False" />
            <line number="19" hits="37" branch="False" />
            <line number="20" hits="37" branch="False" />
          </lines>
        </class>
        <class name="Olimpo.EntityFramework.Persistency.WritableUnitOfWork`1/&lt;CommitAsync&gt;d__7" filename="Olimpo.EntityFramework.Persistency/WritableUnitOfWork.cs" line-rate="1" branch-rate="1" complexity="1">
          <methods>
            <method name="MoveNext" signature="()" line-rate="1" branch-rate="1" complexity="1">
              <lines>
                <line number="36" hits="34" branch="False" />
                <line number="37" hits="34" branch="False" />
                <line number="38" hits="34" branch="False" />
                <line number="39" hits="34" branch="False" />
              </lines>
            </method>
          </methods>
          <lines>
            <line number="36" hits="34" branch="False" />
            <line number="37" hits="34" branch="False" />
            <line number="38" hits="34" branch="False" />
            <line number="39" hits="34" branch="False" />
          </lines>
        </class>
        <class name="Olimpo.EntityFramework.Persistency.WritableUnitOfWork`1/&lt;RollbackAsync&gt;d__8" filename="Olimpo.EntityFramework.Persistency/WritableUnitOfWork.cs" line-rate="0" branch-rate="1" complexity="1">
          <methods>
            <method name="MoveNext" signature="()" line-rate="0" branch-rate="1" complexity="1">
              <lines>
                <line number="42" hits="0" branch="False" />
                <line number="43" hits="0" branch="False" />
                <line number="44" hits="0" branch="False" />
                <line number="45" hits="0" branch="False" />
              </lines>
            </method>
          </methods>
          <lines>
            <line number="42" hits="0" branch="False" />
            <line number="43" hits="0" branch="False" />
            <line number="44" hits="0" branch="False" />
            <line number="45" hits="0" branch="False" />
          </lines>
        </class>
      </classes>
    </package>
    <package name="GetFitterGetBigger.API" line-rate="0.8504" branch-rate="0.7345" complexity="901">
      <classes>
        <class name="Program" filename="GetFitterGetBigger.API/Program.cs" line-rate="0.5866" branch-rate="0.3333" complexity="6">
          <methods>
            <method name="&lt;Main&gt;$" signature="(System.String[])" line-rate="0.5866" branch-rate="0.3333" complexity="6">
              <lines>
                <line number="17" hits="22" branch="False" />
                <line number="21" hits="22" branch="False" />
                <line number="24" hits="22" branch="False" />
                <line number="25" hits="22" branch="False" />
                <line number="28" hits="22" branch="False" />
                <line number="31" hits="22" branch="False" />
                <line number="32" hits="22" branch="False" />
                <line number="33" hits="22" branch="False" />
                <line number="34" hits="22" branch="False" />
                <line number="35" hits="22" branch="False" />
                <line number="36" hits="22" branch="False" />
                <line number="37" hits="44" branch="False" />
                <line number="40" hits="22" branch="True" condition-coverage="50% (1/2)">
                  <conditions>
                    <condition number="166" type="jump" coverage="50%" />
                  </conditions>
                </line>
                <line number="41" hits="22" branch="False" />
                <line number="43" hits="22" branch="False" />
                <line number="45" hits="0" branch="False" />
                <line number="46" hits="0" branch="False" />
                <line number="47" hits="0" branch="False" />
                <line number="48" hits="0" branch="False" />
                <line number="51" hits="22" branch="False" />
                <line number="54" hits="22" branch="False" />
                <line number="55" hits="22" branch="False" />
                <line number="56" hits="22" branch="False" />
                <line number="57" hits="22" branch="False" />
                <line number="58" hits="22" branch="False" />
                <line number="59" hits="22" branch="False" />
                <line number="60" hits="22" branch="False" />
                <line number="61" hits="22" branch="False" />
                <line number="62" hits="22" branch="False" />
                <line number="63" hits="22" branch="False" />
                <line number="64" hits="22" branch="False" />
                <line number="65" hits="22" branch="False" />
                <line number="68" hits="22" branch="False" />
                <line number="71" hits="22" branch="False" />
                <line number="72" hits="22" branch="False" />
                <line number="75" hits="22" branch="False" />
                <line number="79" hits="22" branch="False" />
                <line number="80" hits="0" branch="False" />
                <line number="81" hits="0" branch="False" />
                <line number="82" hits="0" branch="False" />
                <line number="83" hits="0" branch="False" />
                <line number="84" hits="0" branch="False" />
                <line number="85" hits="0" branch="False" />
                <line number="86" hits="0" branch="False" />
                <line number="87" hits="22" branch="False" />
                <line number="88" hits="22" branch="False" />
                <line number="89" hits="0" branch="False" />
                <line number="90" hits="22" branch="False" />
                <line number="91" hits="22" branch="False" />
                <line number="92" hits="0" branch="False" />
                <line number="93" hits="22" branch="False" />
                <line number="94" hits="22" branch="False" />
                <line number="95" hits="0" branch="False" />
                <line number="96" hits="0" branch="False" />
                <line number="97" hits="0" branch="True" condition-coverage="0% (0/2)">
                  <conditions>
                    <condition number="124" type="jump" coverage="0%" />
                  </conditions>
                </line>
                <line number="98" hits="0" branch="False" />
                <line number="99" hits="0" branch="False" />
                <line number="100" hits="0" branch="False" />
                <line number="101" hits="22" branch="False" />
                <line number="103" hits="22" branch="False" />
                <line number="106" hits="22" branch="True" condition-coverage="50% (1/2)">
                  <conditions>
                    <condition number="567" type="jump" coverage="50%" />
                  </conditions>
                </line>
                <line number="107" hits="0" branch="False" />
                <line number="109" hits="0" branch="False" />
                <line number="110" hits="0" branch="False" />
                <line number="111" hits="0" branch="False" />
                <line number="112" hits="0" branch="False" />
                <line number="113" hits="0" branch="False" />
                <line number="114" hits="0" branch="False" />
                <line number="115" hits="0" branch="False" />
                <line number="116" hits="0" branch="False" />
                <line number="117" hits="0" branch="False" />
                <line number="118" hits="0" branch="False" />
                <line number="119" hits="0" branch="False" />
                <line number="122" hits="22" branch="False" />
                <line number="124" hits="22" branch="False" />
              </lines>
            </method>
          </methods>
          <lines>
            <line number="17" hits="22" branch="False" />
            <line number="21" hits="22" branch="False" />
            <line number="24" hits="22" branch="False" />
            <line number="25" hits="22" branch="False" />
            <line number="28" hits="22" branch="False" />
            <line number="31" hits="22" branch="False" />
            <line number="32" hits="22" branch="False" />
            <line number="33" hits="22" branch="False" />
            <line number="34" hits="22" branch="False" />
            <line number="35" hits="22" branch="False" />
            <line number="36" hits="22" branch="False" />
            <line number="37" hits="44" branch="False" />
            <line number="40" hits="22" branch="True" condition-coverage="50% (1/2)">
              <conditions>
                <condition number="166" type="jump" coverage="50%" />
              </conditions>
            </line>
            <line number="41" hits="22" branch="False" />
            <line number="43" hits="22" branch="False" />
            <line number="45" hits="0" branch="False" />
            <line number="46" hits="0" branch="False" />
            <line number="47" hits="0" branch="False" />
            <line number="48" hits="0" branch="False" />
            <line number="51" hits="22" branch="False" />
            <line number="54" hits="22" branch="False" />
            <line number="55" hits="22" branch="False" />
            <line number="56" hits="22" branch="False" />
            <line number="57" hits="22" branch="False" />
            <line number="58" hits="22" branch="False" />
            <line number="59" hits="22" branch="False" />
            <line number="60" hits="22" branch="False" />
            <line number="61" hits="22" branch="False" />
            <line number="62" hits="22" branch="False" />
            <line number="63" hits="22" branch="False" />
            <line number="64" hits="22" branch="False" />
            <line number="65" hits="22" branch="False" />
            <line number="68" hits="22" branch="False" />
            <line number="71" hits="22" branch="False" />
            <line number="72" hits="22" branch="False" />
            <line number="75" hits="22" branch="False" />
            <line number="79" hits="22" branch="False" />
            <line number="80" hits="0" branch="False" />
            <line number="81" hits="0" branch="False" />
            <line number="82" hits="0" branch="False" />
            <line number="83" hits="0" branch="False" />
            <line number="84" hits="0" branch="False" />
            <line number="85" hits="0" branch="False" />
            <line number="86" hits="0" branch="False" />
            <line number="87" hits="22" branch="False" />
            <line number="88" hits="22" branch="False" />
            <line number="89" hits="0" branch="False" />
            <line number="90" hits="22" branch="False" />
            <line number="91" hits="22" branch="False" />
            <line number="92" hits="0" branch="False" />
            <line number="93" hits="22" branch="False" />
            <line number="94" hits="22" branch="False" />
            <line number="95" hits="0" branch="False" />
            <line number="96" hits="0" branch="False" />
            <line number="97" hits="0" branch="True" condition-coverage="0% (0/2)">
              <conditions>
                <condition number="124" type="jump" coverage="0%" />
              </conditions>
            </line>
            <line number="98" hits="0" branch="False" />
            <line number="99" hits="0" branch="False" />
            <line number="100" hits="0" branch="False" />
            <line number="101" hits="22" branch="False" />
            <line number="103" hits="22" branch="False" />
            <line number="106" hits="22" branch="True" condition-coverage="50% (1/2)">
              <conditions>
                <condition number="567" type="jump" coverage="50%" />
              </conditions>
            </line>
            <line number="107" hits="0" branch="False" />
            <line number="109" hits="0" branch="False" />
            <line number="110" hits="0" branch="False" />
            <line number="111" hits="0" branch="False" />
            <line number="112" hits="0" branch="False" />
            <line number="113" hits="0" branch="False" />
            <line number="114" hits="0" branch="False" />
            <line number="115" hits="0" branch="False" />
            <line number="116" hits="0" branch="False" />
            <line number="117" hits="0" branch="False" />
            <line number="118" hits="0" branch="False" />
            <line number="119" hits="0" branch="False" />
            <line number="122" hits="22" branch="False" />
            <line number="124" hits="22" branch="False" />
          </lines>
        </class>
        <class name="GetFitterGetBigger.API.Utilities.CacheKeyGenerator" filename="GetFitterGetBigger.API/Utilities/CacheKeyGenerator.cs" line-rate="1" branch-rate="1" complexity="7">
          <methods>
            <method name="GetAllKey" signature="(System.String)" line-rate="1" branch-rate="1" complexity="1">
              <lines>
                <line number="16" hits="94" branch="False" />
                <line number="17" hits="94" branch="False" />
                <line number="18" hits="94" branch="False" />
              </lines>
            </method>
            <method name="GetByIdKey" signature="(System.String,System.String)" line-rate="1" branch-rate="1" complexity="1">
              <lines>
                <line number="27" hits="20" branch="False" />
                <line number="28" hits="20" branch="False" />
                <line number="29" hits="20" branch="False" />
              </lines>
            </method>
            <method name="GetByValueKey" signature="(System.String,System.String)" line-rate="1" branch-rate="1" complexity="4">
              <lines>
                <line number="38" hits="23" branch="False" />
                <line number="40" hits="23" branch="True" condition-coverage="100% (4/4)">
                  <conditions>
                    <condition number="2" type="jump" coverage="100%" />
                    <condition number="14" type="jump" coverage="100%" />
                  </conditions>
                </line>
                <line number="41" hits="23" branch="False" />
                <line number="42" hits="23" branch="False" />
              </lines>
            </method>
            <method name="GetTablePattern" signature="(System.String)" line-rate="1" branch-rate="1" complexity="1">
              <lines>
                <line number="50" hits="9" branch="False" />
                <line number="51" hits="9" branch="False" />
                <line number="52" hits="9" branch="False" />
              </lines>
            </method>
          </methods>
          <lines>
            <line number="16" hits="94" branch="False" />
            <line number="17" hits="94" branch="False" />
            <line number="18" hits="94" branch="False" />
            <line number="27" hits="20" branch="False" />
            <line number="28" hits="20" branch="False" />
            <line number="29" hits="20" branch="False" />
            <line number="38" hits="23" branch="False" />
            <line number="40" hits="23" branch="True" condition-coverage="100% (4/4)">
              <conditions>
                <condition number="2" type="jump" coverage="100%" />
                <condition number="14" type="jump" coverage="100%" />
              </conditions>
            </line>
            <line number="41" hits="23" branch="False" />
            <line number="42" hits="23" branch="False" />
            <line number="50" hits="9" branch="False" />
            <line number="51" hits="9" branch="False" />
            <line number="52" hits="9" branch="False" />
          </lines>
        </class>
        <class name="GetFitterGetBigger.API.Services.Implementations.AuthService" filename="GetFitterGetBigger.API/Services/Implementations/AuthService.cs" line-rate="1" branch-rate="1" complexity="1">
          <methods>
            <method name=".ctor" signature="(GetFitterGetBigger.API.Services.Interfaces.IJwtService,Olimpo.EntityFramework.Persistency.IUnitOfWorkProvider`1&lt;GetFitterGetBigger.API.Models.FitnessDbContext&gt;)" line-rate="1" branch-rate="1" complexity="1">
              <lines>
                <line number="18" hits="10" branch="False" />
                <line number="19" hits="10" branch="False" />
                <line number="20" hits="10" branch="False" />
                <line number="21" hits="10" branch="False" />
                <line number="22" hits="10" branch="False" />
                <line number="23" hits="10" branch="False" />
                <line number="24" hits="10" branch="False" />
              </lines>
            </method>
          </methods>
          <lines>
            <line number="18" hits="10" branch="False" />
            <line number="19" hits="10" branch="False" />
            <line number="20" hits="10" branch="False" />
            <line number="21" hits="10" branch="False" />
            <line number="22" hits="10" branch="False" />
            <line number="23" hits="10" branch="False" />
            <line number="24" hits="10" branch="False" />
          </lines>
        </class>
        <class name="GetFitterGetBigger.API.Services.Implementations.AuthService/&lt;&gt;c" filename="GetFitterGetBigger.API/Services/Implementations/AuthService.cs" line-rate="1" branch-rate="0.75" complexity="5">
          <methods>
            <method name="&lt;AuthenticateAsync&gt;b__3_0" signature="(GetFitterGetBigger.API.Models.Entities.Claim)" line-rate="1" branch-rate="0.75" complexity="4">
              <lines>
                <line number="52" hits="6" branch="True" condition-coverage="75% (3/4)">
                  <conditions>
                    <condition number="14" type="jump" coverage="100%" />
                    <condition number="36" type="jump" coverage="50%" />
                  </conditions>
                </line>
              </lines>
            </method>
            <method name="&lt;AuthenticateAsync&gt;b__3_1" signature="(GetFitterGetBigger.API.Models.Entities.Claim)" line-rate="1" branch-rate="1" complexity="1">
              <lines>
                <line number="53" hits="5" branch="False" />
              </lines>
            </method>
          </methods>
          <lines>
            <line number="52" hits="6" branch="True" condition-coverage="75% (3/4)">
              <conditions>
                <condition number="14" type="jump" coverage="100%" />
                <condition number="36" type="jump" coverage="50%" />
              </conditions>
            </line>
            <line number="53" hits="5" branch="False" />
          </lines>
        </class>
        <class name="GetFitterGetBigger.API.Services.Implementations.AuthService/&lt;AuthenticateAsync&gt;d__3" filename="GetFitterGetBigger.API/Services/Implementations/AuthService.cs" line-rate="1" branch-rate="1" complexity="2">
          <methods>
            <method name="MoveNext" signature="()" line-rate="1" branch-rate="1" complexity="2">
              <lines>
                <line number="27" hits="10" branch="False" />
                <line number="28" hits="10" branch="False" />
                <line number="29" hits="10" branch="False" />
                <line number="30" hits="10" branch="False" />
                <line number="32" hits="10" branch="False" />
                <line number="34" hits="9" branch="True" condition-coverage="100% (2/2)">
                  <conditions>
                    <condition number="263" type="jump" coverage="100%" />
                  </conditions>
                </line>
                <line number="35" hits="5" branch="False" />
                <line number="36" hits="5" branch="False" />
                <line number="37" hits="5" branch="False" />
                <line number="39" hits="5" branch="False" />
                <line number="40" hits="5" branch="False" />
                <line number="41" hits="5" branch="False" />
                <line number="42" hits="5" branch="False" />
                <line number="43" hits="5" branch="False" />
                <line number="44" hits="5" branch="False" />
                <line number="45" hits="5" branch="False" />
                <line number="46" hits="5" branch="False" />
                <line number="47" hits="5" branch="False" />
                <line number="48" hits="5" branch="False" />
                <line number="50" hits="9" branch="False" />
                <line number="51" hits="8" branch="False" />
                <line number="54" hits="8" branch="False" />
                <line number="56" hits="7" branch="False" />
                <line number="58" hits="6" branch="False" />
                <line number="59" hits="6" branch="False" />
              </lines>
            </method>
          </methods>
          <lines>
            <line number="27" hits="10" branch="False" />
            <line number="28" hits="10" branch="False" />
            <line number="29" hits="10" branch="False" />
            <line number="30" hits="10" branch="False" />
            <line number="32" hits="10" branch="False" />
            <line number="34" hits="9" branch="True" condition-coverage="100% (2/2)">
              <conditions>
                <condition number="263" type="jump" coverage="100%" />
              </conditions>
            </line>
            <line number="35" hits="5" branch="False" />
            <line number="36" hits="5" branch="False" />
            <line number="37" hits="5" branch="False" />
            <line number="39" hits="5" branch="False" />
            <line number="40" hits="5" branch="False" />
            <line number="41" hits="5" branch="False" />
            <line number="42" hits="5" branch="False" />
            <line number="43" hits="5" branch="False" />
            <line number="44" hits="5" branch="False" />
            <line number="45" hits="5" branch="False" />
            <line number="46" hits="5" branch="False" />
            <line number="47" hits="5" branch="False" />
            <line number="48" hits="5" branch="False" />
            <line number="50" hits="9" branch="False" />
            <line number="51" hits="8" branch="False" />
            <line number="54" hits="8" branch="False" />
            <line number="56" hits="7" branch="False" />
            <line number="58" hits="6" branch="False" />
            <line number="59" hits="6" branch="False" />
          </lines>
        </class>
        <class name="GetFitterGetBigger.API.Services.Implementations.CacheService" filename="GetFitterGetBigger.API/Services/Implementations/CacheService.cs" line-rate="1" branch-rate="1" complexity="2">
          <methods>
            <method name=".ctor" signature="(Microsoft.Extensions.Caching.Memory.IMemoryCache,Microsoft.Extensions.Logging.ILogger`1&lt;GetFitterGetBigger.API.Services.Implementations.CacheService&gt;)" line-rate="1" branch-rate="1" complexity="1">
              <lines>
                <line number="16" hits="19" branch="False" />
                <line number="17" hits="19" branch="False" />
                <line number="18" hits="19" branch="False" />
                <line number="19" hits="19" branch="False" />
                <line number="20" hits="19" branch="False" />
              </lines>
            </method>
            <method name=".cctor" signature="()" line-rate="1" branch-rate="1" complexity="1">
              <lines>
                <line number="14" hits="1" branch="False" />
              </lines>
            </method>
          </methods>
          <lines>
            <line number="16" hits="19" branch="False" />
            <line number="17" hits="19" branch="False" />
            <line number="18" hits="19" branch="False" />
            <line number="19" hits="19" branch="False" />
            <line number="20" hits="19" branch="False" />
            <line number="14" hits="1" branch="False" />
          </lines>
        </class>
        <class name="GetFitterGetBigger.API.Services.Implementations.CacheService/&lt;&gt;c__5`1" filename="GetFitterGetBigger.API/Services/Implementations/CacheService.cs" line-rate="1" branch-rate="0.5" complexity="2">
          <methods>
            <method name="&lt;SetAsync&gt;b__5_0" signature="(System.Object,System.Object,Microsoft.Extensions.Caching.Memory.EvictionReason,System.Object)" line-rate="1" branch-rate="0.5" complexity="2">
              <lines>
                <line number="44" hits="3" branch="False" />
                <line number="45" hits="3" branch="True" condition-coverage="50% (1/2)">
                  <conditions>
                    <condition number="13" type="jump" coverage="50%" />
                  </conditions>
                </line>
                <line number="46" hits="31" branch="False" />
              </lines>
            </method>
          </methods>
          <lines>
            <line number="44" hits="3" branch="False" />
            <line number="45" hits="3" branch="True" condition-coverage="50% (1/2)">
              <conditions>
                <condition number="13" type="jump" coverage="50%" />
              </conditions>
            </line>
            <line number="46" hits="31" branch="False" />
          </lines>
        </class>
        <class name="GetFitterGetBigger.API.Services.Implementations.CacheService/&lt;&gt;c__DisplayClass7_0" filename="GetFitterGetBigger.API/Services/Implementations/CacheService.cs" line-rate="1" branch-rate="1" complexity="1">
          <methods>
            <method name="&lt;RemoveByPatternAsync&gt;b__0" signature="(System.String)" line-rate="1" branch-rate="1" complexity="1">
              <lines>
                <line number="79" hits="5" branch="False" />
              </lines>
            </method>
          </methods>
          <lines>
            <line number="79" hits="5" branch="False" />
          </lines>
        </class>
        <class name="GetFitterGetBigger.API.Services.Implementations.CacheService/&lt;GetAsync&gt;d__4`1" filename="GetFitterGetBigger.API/Services/Implementations/CacheService.cs" line-rate="0.5" branch-rate="1" complexity="1">
          <methods>
            <method name="MoveNext" signature="()" line-rate="0.5" branch-rate="1" complexity="1">
              <lines>
                <line number="24" hits="120" branch="False" />
                <line number="26" hits="120" branch="False" />
                <line number="27" hits="120" branch="False" />
                <line number="29" hits="0" branch="False" />
                <line number="30" hits="0" branch="False" />
                <line number="31" hits="0" branch="False" />
                <line number="32" hits="0" branch="False" />
                <line number="34" hits="120" branch="False" />
              </lines>
            </method>
          </methods>
          <lines>
            <line number="24" hits="120" branch="False" />
            <line number="26" hits="120" branch="False" />
            <line number="27" hits="120" branch="False" />
            <line number="29" hits="0" branch="False" />
            <line number="30" hits="0" branch="False" />
            <line number="31" hits="0" branch="False" />
            <line number="32" hits="0" branch="False" />
            <line number="34" hits="120" branch="False" />
          </lines>
        </class>
        <class name="GetFitterGetBigger.API.Services.Implementations.CacheService/&lt;GetOrCreateAsync&gt;d__8`1" filename="GetFitterGetBigger.API/Services/Implementations/CacheService.cs" line-rate="0.7894" branch-rate="1" complexity="4">
          <methods>
            <method name="MoveNext" signature="()" line-rate="0.7894" branch-rate="1" complexity="4">
              <lines>
                <line number="94" hits="89" branch="False" />
                <line number="96" hits="89" branch="False" />
                <line number="97" hits="89" branch="False" />
                <line number="98" hits="89" branch="True" condition-coverage="100% (2/2)">
                  <conditions>
                    <condition number="222" type="jump" coverage="100%" />
                  </conditions>
                </line>
                <line number="99" hits="68" branch="False" />
                <line number="100" hits="68" branch="False" />
                <line number="101" hits="68" branch="False" />
                <line number="104" hits="21" branch="False" />
                <line number="105" hits="21" branch="False" />
                <line number="107" hits="21" branch="True" condition-coverage="100% (2/2)">
                  <conditions>
                    <condition number="462" type="jump" coverage="100%" />
                  </conditions>
                </line>
                <line number="108" hits="21" branch="False" />
                <line number="109" hits="21" branch="False" />
                <line number="110" hits="21" branch="False" />
                <line number="112" hits="21" branch="False" />
                <line number="114" hits="0" branch="False" />
                <line number="115" hits="0" branch="False" />
                <line number="116" hits="0" branch="False" />
                <line number="118" hits="0" branch="False" />
                <line number="120" hits="89" branch="False" />
              </lines>
            </method>
          </methods>
          <lines>
            <line number="94" hits="89" branch="False" />
            <line number="96" hits="89" branch="False" />
            <line number="97" hits="89" branch="False" />
            <line number="98" hits="89" branch="True" condition-coverage="100% (2/2)">
              <conditions>
                <condition number="222" type="jump" coverage="100%" />
              </conditions>
            </line>
            <line number="99" hits="68" branch="False" />
            <line number="100" hits="68" branch="False" />
            <line number="101" hits="68" branch="False" />
            <line number="104" hits="21" branch="False" />
            <line number="105" hits="21" branch="False" />
            <line number="107" hits="21" branch="True" condition-coverage="100% (2/2)">
              <conditions>
                <condition number="462" type="jump" coverage="100%" />
              </conditions>
            </line>
            <line number="108" hits="21" branch="False" />
            <line number="109" hits="21" branch="False" />
            <line number="110" hits="21" branch="False" />
            <line number="112" hits="21" branch="False" />
            <line number="114" hits="0" branch="False" />
            <line number="115" hits="0" branch="False" />
            <line number="116" hits="0" branch="False" />
            <line number="118" hits="0" branch="False" />
            <line number="120" hits="89" branch="False" />
          </lines>
        </class>
        <class name="GetFitterGetBigger.API.Services.Implementations.CacheService/&lt;GetOrCreateNullableAsync&gt;d__9`1" filename="GetFitterGetBigger.API/Services/Implementations/CacheService.cs" line-rate="0.4736" branch-rate="0.5" complexity="4">
          <methods>
            <method name="MoveNext" signature="()" line-rate="0.4736" branch-rate="0.5" complexity="4">
              <lines>
                <line number="124" hits="1" branch="False" />
                <line number="126" hits="1" branch="False" />
                <line number="127" hits="1" branch="False" />
                <line number="128" hits="1" branch="True" condition-coverage="50% (1/2)">
                  <conditions>
                    <condition number="222" type="jump" coverage="50%" />
                  </conditions>
                </line>
                <line number="129" hits="0" branch="False" />
                <line number="130" hits="0" branch="False" />
                <line number="131" hits="0" branch="False" />
                <line number="134" hits="1" branch="False" />
                <line number="135" hits="1" branch="False" />
                <line number="138" hits="1" branch="True" condition-coverage="50% (1/2)">
                  <conditions>
                    <condition number="462" type="jump" coverage="50%" />
                  </conditions>
                </line>
                <line number="139" hits="0" branch="False" />
                <line number="140" hits="0" branch="False" />
                <line number="141" hits="0" branch="False" />
                <line number="143" hits="1" branch="False" />
                <line number="145" hits="0" branch="False" />
                <line number="146" hits="0" branch="False" />
                <line number="147" hits="0" branch="False" />
                <line number="149" hits="0" branch="False" />
                <line number="151" hits="1" branch="False" />
              </lines>
            </method>
          </methods>
          <lines>
            <line number="124" hits="1" branch="False" />
            <line number="126" hits="1" branch="False" />
            <line number="127" hits="1" branch="False" />
            <line number="128" hits="1" branch="True" condition-coverage="50% (1/2)">
              <conditions>
                <condition number="222" type="jump" coverage="50%" />
              </conditions>
            </line>
            <line number="129" hits="0" branch="False" />
            <line number="130" hits="0" branch="False" />
            <line number="131" hits="0" branch="False" />
            <line number="134" hits="1" branch="False" />
            <line number="135" hits="1" branch="False" />
            <line number="138" hits="1" branch="True" condition-coverage="50% (1/2)">
              <conditions>
                <condition number="462" type="jump" coverage="50%" />
              </conditions>
            </line>
            <line number="139" hits="0" branch="False" />
            <line number="140" hits="0" branch="False" />
            <line number="141" hits="0" branch="False" />
            <line number="143" hits="1" branch="False" />
            <line number="145" hits="0" branch="False" />
            <line number="146" hits="0" branch="False" />
            <line number="147" hits="0" branch="False" />
            <line number="149" hits="0" branch="False" />
            <line number="151" hits="1" branch="False" />
          </lines>
        </class>
        <class name="GetFitterGetBigger.API.Services.Implementations.CacheService/&lt;RemoveAsync&gt;d__6" filename="GetFitterGetBigger.API/Services/Implementations/CacheService.cs" line-rate="0.6363" branch-rate="1" complexity="1">
          <methods>
            <method name="MoveNext" signature="()" line-rate="0.6363" branch-rate="1" complexity="1">
              <lines>
                <line number="61" hits="3" branch="False" />
                <line number="63" hits="3" branch="False" />
                <line number="64" hits="3" branch="False" />
                <line number="65" hits="3" branch="False" />
                <line number="66" hits="3" branch="False" />
                <line number="67" hits="3" branch="False" />
                <line number="68" hits="0" branch="False" />
                <line number="69" hits="0" branch="False" />
                <line number="70" hits="0" branch="False" />
                <line number="71" hits="0" branch="False" />
                <line number="72" hits="3" branch="False" />
              </lines>
            </method>
          </methods>
          <lines>
            <line number="61" hits="3" branch="False" />
            <line number="63" hits="3" branch="False" />
            <line number="64" hits="3" branch="False" />
            <line number="65" hits="3" branch="False" />
            <line number="66" hits="3" branch="False" />
            <line number="67" hits="3" branch="False" />
            <line number="68" hits="0" branch="False" />
            <line number="69" hits="0" branch="False" />
            <line number="70" hits="0" branch="False" />
            <line number="71" hits="0" branch="False" />
            <line number="72" hits="3" branch="False" />
          </lines>
        </class>
        <class name="GetFitterGetBigger.API.Services.Implementations.CacheService/&lt;RemoveByPatternAsync&gt;d__7" filename="GetFitterGetBigger.API/Services/Implementations/CacheService.cs" line-rate="0.6666" branch-rate="1" complexity="2">
          <methods>
            <method name="MoveNext" signature="()" line-rate="0.6666" branch-rate="1" complexity="2">
              <lines>
                <line number="76" hits="1" branch="False" />
                <line number="78" hits="1" branch="False" />
                <line number="81" hits="7" branch="True" condition-coverage="100% (2/2)">
                  <conditions>
                    <condition number="270" type="jump" coverage="100%" />
                  </conditions>
                </line>
                <line number="82" hits="2" branch="False" />
                <line number="83" hits="2" branch="False" />
                <line number="84" hits="2" branch="False" />
                <line number="85" hits="1" branch="False" />
                <line number="86" hits="0" branch="False" />
                <line number="87" hits="0" branch="False" />
                <line number="88" hits="0" branch="False" />
                <line number="89" hits="0" branch="False" />
                <line number="90" hits="1" branch="False" />
              </lines>
            </method>
          </methods>
          <lines>
            <line number="76" hits="1" branch="False" />
            <line number="78" hits="1" branch="False" />
            <line number="81" hits="7" branch="True" condition-coverage="100% (2/2)">
              <conditions>
                <condition number="270" type="jump" coverage="100%" />
              </conditions>
            </line>
            <line number="82" hits="2" branch="False" />
            <line number="83" hits="2" branch="False" />
            <line number="84" hits="2" branch="False" />
            <line number="85" hits="1" branch="False" />
            <line number="86" hits="0" branch="False" />
            <line number="87" hits="0" branch="False" />
            <line number="88" hits="0" branch="False" />
            <line number="89" hits="0" branch="False" />
            <line number="90" hits="1" branch="False" />
          </lines>
        </class>
        <class name="GetFitterGetBigger.API.Services.Implementations.CacheService/&lt;SetAsync&gt;d__5`1" filename="GetFitterGetBigger.API/Services/Implementations/CacheService.cs" line-rate="0.7142000000000001" branch-rate="1" complexity="2">
          <methods>
            <method name="MoveNext" signature="()" line-rate="0.7142000000000001" branch-rate="1" complexity="2">
              <lines>
                <line number="38" hits="28" branch="False" />
                <line number="40" hits="28" branch="False" />
                <line number="41" hits="28" branch="True" condition-coverage="100% (2/2)">
                  <conditions>
                    <condition number="50" type="jump" coverage="100%" />
                  </conditions>
                </line>
                <line number="42" hits="28" branch="False" />
                <line number="43" hits="28" branch="False" />
                <line number="48" hits="28" branch="False" />
                <line number="49" hits="28" branch="False" />
                <line number="51" hits="28" branch="False" />
                <line number="52" hits="28" branch="False" />
                <line number="53" hits="0" branch="False" />
                <line number="54" hits="0" branch="False" />
                <line number="55" hits="0" branch="False" />
                <line number="56" hits="0" branch="False" />
                <line number="57" hits="28" branch="False" />
              </lines>
            </method>
          </methods>
          <lines>
            <line number="38" hits="28" branch="False" />
            <line number="40" hits="28" branch="False" />
            <line number="41" hits="28" branch="True" condition-coverage="100% (2/2)">
              <conditions>
                <condition number="50" type="jump" coverage="100%" />
              </conditions>
            </line>
            <line number="42" hits="28" branch="False" />
            <line number="43" hits="28" branch="False" />
            <line number="48" hits="28" branch="False" />
            <line number="49" hits="28" branch="False" />
            <line number="51" hits="28" branch="False" />
            <line number="52" hits="28" branch="False" />
            <line number="53" hits="0" branch="False" />
            <line number="54" hits="0" branch="False" />
            <line number="55" hits="0" branch="False" />
            <line number="56" hits="0" branch="False" />
            <line number="57" hits="28" branch="False" />
          </lines>
        </class>
        <class name="GetFitterGetBigger.API.Services.Implementations.ExerciseService" filename="GetFitterGetBigger.API/Services/Implementations/ExerciseService.cs" line-rate="0.8518000000000001" branch-rate="0.7976000000000001" complexity="169">
          <methods>
            <method name="AddRelationshipsToExercise" signature="(GetFitterGetBigger.API.Models.Entities.Exercise,GetFitterGetBigger.API.DTOs.CreateExerciseRequest)" line-rate="1" branch-rate="1" complexity="18">
              <lines>
                <line number="429" hits="47" branch="False" />
                <line number="431" hits="221" branch="True" condition-coverage="100% (2/2)">
                  <conditions>
                    <condition number="97" type="jump" coverage="100%" />
                  </conditions>
                </line>
                <line number="432" hits="40" branch="False" />
                <line number="433" hits="40" branch="True" condition-coverage="100% (4/4)">
                  <conditions>
                    <condition number="38" type="jump" coverage="100%" />
                    <condition number="60" type="jump" coverage="100%" />
                  </conditions>
                </line>
                <line number="434" hits="40" branch="False" />
                <line number="435" hits="33" branch="False" />
                <line number="436" hits="33" branch="False" />
                <line number="437" hits="33" branch="False" />
                <line number="438" hits="33" branch="False" />
                <line number="439" hits="40" branch="False" />
                <line number="442" hits="149" branch="True" condition-coverage="100% (2/2)">
                  <conditions>
                    <condition number="192" type="jump" coverage="100%" />
                  </conditions>
                </line>
                <line number="443" hits="4" branch="False" />
                <line number="444" hits="4" branch="True" condition-coverage="100% (2/2)">
                  <conditions>
                    <condition number="155" type="jump" coverage="100%" />
                  </conditions>
                </line>
                <line number="445" hits="4" branch="False" />
                <line number="446" hits="4" branch="False" />
                <line number="447" hits="4" branch="False" />
                <line number="448" hits="4" branch="False" />
                <line number="449" hits="4" branch="False" />
                <line number="452" hits="147" branch="True" condition-coverage="100% (2/2)">
                  <conditions>
                    <condition number="287" type="jump" coverage="100%" />
                  </conditions>
                </line>
                <line number="453" hits="3" branch="False" />
                <line number="454" hits="3" branch="True" condition-coverage="100% (2/2)">
                  <conditions>
                    <condition number="250" type="jump" coverage="100%" />
                  </conditions>
                </line>
                <line number="455" hits="3" branch="False" />
                <line number="456" hits="3" branch="False" />
                <line number="457" hits="3" branch="False" />
                <line number="458" hits="3" branch="False" />
                <line number="459" hits="3" branch="False" />
                <line number="462" hits="193" branch="True" condition-coverage="100% (2/2)">
                  <conditions>
                    <condition number="382" type="jump" coverage="100%" />
                  </conditions>
                </line>
                <line number="463" hits="26" branch="False" />
                <line number="464" hits="26" branch="True" condition-coverage="100% (2/2)">
                  <conditions>
                    <condition number="345" type="jump" coverage="100%" />
                  </conditions>
                </line>
                <line number="465" hits="26" branch="False" />
                <line number="466" hits="26" branch="False" />
                <line number="467" hits="26" branch="False" />
                <line number="468" hits="26" branch="False" />
                <line number="469" hits="26" branch="False" />
                <line number="470" hits="47" branch="False" />
              </lines>
            </method>
            <method name="AddRelationshipsToExercise" signature="(GetFitterGetBigger.API.Models.Entities.Exercise,GetFitterGetBigger.API.DTOs.UpdateExerciseRequest)" line-rate="1" branch-rate="1" complexity="18">
              <lines>
                <line number="473" hits="13" branch="False" />
                <line number="475" hits="63" branch="True" condition-coverage="100% (2/2)">
                  <conditions>
                    <condition number="97" type="jump" coverage="100%" />
                  </conditions>
                </line>
                <line number="476" hits="12" branch="False" />
                <line number="477" hits="12" branch="True" condition-coverage="100% (4/4)">
                  <conditions>
                    <condition number="38" type="jump" coverage="100%" />
                    <condition number="60" type="jump" coverage="100%" />
                  </conditions>
                </line>
                <line number="478" hits="12" branch="False" />
                <line number="479" hits="6" branch="False" />
                <line number="480" hits="6" branch="False" />
                <line number="481" hits="6" branch="False" />
                <line number="482" hits="6" branch="False" />
                <line number="483" hits="12" branch="False" />
                <line number="486" hits="41" branch="True" condition-coverage="100% (2/2)">
                  <conditions>
                    <condition number="192" type="jump" coverage="100%" />
                  </conditions>
                </line>
                <line number="487" hits="1" branch="False" />
                <line number="488" hits="1" branch="True" condition-coverage="100% (2/2)">
                  <conditions>
                    <condition number="155" type="jump" coverage="100%" />
                  </conditions>
                </line>
                <line number="489" hits="1" branch="False" />
                <line number="490" hits="1" branch="False" />
                <line number="491" hits="1" branch="False" />
                <line number="492" hits="1" branch="False" />
                <line number="493" hits="1" branch="False" />
                <line number="496" hits="41" branch="True" condition-coverage="100% (2/2)">
                  <conditions>
                    <condition number="287" type="jump" coverage="100%" />
                  </conditions>
                </line>
                <line number="497" hits="1" branch="False" />
                <line number="498" hits="1" branch="True" condition-coverage="100% (2/2)">
                  <conditions>
                    <condition number="250" type="jump" coverage="100%" />
                  </conditions>
                </line>
                <line number="499" hits="1" branch="False" />
                <line number="500" hits="1" branch="False" />
                <line number="501" hits="1" branch="False" />
                <line number="502" hits="1" branch="False" />
                <line number="503" hits="1" branch="False" />
                <line number="506" hits="47" branch="True" condition-coverage="100% (2/2)">
                  <conditions>
                    <condition number="382" type="jump" coverage="100%" />
                  </conditions>
                </line>
                <line number="507" hits="4" branch="False" />
                <line number="508" hits="4" branch="True" condition-coverage="100% (2/2)">
                  <conditions>
                    <condition number="345" type="jump" coverage="100%" />
                  </conditions>
                </line>
                <line number="509" hits="4" branch="False" />
                <line number="510" hits="4" branch="False" />
                <line number="511" hits="4" branch="False" />
                <line number="512" hits="4" branch="False" />
                <line number="513" hits="4" branch="False" />
                <line number="514" hits="13" branch="False" />
              </lines>
            </method>
            <method name="MapToDto" signature="(GetFitterGetBigger.API.Models.Entities.Exercise)" line-rate="0.9887999999999999" branch-rate="0.9431" complexity="88">
              <lines>
                <line number="517" hits="84" branch="False" />
                <line number="518" hits="84" branch="True" condition-coverage="50% (1/2)">
                  <conditions>
                    <condition number="10" type="jump" coverage="50%" />
                  </conditions>
                </line>
                <line number="519" hits="0" branch="False" />
                <line number="521" hits="84" branch="True" condition-coverage="77.77% (14/18)">
                  <conditions>
                    <condition number="89" type="jump" coverage="50%" />
                    <condition number="173" type="jump" coverage="50%" />
                    <condition number="195" type="jump" coverage="50%" />
                    <condition number="243" type="jump" coverage="50%" />
                    <condition number="323" type="jump" coverage="100%" />
                    <condition number="349" type="jump" coverage="100%" />
                    <condition number="371" type="jump" coverage="100%" />
                    <condition number="383" type="jump" coverage="100%" />
                    <condition number="405" type="jump" coverage="100%" />
                  </conditions>
                </line>
                <line number="522" hits="84" branch="False" />
                <line number="523" hits="84" branch="False" />
                <line number="524" hits="84" branch="False" />
                <line number="525" hits="84" branch="False" />
                <line number="526" hits="168" branch="False" />
                <line number="527" hits="84" branch="False" />
                <line number="528" hits="84" branch="False" />
                <line number="529" hits="84" branch="False" />
                <line number="530" hits="84" branch="False" />
                <line number="531" hits="84" branch="False" />
                <line number="532" hits="66" branch="True" condition-coverage="100% (6/6)">
                  <conditions>
                    <condition number="40" type="jump" coverage="100%" />
                    <condition number="52" type="jump" coverage="100%" />
                    <condition number="74" type="jump" coverage="100%" />
                  </conditions>
                </line>
                <line number="533" hits="66" branch="False" />
                <line number="534" hits="66" branch="False" />
                <line number="535" hits="66" branch="False" />
                <line number="536" hits="66" branch="False" />
                <line number="537" hits="66" branch="False" />
                <line number="538" hits="84" branch="False" />
                <line number="539" hits="84" branch="False" />
                <line number="540" hits="84" branch="False" />
                <line number="541" hits="84" branch="False" />
                <line number="542" hits="84" branch="False" />
                <line number="543" hits="84" branch="False" />
                <line number="544" hits="84" branch="False" />
                <line number="545" hits="84" branch="False" />
                <line number="546" hits="84" branch="False" />
                <line number="547" hits="84" branch="False" />
                <line number="548" hits="84" branch="False" />
                <line number="551" hits="84" branch="True" condition-coverage="100% (2/2)">
                  <conditions>
                    <condition number="442" type="jump" coverage="100%" />
                  </conditions>
                </line>
                <line number="552" hits="84" branch="False" />
                <line number="553" hits="334" branch="True" condition-coverage="100% (2/2)">
                  <conditions>
                    <condition number="730" type="jump" coverage="100%" />
                  </conditions>
                </line>
                <line number="554" hits="41" branch="False" />
                <line number="555" hits="41" branch="True" condition-coverage="100% (18/18)">
                  <conditions>
                    <condition number="503" type="jump" coverage="100%" />
                    <condition number="530" type="jump" coverage="100%" />
                    <condition number="553" type="jump" coverage="100%" />
                    <condition number="565" type="jump" coverage="100%" />
                    <condition number="608" type="jump" coverage="100%" />
                    <condition number="635" type="jump" coverage="100%" />
                    <condition number="658" type="jump" coverage="100%" />
                    <condition number="670" type="jump" coverage="100%" />
                    <condition number="693" type="jump" coverage="100%" />
                  </conditions>
                </line>
                <line number="556" hits="41" branch="False" />
                <line number="557" hits="41" branch="False" />
                <line number="558" hits="41" branch="False" />
                <line number="559" hits="41" branch="False" />
                <line number="560" hits="41" branch="False" />
                <line number="561" hits="41" branch="False" />
                <line number="562" hits="41" branch="False" />
                <line number="563" hits="41" branch="False" />
                <line number="564" hits="41" branch="False" />
                <line number="565" hits="41" branch="False" />
                <line number="566" hits="41" branch="False" />
                <line number="567" hits="41" branch="False" />
                <line number="568" hits="41" branch="False" />
                <line number="569" hits="41" branch="False" />
                <line number="570" hits="41" branch="False" />
                <line number="571" hits="84" branch="False" />
                <line number="574" hits="84" branch="True" condition-coverage="100% (2/2)">
                  <conditions>
                    <condition number="764" type="jump" coverage="100%" />
                  </conditions>
                </line>
                <line number="575" hits="84" branch="False" />
                <line number="576" hits="270" branch="True" condition-coverage="100% (2/2)">
                  <conditions>
                    <condition number="914" type="jump" coverage="100%" />
                  </conditions>
                </line>
                <line number="577" hits="9" branch="False" />
                <line number="578" hits="9" branch="True" condition-coverage="100% (8/8)">
                  <conditions>
                    <condition number="816" type="jump" coverage="100%" />
                    <condition number="843" type="jump" coverage="100%" />
                    <condition number="866" type="jump" coverage="100%" />
                    <condition number="878" type="jump" coverage="100%" />
                  </conditions>
                </line>
                <line number="579" hits="9" branch="False" />
                <line number="580" hits="9" branch="False" />
                <line number="581" hits="9" branch="False" />
                <line number="582" hits="9" branch="False" />
                <line number="583" hits="9" branch="False" />
                <line number="584" hits="9" branch="False" />
                <line number="585" hits="84" branch="False" />
                <line number="588" hits="84" branch="True" condition-coverage="100% (2/2)">
                  <conditions>
                    <condition number="948" type="jump" coverage="100%" />
                  </conditions>
                </line>
                <line number="589" hits="84" branch="False" />
                <line number="590" hits="266" branch="True" condition-coverage="100% (2/2)">
                  <conditions>
                    <condition number="1119" type="jump" coverage="100%" />
                  </conditions>
                </line>
                <line number="591" hits="7" branch="False" />
                <line number="592" hits="7" branch="True" condition-coverage="100% (10/10)">
                  <conditions>
                    <condition number="1003" type="jump" coverage="100%" />
                    <condition number="1030" type="jump" coverage="100%" />
                    <condition number="1053" type="jump" coverage="100%" />
                    <condition number="1065" type="jump" coverage="100%" />
                    <condition number="1088" type="jump" coverage="100%" />
                  </conditions>
                </line>
                <line number="593" hits="7" branch="False" />
                <line number="594" hits="7" branch="False" />
                <line number="595" hits="7" branch="False" />
                <line number="596" hits="7" branch="False" />
                <line number="597" hits="7" branch="False" />
                <line number="598" hits="7" branch="False" />
                <line number="599" hits="84" branch="False" />
                <line number="602" hits="84" branch="True" condition-coverage="100% (2/2)">
                  <conditions>
                    <condition number="1153" type="jump" coverage="100%" />
                  </conditions>
                </line>
                <line number="603" hits="84" branch="False" />
                <line number="604" hits="334" branch="True" condition-coverage="100% (2/2)">
                  <conditions>
                    <condition number="1324" type="jump" coverage="100%" />
                  </conditions>
                </line>
                <line number="605" hits="41" branch="False" />
                <line number="606" hits="41" branch="True" condition-coverage="100% (10/10)">
                  <conditions>
                    <condition number="1208" type="jump" coverage="100%" />
                    <condition number="1235" type="jump" coverage="100%" />
                    <condition number="1258" type="jump" coverage="100%" />
                    <condition number="1270" type="jump" coverage="100%" />
                    <condition number="1293" type="jump" coverage="100%" />
                  </conditions>
                </line>
                <line number="607" hits="41" branch="False" />
                <line number="608" hits="41" branch="False" />
                <line number="609" hits="41" branch="False" />
                <line number="610" hits="41" branch="False" />
                <line number="611" hits="41" branch="False" />
                <line number="612" hits="41" branch="False" />
                <line number="613" hits="84" branch="False" />
                <line number="615" hits="84" branch="False" />
                <line number="616" hits="84" branch="False" />
              </lines>
            </method>
            <method name="ParseDifficultyId" signature="(System.String)" line-rate="0" branch-rate="0" complexity="4">
              <lines>
                <line number="619" hits="0" branch="False" />
                <line number="620" hits="0" branch="True" condition-coverage="0% (0/2)">
                  <conditions>
                    <condition number="9" type="jump" coverage="0%" />
                  </conditions>
                </line>
                <line number="621" hits="0" branch="True" condition-coverage="0% (0/2)">
                  <conditions>
                    <condition number="31" type="jump" coverage="0%" />
                  </conditions>
                </line>
                <line number="622" hits="0" branch="False" />
              </lines>
            </method>
            <method name="ParseMuscleGroupIds" signature="(System.Collections.Generic.List`1&lt;System.String&gt;)" line-rate="1" branch-rate="0.9" complexity="10">
              <lines>
                <line number="625" hits="7" branch="False" />
                <line number="626" hits="13" branch="True" condition-coverage="100% (4/4)">
                  <conditions>
                    <condition number="2" type="jump" coverage="100%" />
                    <condition number="18" type="jump" coverage="100%" />
                  </conditions>
                </line>
                <line number="628" hits="1" branch="False" />
                <line number="629" hits="5" branch="True" condition-coverage="100% (2/2)">
                  <conditions>
                    <condition number="84" type="jump" coverage="100%" />
                  </conditions>
                </line>
                <line number="630" hits="1" branch="False" />
                <line number="631" hits="1" branch="True" condition-coverage="100% (2/2)">
                  <conditions>
                    <condition number="63" type="jump" coverage="100%" />
                  </conditions>
                </line>
                <line number="632" hits="1" branch="False" />
                <line number="633" hits="1" branch="False" />
                <line number="634" hits="1" branch="False" />
                <line number="635" hits="1" branch="False" />
                <line number="636" hits="1" branch="True" condition-coverage="50% (1/2)">
                  <conditions>
                    <condition number="109" type="jump" coverage="50%" />
                  </conditions>
                </line>
                <line number="637" hits="7" branch="False" />
              </lines>
            </method>
            <method name="ParseEquipmentIds" signature="(System.Collections.Generic.List`1&lt;System.String&gt;)" line-rate="0.25" branch-rate="0.2" complexity="10">
              <lines>
                <line number="640" hits="7" branch="False" />
                <line number="641" hits="14" branch="True" condition-coverage="50% (2/4)">
                  <conditions>
                    <condition number="2" type="jump" coverage="50%" />
                    <condition number="18" type="jump" coverage="50%" />
                  </conditions>
                </line>
                <line number="643" hits="0" branch="False" />
                <line number="644" hits="0" branch="True" condition-coverage="0% (0/2)">
                  <conditions>
                    <condition number="84" type="jump" coverage="0%" />
                  </conditions>
                </line>
                <line number="645" hits="0" branch="False" />
                <line number="646" hits="0" branch="True" condition-coverage="0% (0/2)">
                  <conditions>
                    <condition number="63" type="jump" coverage="0%" />
                  </conditions>
                </line>
                <line number="647" hits="0" branch="False" />
                <line number="648" hits="0" branch="False" />
                <line number="649" hits="0" branch="False" />
                <line number="650" hits="0" branch="False" />
                <line number="651" hits="0" branch="True" condition-coverage="0% (0/2)">
                  <conditions>
                    <condition number="109" type="jump" coverage="0%" />
                  </conditions>
                </line>
                <line number="652" hits="7" branch="False" />
              </lines>
            </method>
            <method name="ParseMovementPatternIds" signature="(System.Collections.Generic.List`1&lt;System.String&gt;)" line-rate="0.25" branch-rate="0.2" complexity="10">
              <lines>
                <line number="655" hits="7" branch="False" />
                <line number="656" hits="14" branch="True" condition-coverage="50% (2/4)">
                  <conditions>
                    <condition number="2" type="jump" coverage="50%" />
                    <condition number="18" type="jump" coverage="50%" />
                  </conditions>
                </line>
                <line number="658" hits="0" branch="False" />
                <line number="659" hits="0" branch="True" condition-coverage="0% (0/2)">
                  <conditions>
                    <condition number="84" type="jump" coverage="0%" />
                  </conditions>
                </line>
                <line number="660" hits="0" branch="False" />
                <line number="661" hits="0" branch="True" condition-coverage="0% (0/2)">
                  <conditions>
                    <condition number="63" type="jump" coverage="0%" />
                  </conditions>
                </line>
                <line number="662" hits="0" branch="False" />
                <line number="663" hits="0" branch="False" />
                <line number="664" hits="0" branch="False" />
                <line number="665" hits="0" branch="False" />
                <line number="666" hits="0" branch="True" condition-coverage="0% (0/2)">
                  <conditions>
                    <condition number="109" type="jump" coverage="0%" />
                  </conditions>
                </line>
                <line number="667" hits="7" branch="False" />
              </lines>
            </method>
            <method name="ParseBodyPartIds" signature="(System.Collections.Generic.List`1&lt;System.String&gt;)" line-rate="0.25" branch-rate="0.2" complexity="10">
              <lines>
                <line number="670" hits="7" branch="False" />
                <line number="671" hits="14" branch="True" condition-coverage="50% (2/4)">
                  <conditions>
                    <condition number="2" type="jump" coverage="50%" />
                    <condition number="18" type="jump" coverage="50%" />
                  </conditions>
                </line>
                <line number="673" hits="0" branch="False" />
                <line number="674" hits="0" branch="True" condition-coverage="0% (0/2)">
                  <conditions>
                    <condition number="84" type="jump" coverage="0%" />
                  </conditions>
                </line>
                <line number="675" hits="0" branch="False" />
                <line number="676" hits="0" branch="True" condition-coverage="0% (0/2)">
                  <conditions>
                    <condition number="63" type="jump" coverage="0%" />
                  </conditions>
                </line>
                <line number="677" hits="0" branch="False" />
                <line number="678" hits="0" branch="False" />
[...]
                </line>
                <line number="133" hits="0" branch="False" />
                <line number="134" hits="0" branch="False" />
                <line number="135" hits="0" branch="False" />
                <line number="137" hits="11" branch="False" />
                <line number="138" hits="11" branch="False" />
              </lines>
            </method>
          </methods>
          <lines>
            <line number="120" hits="11" branch="False" />
            <line number="121" hits="11" branch="False" />
            <line number="122" hits="11" branch="False" />
            <line number="123" hits="11" branch="False" />
            <line number="126" hits="11" branch="False" />
            <line number="127" hits="11" branch="True" condition-coverage="50% (1/2)">
              <conditions>
                <condition number="259" type="jump" coverage="50%" />
              </conditions>
            </line>
            <line number="128" hits="0" branch="False" />
            <line number="131" hits="11" branch="False" />
            <line number="132" hits="11" branch="True" condition-coverage="50% (1/2)">
              <conditions>
                <condition number="424" type="jump" coverage="50%" />
              </conditions>
            </line>
            <line number="133" hits="0" branch="False" />
            <line number="134" hits="0" branch="False" />
            <line number="135" hits="0" branch="False" />
            <line number="137" hits="11" branch="False" />
            <line number="138" hits="11" branch="False" />
          </lines>
        </class>
        <class name="GetFitterGetBigger.API.Controllers.ReferenceTablesBaseController/&lt;GetByValueWithCacheAsync&gt;d__10`1" filename="GetFitterGetBigger.API/Controllers/ReferenceTablesBaseController.cs" line-rate="0.7142000000000001" branch-rate="0.5" complexity="4">
          <methods>
            <method name="MoveNext" signature="()" line-rate="0.7142000000000001" branch-rate="0.5" complexity="4">
              <lines>
                <line number="150" hits="10" branch="False" />
                <line number="151" hits="10" branch="False" />
                <line number="152" hits="10" branch="False" />
                <line number="153" hits="10" branch="False" />
                <line number="156" hits="10" branch="False" />
                <line number="157" hits="10" branch="True" condition-coverage="50% (1/2)">
                  <conditions>
                    <condition number="259" type="jump" coverage="50%" />
                  </conditions>
                </line>
                <line number="158" hits="0" branch="False" />
                <line number="161" hits="10" branch="False" />
                <line number="162" hits="10" branch="True" condition-coverage="50% (1/2)">
                  <conditions>
                    <condition number="424" type="jump" coverage="50%" />
                  </conditions>
                </line>
                <line number="163" hits="0" branch="False" />
                <line number="164" hits="0" branch="False" />
                <line number="165" hits="0" branch="False" />
                <line number="167" hits="10" branch="False" />
                <line number="168" hits="10" branch="False" />
              </lines>
            </method>
          </methods>
          <lines>
            <line number="150" hits="10" branch="False" />
            <line number="151" hits="10" branch="False" />
            <line number="152" hits="10" branch="False" />
            <line number="153" hits="10" branch="False" />
            <line number="156" hits="10" branch="False" />
            <line number="157" hits="10" branch="True" condition-coverage="50% (1/2)">
              <conditions>
                <condition number="259" type="jump" coverage="50%" />
              </conditions>
            </line>
            <line number="158" hits="0" branch="False" />
            <line number="161" hits="10" branch="False" />
            <line number="162" hits="10" branch="True" condition-coverage="50% (1/2)">
              <conditions>
                <condition number="424" type="jump" coverage="50%" />
              </conditions>
            </line>
            <line number="163" hits="0" branch="False" />
            <line number="164" hits="0" branch="False" />
            <line number="165" hits="0" branch="False" />
            <line number="167" hits="10" branch="False" />
            <line number="168" hits="10" branch="False" />
          </lines>
        </class>
        <class name="GetFitterGetBigger.API.Controllers.ReferenceTablesBaseController/&lt;InvalidateTableCacheAsync&gt;d__11" filename="GetFitterGetBigger.API/Controllers/ReferenceTablesBaseController.cs" line-rate="0" branch-rate="1" complexity="1">
          <methods>
            <method name="MoveNext" signature="()" line-rate="0" branch-rate="1" complexity="1">
              <lines>
                <line number="174" hits="0" branch="False" />
                <line number="175" hits="0" branch="False" />
                <line number="176" hits="0" branch="False" />
                <line number="177" hits="0" branch="False" />
                <line number="178" hits="0" branch="False" />
                <line number="179" hits="0" branch="False" />
              </lines>
            </method>
          </methods>
          <lines>
            <line number="174" hits="0" branch="False" />
            <line number="175" hits="0" branch="False" />
            <line number="176" hits="0" branch="False" />
            <line number="177" hits="0" branch="False" />
            <line number="178" hits="0" branch="False" />
            <line number="179" hits="0" branch="False" />
          </lines>
        </class>
        <class name="GetFitterGetBigger.API.Configuration.CacheConfiguration" filename="GetFitterGetBigger.API/Configuration/CacheConfiguration.cs" line-rate="0.909" branch-rate="0.75" complexity="6">
          <methods>
            <method name="get_StaticTables" signature="()" line-rate="1" branch-rate="1" complexity="1">
              <lines>
                <line number="11" hits="208" branch="False" />
              </lines>
            </method>
            <method name="get_DynamicTables" signature="()" line-rate="1" branch-rate="1" complexity="1">
              <lines>
                <line number="16" hits="133" branch="False" />
              </lines>
            </method>
            <method name="GetCacheDuration" signature="(System.String)" line-rate="0.8887999999999999" branch-rate="0.75" complexity="4">
              <lines>
                <line number="24" hits="108" branch="False" />
                <line number="25" hits="108" branch="True" condition-coverage="100% (2/2)">
                  <conditions>
                    <condition number="20" type="jump" coverage="100%" />
                  </conditions>
                </line>
                <line number="26" hits="61" branch="False" />
                <line number="27" hits="61" branch="False" />
                <line number="30" hits="47" branch="True" condition-coverage="50% (1/2)">
                  <conditions>
                    <condition number="61" type="jump" coverage="50%" />
                  </conditions>
                </line>
                <line number="31" hits="47" branch="False" />
                <line number="32" hits="47" branch="False" />
                <line number="36" hits="0" branch="False" />
                <line number="37" hits="108" branch="False" />
              </lines>
            </method>
          </methods>
          <lines>
            <line number="11" hits="208" branch="False" />
            <line number="16" hits="133" branch="False" />
            <line number="24" hits="108" branch="False" />
            <line number="25" hits="108" branch="True" condition-coverage="100% (2/2)">
              <conditions>
                <condition number="20" type="jump" coverage="100%" />
              </conditions>
            </line>
            <line number="26" hits="61" branch="False" />
            <line number="27" hits="61" branch="False" />
            <line number="30" hits="47" branch="True" condition-coverage="50% (1/2)">
              <conditions>
                <condition number="61" type="jump" coverage="50%" />
              </conditions>
            </line>
            <line number="31" hits="47" branch="False" />
            <line number="32" hits="47" branch="False" />
            <line number="36" hits="0" branch="False" />
            <line number="37" hits="108" branch="False" />
          </lines>
        </class>
        <class name="GetFitterGetBigger.API.Configuration.TableCacheConfiguration" filename="GetFitterGetBigger.API/Configuration/CacheConfiguration.cs" line-rate="1" branch-rate="1" complexity="2">
          <methods>
            <method name="get_DurationInHours" signature="()" line-rate="1" branch-rate="1" complexity="1">
              <lines>
                <line number="48" hits="136" branch="False" />
              </lines>
            </method>
            <method name="get_Tables" signature="()" line-rate="1" branch-rate="1" complexity="1">
              <lines>
                <line number="53" hits="239" branch="False" />
              </lines>
            </method>
          </methods>
          <lines>
            <line number="48" hits="136" branch="False" />
            <line number="53" hits="239" branch="False" />
          </lines>
        </class>
        <class name="GetFitterGetBigger.API.Attributes.ConditionalRequiredMuscleGroupsAttribute" filename="GetFitterGetBigger.API/Attributes/ConditionalRequiredMuscleGroupsAttribute.cs" line-rate="0.826" branch-rate="0.7082999999999999" complexity="25">
          <methods>
            <method name="IsValid" signature="(System.Object)" line-rate="0" branch-rate="0" complexity="4">
              <lines>
                <line number="21" hits="0" branch="False" />
                <line number="23" hits="0" branch="True" condition-coverage="0% (0/2)">
                  <conditions>
                    <condition number="7" type="jump" coverage="0%" />
                  </conditions>
                </line>
                <line number="24" hits="0" branch="False" />
                <line number="27" hits="0" branch="True" condition-coverage="0% (0/2)">
                  <conditions>
                    <condition number="29" type="jump" coverage="0%" />
                  </conditions>
                </line>
                <line number="28" hits="0" branch="False" />
                <line number="32" hits="0" branch="False" />
                <line number="33" hits="0" branch="False" />
              </lines>
            </method>
            <method name="IsValid" signature="(System.Object,System.ComponentModel.DataAnnotations.ValidationContext)" line-rate="1" branch-rate="0.8571" complexity="14">
              <lines>
                <line number="36" hits="18" branch="False" />
                <line number="38" hits="18" branch="True" condition-coverage="100% (2/2)">
                  <conditions>
                    <condition number="19" type="jump" coverage="100%" />
                  </conditions>
                </line>
                <line number="39" hits="1" branch="False" />
                <line number="40" hits="1" branch="False" />
                <line number="44" hits="17" branch="False" />
                <line number="45" hits="17" branch="False" />
                <line number="48" hits="17" branch="True" condition-coverage="100% (4/4)">
                  <conditions>
                    <condition number="66" type="jump" coverage="100%" />
                    <condition number="79" type="jump" coverage="100%" />
                  </conditions>
                </line>
                <line number="51" hits="14" branch="False" />
                <line number="52" hits="14" branch="False" />
                <line number="54" hits="2" branch="False" />
                <line number="55" hits="2" branch="False" />
                <line number="57" hits="1" branch="False" />
                <line number="61" hits="16" branch="False" />
                <line number="64" hits="16" branch="True" condition-coverage="100% (2/2)">
                  <conditions>
                    <condition number="133" type="jump" coverage="100%" />
                  </conditions>
                </line>
                <line number="65" hits="7" branch="False" />
                <line number="66" hits="7" branch="False" />
                <line number="70" hits="9" branch="True" condition-coverage="75% (3/4)">
                  <conditions>
                    <condition number="146" type="jump" coverage="50%" />
                    <condition number="164" type="jump" coverage="100%" />
                  </conditions>
                </line>
                <line number="71" hits="8" branch="False" />
                <line number="72" hits="8" branch="True" condition-coverage="50% (1/2)">
                  <conditions>
                    <condition number="174" type="jump" coverage="50%" />
                  </conditions>
                </line>
                <line number="75" hits="1" branch="False" />
                <line number="76" hits="18" branch="False" />
              </lines>
            </method>
            <method name="IsRestExercise" signature="(System.Collections.Generic.List`1&lt;System.String&gt;)" line-rate="0.9285" branch-rate="0.8332999999999999" complexity="6">
              <lines>
                <line number="85" hits="16" branch="False" />
                <line number="86" hits="16" branch="True" condition-coverage="100% (4/4)">
                  <conditions>
                    <condition number="2" type="jump" coverage="100%" />
                    <condition number="18" type="jump" coverage="100%" />
                  </conditions>
                </line>
                <line number="87" hits="2" branch="False" />
                <line number="89" hits="14" branch="False" />
                <line number="90" hits="14" branch="False" />
                <line number="91" hits="14" branch="True" condition-coverage="50% (1/2)">
                  <conditions>
                    <condition number="9" type="jump" coverage="50%" />
                  </conditions>
                </line>
                <line number="92" hits="0" branch="False" />
                <line number="93" hits="14" branch="False" />
                <line number="94" hits="14" branch="False" />
                <line number="95" hits="14" branch="False" />
                <line number="96" hits="14" branch="False" />
                <line number="97" hits="14" branch="False" />
                <line number="98" hits="28" branch="False" />
                <line number="99" hits="16" branch="False" />
              </lines>
            </method>
            <method name=".ctor" signature="()" line-rate="1" branch-rate="1" complexity="1">
              <lines>
                <line number="15" hits="18" branch="False" />
                <line number="16" hits="18" branch="False" />
                <line number="17" hits="18" branch="False" />
                <line number="18" hits="18" branch="False" />
              </lines>
            </method>
          </methods>
          <lines>
            <line number="21" hits="0" branch="False" />
            <line number="23" hits="0" branch="True" condition-coverage="0% (0/2)">
              <conditions>
                <condition number="7" type="jump" coverage="0%" />
              </conditions>
            </line>
            <line number="24" hits="0" branch="False" />
            <line number="27" hits="0" branch="True" condition-coverage="0% (0/2)">
              <conditions>
                <condition number="29" type="jump" coverage="0%" />
              </conditions>
            </line>
            <line number="28" hits="0" branch="False" />
            <line number="32" hits="0" branch="False" />
            <line number="33" hits="0" branch="False" />
            <line number="36" hits="18" branch="False" />
            <line number="38" hits="18" branch="True" condition-coverage="100% (2/2)">
              <conditions>
                <condition number="19" type="jump" coverage="100%" />
              </conditions>
            </line>
            <line number="39" hits="1" branch="False" />
            <line number="40" hits="1" branch="False" />
            <line number="44" hits="17" branch="False" />
            <line number="45" hits="17" branch="False" />
            <line number="48" hits="17" branch="True" condition-coverage="100% (4/4)">
              <conditions>
                <condition number="66" type="jump" coverage="100%" />
                <condition number="79" type="jump" coverage="100%" />
              </conditions>
            </line>
            <line number="51" hits="14" branch="False" />
            <line number="52" hits="14" branch="False" />
            <line number="54" hits="2" branch="False" />
            <line number="55" hits="2" branch="False" />
            <line number="57" hits="1" branch="False" />
            <line number="61" hits="16" branch="False" />
            <line number="64" hits="16" branch="True" condition-coverage="100% (2/2)">
              <conditions>
                <condition number="133" type="jump" coverage="100%" />
              </conditions>
            </line>
            <line number="65" hits="7" branch="False" />
            <line number="66" hits="7" branch="False" />
            <line number="70" hits="9" branch="True" condition-coverage="75% (3/4)">
              <conditions>
                <condition number="146" type="jump" coverage="50%" />
                <condition number="164" type="jump" coverage="100%" />
              </conditions>
            </line>
            <line number="71" hits="8" branch="False" />
            <line number="72" hits="8" branch="True" condition-coverage="50% (1/2)">
              <conditions>
                <condition number="174" type="jump" coverage="50%" />
              </conditions>
            </line>
            <line number="75" hits="1" branch="False" />
            <line number="76" hits="18" branch="False" />
            <line number="85" hits="16" branch="False" />
            <line number="86" hits="16" branch="True" condition-coverage="100% (4/4)">
              <conditions>
                <condition number="2" type="jump" coverage="100%" />
                <condition number="18" type="jump" coverage="100%" />
              </conditions>
            </line>
            <line number="87" hits="2" branch="False" />
            <line number="89" hits="14" branch="False" />
            <line number="90" hits="14" branch="False" />
            <line number="91" hits="14" branch="True" condition-coverage="50% (1/2)">
              <conditions>
                <condition number="9" type="jump" coverage="50%" />
              </conditions>
            </line>
            <line number="92" hits="0" branch="False" />
            <line number="93" hits="14" branch="False" />
            <line number="94" hits="14" branch="False" />
            <line number="95" hits="14" branch="False" />
            <line number="96" hits="14" branch="False" />
            <line number="97" hits="14" branch="False" />
            <line number="98" hits="28" branch="False" />
            <line number="99" hits="16" branch="False" />
            <line number="15" hits="18" branch="False" />
            <line number="16" hits="18" branch="False" />
            <line number="17" hits="18" branch="False" />
            <line number="18" hits="18" branch="False" />
          </lines>
        </class>
      </classes>
    </package>
  </packages>
</coverage>