<?xml version="1.0" encoding="utf-8"?>
<coverage line-rate="0.818" branch-rate="0.5518" version="1.9" timestamp="1750981445" lines-covered="1852" lines-valid="2264" branches-covered="245" branches-valid="444">
  <sources>
    <source>/home/esqueleto/myWork/GetFitterGetBigger/GetFitterGetBigger.API/</source>
  </sources>
  <packages>
    <package name="Olimpo.EntityFramework.Persistency" line-rate="0.9272" branch-rate="0.6428" complexity="24">
      <classes>
        <class name="Olimpo.EntityFramework.Persistency.ReadOnlyUnitOfWork`1" filename="Olimpo.EntityFramework.Persistency/ReadOnlyUnitOfWork.cs" line-rate="1" branch-rate="0.75" complexity="6">
          <methods>
            <method name="get_Context" signature="()" line-rate="1" branch-rate="1" complexity="1">
              <lines>
                <line number="11" hits="123" branch="False" />
              </lines>
            </method>
            <method name="GetRepository" signature="()" line-rate="1" branch-rate="1" complexity="2">
              <lines>
                <line number="25" hits="41" branch="False" />
                <line number="26" hits="41" branch="False" />
                <line number="28" hits="41" branch="True" condition-coverage="100% (2/2)">
                  <conditions>
                    <condition number="36" type="jump" coverage="100%" />
                  </conditions>
                </line>
                <line number="29" hits="41" branch="False" />
                <line number="30" hits="41" branch="False" />
                <line number="31" hits="41" branch="False" />
                <line number="33" hits="41" branch="False" />
                <line number="34" hits="41" branch="False" />
              </lines>
            </method>
            <method name="Dispose" signature="()" line-rate="1" branch-rate="0.5" complexity="2">
              <lines>
                <line number="37" hits="41" branch="False" />
                <line number="38" hits="41" branch="True" condition-coverage="50% (1/2)">
                  <conditions>
                    <condition number="8" type="jump" coverage="50%" />
                  </conditions>
                </line>
                <line number="39" hits="41" branch="False" />
              </lines>
            </method>
            <method name=".ctor" signature="(System.IServiceProvider)" line-rate="1" branch-rate="1" complexity="1">
              <lines>
                <line number="13" hits="41" branch="False" />
                <line number="14" hits="41" branch="False" />
                <line number="15" hits="41" branch="False" />
                <line number="16" hits="41" branch="False" />
                <line number="19" hits="41" branch="False" />
                <line number="20" hits="41" branch="False" />
                <line number="21" hits="41" branch="False" />
              </lines>
            </method>
          </methods>
          <lines>
            <line number="11" hits="123" branch="False" />
            <line number="25" hits="41" branch="False" />
            <line number="26" hits="41" branch="False" />
            <line number="28" hits="41" branch="True" condition-coverage="100% (2/2)">
              <conditions>
                <condition number="36" type="jump" coverage="100%" />
              </conditions>
            </line>
            <line number="29" hits="41" branch="False" />
            <line number="30" hits="41" branch="False" />
            <line number="31" hits="41" branch="False" />
            <line number="33" hits="41" branch="False" />
            <line number="34" hits="41" branch="False" />
            <line number="37" hits="41" branch="False" />
            <line number="38" hits="41" branch="True" condition-coverage="50% (1/2)">
              <conditions>
                <condition number="8" type="jump" coverage="50%" />
              </conditions>
            </line>
            <line number="39" hits="41" branch="False" />
            <line number="13" hits="41" branch="False" />
            <line number="14" hits="41" branch="False" />
            <line number="15" hits="41" branch="False" />
            <line number="16" hits="41" branch="False" />
            <line number="19" hits="41" branch="False" />
            <line number="20" hits="41" branch="False" />
            <line number="21" hits="41" branch="False" />
          </lines>
        </class>
        <class name="Olimpo.EntityFramework.Persistency.RepositoryBase`1" filename="Olimpo.EntityFramework.Persistency/RepositoryBase.cs" line-rate="1" branch-rate="0.5" complexity="3">
          <methods>
            <method name="get_Context" signature="()" line-rate="1" branch-rate="1" complexity="1">
              <lines>
                <line number="8" hits="154" branch="False" />
              </lines>
            </method>
            <method name="SetContext" signature="(TContext)" line-rate="1" branch-rate="0.5" complexity="2">
              <lines>
                <line number="11" hits="71" branch="False" />
                <line number="12" hits="71" branch="True" condition-coverage="50% (1/2)">
                  <conditions>
                    <condition number="9" type="jump" coverage="50%" />
                  </conditions>
                </line>
                <line number="13" hits="71" branch="False" />
              </lines>
            </method>
          </methods>
          <lines>
            <line number="8" hits="154" branch="False" />
            <line number="11" hits="71" branch="False" />
            <line number="12" hits="71" branch="True" condition-coverage="50% (1/2)">
              <conditions>
                <condition number="9" type="jump" coverage="50%" />
              </conditions>
            </line>
            <line number="13" hits="71" branch="False" />
          </lines>
        </class>
        <class name="Olimpo.EntityFramework.Persistency.UnitOfWorkProvider`1" filename="Olimpo.EntityFramework.Persistency/UnitOfWorkProvider.cs" line-rate="1" branch-rate="1" complexity="3">
          <methods>
            <method name="CreateReadOnly" signature="()" line-rate="1" branch-rate="1" complexity="1">
              <lines>
                <line number="11" hits="41" branch="False" />
              </lines>
            </method>
            <method name="CreateWritable" signature="()" line-rate="1" branch-rate="1" complexity="1">
              <lines>
                <line number="14" hits="4" branch="False" />
              </lines>
            </method>
            <method name=".ctor" signature="(System.IServiceProvider)" line-rate="1" branch-rate="1" complexity="1">
              <lines>
                <line number="5" hits="112" branch="False" />
                <line number="8" hits="112" branch="False" />
              </lines>
            </method>
          </methods>
          <lines>
            <line number="11" hits="41" branch="False" />
            <line number="14" hits="4" branch="False" />
            <line number="5" hits="112" branch="False" />
            <line number="8" hits="112" branch="False" />
          </lines>
        </class>
        <class name="Olimpo.EntityFramework.Persistency.WritableUnitOfWork`1" filename="Olimpo.EntityFramework.Persistency/WritableUnitOfWork.cs" line-rate="1" branch-rate="0.625" complexity="10">
          <methods>
            <method name="get_Context" signature="()" line-rate="1" branch-rate="1" complexity="1">
              <lines>
                <line number="13" hits="14" branch="False" />
              </lines>
            </method>
            <method name="GetRepository" signature="()" line-rate="1" branch-rate="1" complexity="2">
              <lines>
                <line number="24" hits="4" branch="False" />
                <line number="25" hits="4" branch="False" />
                <line number="27" hits="4" branch="True" condition-coverage="100% (2/2)">
                  <conditions>
                    <condition number="36" type="jump" coverage="100%" />
                  </conditions>
                </line>
                <line number="28" hits="4" branch="False" />
                <line number="29" hits="4" branch="False" />
                <line number="30" hits="4" branch="False" />
                <line number="32" hits="4" branch="False" />
                <line number="33" hits="4" branch="False" />
              </lines>
            </method>
            <method name="Dispose" signature="()" line-rate="1" branch-rate="0.5" complexity="6">
              <lines>
                <line number="48" hits="4" branch="False" />
                <line number="49" hits="4" branch="True" condition-coverage="50% (1/2)">
                  <conditions>
                    <condition number="8" type="jump" coverage="50%" />
                  </conditions>
                </line>
                <line number="50" hits="4" branch="True" condition-coverage="50% (1/2)">
                  <conditions>
                    <condition number="31" type="jump" coverage="50%" />
                  </conditions>
                </line>
                <line number="51" hits="4" branch="True" condition-coverage="50% (1/2)">
                  <conditions>
                    <condition number="49" type="jump" coverage="50%" />
                  </conditions>
                </line>
                <line number="52" hits="4" branch="False" />
              </lines>
            </method>
            <method name=".ctor" signature="(System.IServiceProvider)" line-rate="1" branch-rate="1" complexity="1">
              <lines>
                <line number="15" hits="4" branch="False" />
                <line number="16" hits="4" branch="False" />
                <line number="17" hits="4" branch="False" />
                <line number="18" hits="4" branch="False" />
                <line number="19" hits="4" branch="False" />
                <line number="20" hits="4" branch="False" />
              </lines>
            </method>
          </methods>
          <lines>
            <line number="13" hits="14" branch="False" />
            <line number="24" hits="4" branch="False" />
            <line number="25" hits="4" branch="False" />
            <line number="27" hits="4" branch="True" condition-coverage="100% (2/2)">
              <conditions>
                <condition number="36" type="jump" coverage="100%" />
              </conditions>
            </line>
            <line number="28" hits="4" branch="False" />
            <line number="29" hits="4" branch="False" />
            <line number="30" hits="4" branch="False" />
            <line number="32" hits="4" branch="False" />
            <line number="33" hits="4" branch="False" />
            <line number="48" hits="4" branch="False" />
            <line number="49" hits="4" branch="True" condition-coverage="50% (1/2)">
              <conditions>
                <condition number="8" type="jump" coverage="50%" />
              </conditions>
            </line>
            <line number="50" hits="4" branch="True" condition-coverage="50% (1/2)">
              <conditions>
                <condition number="31" type="jump" coverage="50%" />
              </conditions>
            </line>
            <line number="51" hits="4" branch="True" condition-coverage="50% (1/2)">
              <conditions>
                <condition number="49" type="jump" coverage="50%" />
              </conditions>
            </line>
            <line number="52" hits="4" branch="False" />
            <line number="15" hits="4" branch="False" />
            <line number="16" hits="4" branch="False" />
            <line number="17" hits="4" branch="False" />
            <line number="18" hits="4" branch="False" />
            <line number="19" hits="4" branch="False" />
            <line number="20" hits="4" branch="False" />
          </lines>
        </class>
        <class name="Olimpo.EntityFramework.Persistency.WritableUnitOfWork`1/&lt;CommitAsync&gt;d__7" filename="Olimpo.EntityFramework.Persistency/WritableUnitOfWork.cs" line-rate="1" branch-rate="1" complexity="1">
          <methods>
            <method name="MoveNext" signature="()" line-rate="1" branch-rate="1" complexity="1">
              <lines>
                <line number="36" hits="2" branch="False" />
                <line number="37" hits="2" branch="False" />
                <line number="38" hits="2" branch="False" />
                <line number="39" hits="2" branch="False" />
              </lines>
            </method>
          </methods>
          <lines>
            <line number="36" hits="2" branch="False" />
            <line number="37" hits="2" branch="False" />
            <line number="38" hits="2" branch="False" />
            <line number="39" hits="2" branch="False" />
          </lines>
        </class>
        <class name="Olimpo.EntityFramework.Persistency.WritableUnitOfWork`1/&lt;RollbackAsync&gt;d__8" filename="Olimpo.EntityFramework.Persistency/WritableUnitOfWork.cs" line-rate="0" branch-rate="1" complexity="1">
          <methods>
            <method name="MoveNext" signature="()" line-rate="0" branch-rate="1" complexity="1">
              <lines>
                <line number="42" hits="0" branch="False" />
                <line number="43" hits="0" branch="False" />
                <line number="44" hits="0" branch="False" />
                <line number="45" hits="0" branch="False" />
              </lines>
            </method>
          </methods>
          <lines>
            <line number="42" hits="0" branch="False" />
            <line number="43" hits="0" branch="False" />
            <line number="44" hits="0" branch="False" />
            <line number="45" hits="0" branch="False" />
          </lines>
        </class>
      </classes>
    </package>
    <package name="GetFitterGetBigger.API" line-rate="0.8153" branch-rate="0.5488000000000001" complexity="687">
      <classes>
        <class name="Program" filename="GetFitterGetBigger.API/Program.cs" line-rate="0.581" branch-rate="0.3333" complexity="6">
          <methods>
            <method name="&lt;Main&gt;$" signature="(System.String[])" line-rate="0.581" branch-rate="0.3333" complexity="6">
              <lines>
                <line number="17" hits="12" branch="False" />
                <line number="21" hits="12" branch="False" />
                <line number="24" hits="12" branch="False" />
                <line number="25" hits="12" branch="False" />
                <line number="28" hits="12" branch="False" />
                <line number="31" hits="12" branch="False" />
                <line number="32" hits="12" branch="False" />
                <line number="33" hits="12" branch="False" />
                <line number="34" hits="12" branch="False" />
                <line number="35" hits="12" branch="False" />
                <line number="36" hits="12" branch="False" />
                <line number="37" hits="24" branch="False" />
                <line number="40" hits="12" branch="True" condition-coverage="50% (1/2)">
                  <conditions>
                    <condition number="166" type="jump" coverage="50%" />
                  </conditions>
                </line>
                <line number="41" hits="12" branch="False" />
                <line number="43" hits="12" branch="False" />
                <line number="45" hits="0" branch="False" />
                <line number="46" hits="0" branch="False" />
                <line number="47" hits="0" branch="False" />
                <line number="48" hits="0" branch="False" />
                <line number="51" hits="12" branch="False" />
                <line number="54" hits="12" branch="False" />
                <line number="55" hits="12" branch="False" />
                <line number="56" hits="12" branch="False" />
                <line number="57" hits="12" branch="False" />
                <line number="58" hits="12" branch="False" />
                <line number="59" hits="12" branch="False" />
                <line number="60" hits="12" branch="False" />
                <line number="61" hits="12" branch="False" />
                <line number="62" hits="12" branch="False" />
                <line number="63" hits="12" branch="False" />
                <line number="64" hits="12" branch="False" />
                <line number="67" hits="12" branch="False" />
                <line number="70" hits="12" branch="False" />
                <line number="71" hits="12" branch="False" />
                <line number="74" hits="12" branch="False" />
                <line number="78" hits="12" branch="False" />
                <line number="79" hits="0" branch="False" />
                <line number="80" hits="0" branch="False" />
                <line number="81" hits="0" branch="False" />
                <line number="82" hits="0" branch="False" />
                <line number="83" hits="0" branch="False" />
                <line number="84" hits="0" branch="False" />
                <line number="85" hits="0" branch="False" />
                <line number="86" hits="12" branch="False" />
                <line number="87" hits="12" branch="False" />
                <line number="88" hits="0" branch="False" />
                <line number="89" hits="12" branch="False" />
                <line number="90" hits="12" branch="False" />
                <line number="91" hits="0" branch="False" />
                <line number="92" hits="12" branch="False" />
                <line number="93" hits="12" branch="False" />
                <line number="94" hits="0" branch="False" />
                <line number="95" hits="0" branch="False" />
                <line number="96" hits="0" branch="True" condition-coverage="0% (0/2)">
                  <conditions>
                    <condition number="124" type="jump" coverage="0%" />
                  </conditions>
                </line>
                <line number="97" hits="0" branch="False" />
                <line number="98" hits="0" branch="False" />
                <line number="99" hits="0" branch="False" />
                <line number="100" hits="12" branch="False" />
                <line number="102" hits="12" branch="False" />
                <line number="105" hits="12" branch="True" condition-coverage="50% (1/2)">
                  <conditions>
                    <condition number="550" type="jump" coverage="50%" />
                  </conditions>
                </line>
                <line number="106" hits="0" branch="False" />
                <line number="108" hits="0" branch="False" />
                <line number="109" hits="0" branch="False" />
                <line number="110" hits="0" branch="False" />
                <line number="111" hits="0" branch="False" />
                <line number="112" hits="0" branch="False" />
                <line number="113" hits="0" branch="False" />
                <line number="114" hits="0" branch="False" />
                <line number="115" hits="0" branch="False" />
                <line number="116" hits="0" branch="False" />
                <line number="117" hits="0" branch="False" />
                <line number="118" hits="0" branch="False" />
                <line number="121" hits="12" branch="False" />
                <line number="123" hits="12" branch="False" />
              </lines>
            </method>
          </methods>
          <lines>
            <line number="17" hits="12" branch="False" />
            <line number="21" hits="12" branch="False" />
            <line number="24" hits="12" branch="False" />
            <line number="25" hits="12" branch="False" />
            <line number="28" hits="12" branch="False" />
            <line number="31" hits="12" branch="False" />
            <line number="32" hits="12" branch="False" />
            <line number="33" hits="12" branch="False" />
            <line number="34" hits="12" branch="False" />
            <line number="35" hits="12" branch="False" />
            <line number="36" hits="12" branch="False" />
            <line number="37" hits="24" branch="False" />
            <line number="40" hits="12" branch="True" condition-coverage="50% (1/2)">
              <conditions>
                <condition number="166" type="jump" coverage="50%" />
              </conditions>
            </line>
            <line number="41" hits="12" branch="False" />
            <line number="43" hits="12" branch="False" />
            <line number="45" hits="0" branch="False" />
            <line number="46" hits="0" branch="False" />
            <line number="47" hits="0" branch="False" />
            <line number="48" hits="0" branch="False" />
            <line number="51" hits="12" branch="False" />
            <line number="54" hits="12" branch="False" />
            <line number="55" hits="12" branch="False" />
            <line number="56" hits="12" branch="False" />
            <line number="57" hits="12" branch="False" />
            <line number="58" hits="12" branch="False" />
            <line number="59" hits="12" branch="False" />
            <line number="60" hits="12" branch="False" />
            <line number="61" hits="12" branch="False" />
            <line number="62" hits="12" branch="False" />
            <line number="63" hits="12" branch="False" />
            <line number="64" hits="12" branch="False" />
            <line number="67" hits="12" branch="False" />
            <line number="70" hits="12" branch="False" />
            <line number="71" hits="12" branch="False" />
            <line number="74" hits="12" branch="False" />
            <line number="78" hits="12" branch="False" />
            <line number="79" hits="0" branch="False" />
            <line number="80" hits="0" branch="False" />
            <line number="81" hits="0" branch="False" />
            <line number="82" hits="0" branch="False" />
            <line number="83" hits="0" branch="False" />
            <line number="84" hits="0" branch="False" />
            <line number="85" hits="0" branch="False" />
            <line number="86" hits="12" branch="False" />
            <line number="87" hits="12" branch="False" />
            <line number="88" hits="0" branch="False" />
            <line number="89" hits="12" branch="False" />
            <line number="90" hits="12" branch="False" />
            <line number="91" hits="0" branch="False" />
            <line number="92" hits="12" branch="False" />
            <line number="93" hits="12" branch="False" />
            <line number="94" hits="0" branch="False" />
            <line number="95" hits="0" branch="False" />
            <line number="96" hits="0" branch="True" condition-coverage="0% (0/2)">
              <conditions>
                <condition number="124" type="jump" coverage="0%" />
              </conditions>
            </line>
            <line number="97" hits="0" branch="False" />
            <line number="98" hits="0" branch="False" />
            <line number="99" hits="0" branch="False" />
            <line number="100" hits="12" branch="False" />
            <line number="102" hits="12" branch="False" />
            <line number="105" hits="12" branch="True" condition-coverage="50% (1/2)">
              <conditions>
                <condition number="550" type="jump" coverage="50%" />
              </conditions>
            </line>
            <line number="106" hits="0" branch="False" />
            <line number="108" hits="0" branch="False" />
            <line number="109" hits="0" branch="False" />
            <line number="110" hits="0" branch="False" />
            <line number="111" hits="0" branch="False" />
            <line number="112" hits="0" branch="False" />
            <line number="113" hits="0" branch="False" />
            <line number="114" hits="0" branch="False" />
            <line number="115" hits="0" branch="False" />
            <line number="116" hits="0" branch="False" />
            <line number="117" hits="0" branch="False" />
            <line number="118" hits="0" branch="False" />
            <line number="121" hits="12" branch="False" />
            <line number="123" hits="12" branch="False" />
          </lines>
        </class>
        <class name="GetFitterGetBigger.API.Utilities.CacheKeyGenerator" filename="GetFitterGetBigger.API/Utilities/CacheKeyGenerator.cs" line-rate="1" branch-rate="1" complexity="7">
          <methods>
            <method name="GetAllKey" signature="(System.String)" line-rate="1" branch-rate="1" complexity="1">
              <lines>
                <line number="16" hits="81" branch="False" />
                <line number="17" hits="81" branch="False" />
                <line number="18" hits="81" branch="False" />
              </lines>
            </method>
            <method name="GetByIdKey" signature="(System.String,System.String)" line-rate="1" branch-rate="1" complexity="1">
              <lines>
                <line number="27" hits="18" branch="False" />
                <line number="28" hits="18" branch="False" />
                <line number="29" hits="18" branch="False" />
              </lines>
            </method>
            <method name="GetByValueKey" signature="(System.String,System.String)" line-rate="1" branch-rate="1" complexity="4">
              <lines>
                <line number="38" hits="22" branch="False" />
                <line number="40" hits="22" branch="True" condition-coverage="100% (4/4)">
                  <conditions>
                    <condition number="2" type="jump" coverage="100%" />
                    <condition number="14" type="jump" coverage="100%" />
                  </conditions>
                </line>
                <line number="41" hits="22" branch="False" />
                <line number="42" hits="22" branch="False" />
              </lines>
            </method>
            <method name="GetTablePattern" signature="(System.String)" line-rate="1" branch-rate="1" complexity="1">
              <lines>
                <line number="50" hits="9" branch="False" />
                <line number="51" hits="9" branch="False" />
                <line number="52" hits="9" branch="False" />
              </lines>
            </method>
          </methods>
          <lines>
            <line number="16" hits="81" branch="False" />
            <line number="17" hits="81" branch="False" />
            <line number="18" hits="81" branch="False" />
            <line number="27" hits="18" branch="False" />
            <line number="28" hits="18" branch="False" />
            <line number="29" hits="18" branch="False" />
            <line number="38" hits="22" branch="False" />
            <line number="40" hits="22" branch="True" condition-coverage="100% (4/4)">
              <conditions>
                <condition number="2" type="jump" coverage="100%" />
                <condition number="14" type="jump" coverage="100%" />
              </conditions>
            </line>
            <line number="41" hits="22" branch="False" />
            <line number="42" hits="22" branch="False" />
            <line number="50" hits="9" branch="False" />
            <line number="51" hits="9" branch="False" />
            <line number="52" hits="9" branch="False" />
          </lines>
        </class>
        <class name="GetFitterGetBigger.API.Services.Implementations.AuthService" filename="GetFitterGetBigger.API/Services/Implementations/AuthService.cs" line-rate="1" branch-rate="1" complexity="1">
          <methods>
            <method name=".ctor" signature="(GetFitterGetBigger.API.Services.Interfaces.IJwtService,Olimpo.EntityFramework.Persistency.IUnitOfWorkProvider`1&lt;GetFitterGetBigger.API.Models.FitnessDbContext&gt;)" line-rate="1" branch-rate="1" complexity="1">
              <lines>
                <line number="18" hits="10" branch="False" />
                <line number="19" hits="10" branch="False" />
                <line number="20" hits="10" branch="False" />
                <line number="21" hits="10" branch="False" />
                <line number="22" hits="10" branch="False" />
                <line number="23" hits="10" branch="False" />
                <line number="24" hits="10" branch="False" />
              </lines>
            </method>
          </methods>
          <lines>
            <line number="18" hits="10" branch="False" />
            <line number="19" hits="10" branch="False" />
            <line number="20" hits="10" branch="False" />
            <line number="21" hits="10" branch="False" />
            <line number="22" hits="10" branch="False" />
            <line number="23" hits="10" branch="False" />
            <line number="24" hits="10" branch="False" />
          </lines>
        </class>
        <class name="GetFitterGetBigger.API.Services.Implementations.AuthService/&lt;&gt;c" filename="GetFitterGetBigger.API/Services/Implementations/AuthService.cs" line-rate="1" branch-rate="0.75" complexity="5">
          <methods>
            <method name="&lt;AuthenticateAsync&gt;b__3_0" signature="(GetFitterGetBigger.API.Models.Entities.Claim)" line-rate="1" branch-rate="0.75" complexity="4">
              <lines>
                <line number="52" hits="6" branch="True" condition-coverage="75% (3/4)">
                  <conditions>
                    <condition number="14" type="jump" coverage="100%" />
                    <condition number="36" type="jump" coverage="50%" />
                  </conditions>
                </line>
              </lines>
            </method>
            <method name="&lt;AuthenticateAsync&gt;b__3_1" signature="(GetFitterGetBigger.API.Models.Entities.Claim)" line-rate="1" branch-rate="1" complexity="1">
              <lines>
                <line number="53" hits="5" branch="False" />
              </lines>
            </method>
          </methods>
          <lines>
            <line number="52" hits="6" branch="True" condition-coverage="75% (3/4)">
              <conditions>
                <condition number="14" type="jump" coverage="100%" />
                <condition number="36" type="jump" coverage="50%" />
              </conditions>
            </line>
            <line number="53" hits="5" branch="False" />
          </lines>
        </class>
        <class name="GetFitterGetBigger.API.Services.Implementations.AuthService/&lt;AuthenticateAsync&gt;d__3" filename="GetFitterGetBigger.API/Services/Implementations/AuthService.cs" line-rate="1" branch-rate="1" complexity="2">
          <methods>
            <method name="MoveNext" signature="()" line-rate="1" branch-rate="1" complexity="2">
              <lines>
                <line number="27" hits="10" branch="False" />
                <line number="28" hits="10" branch="False" />
                <line number="29" hits="10" branch="False" />
                <line number="30" hits="10" branch="False" />
                <line number="32" hits="10" branch="False" />
                <line number="34" hits="9" branch="True" condition-coverage="100% (2/2)">
                  <conditions>
                    <condition number="263" type="jump" coverage="100%" />
                  </conditions>
                </line>
                <line number="35" hits="5" branch="False" />
                <line number="36" hits="5" branch="False" />
                <line number="37" hits="5" branch="False" />
                <line number="39" hits="5" branch="False" />
                <line number="40" hits="5" branch="False" />
                <line number="41" hits="5" branch="False" />
                <line number="42" hits="5" branch="False" />
                <line number="43" hits="5" branch="False" />
                <line number="44" hits="5" branch="False" />
                <line number="45" hits="5" branch="False" />
                <line number="46" hits="5" branch="False" />
                <line number="47" hits="5" branch="False" />
                <line number="48" hits="5" branch="False" />
                <line number="50" hits="9" branch="False" />
                <line number="51" hits="8" branch="False" />
                <line number="54" hits="8" branch="False" />
                <line number="56" hits="7" branch="False" />
                <line number="58" hits="6" branch="False" />
                <line number="59" hits="6" branch="False" />
              </lines>
            </method>
          </methods>
          <lines>
            <line number="27" hits="10" branch="False" />
            <line number="28" hits="10" branch="False" />
            <line number="29" hits="10" branch="False" />
            <line number="30" hits="10" branch="False" />
            <line number="32" hits="10" branch="False" />
            <line number="34" hits="9" branch="True" condition-coverage="100% (2/2)">
              <conditions>
                <condition number="263" type="jump" coverage="100%" />
              </conditions>
            </line>
            <line number="35" hits="5" branch="False" />
            <line number="36" hits="5" branch="False" />
            <line number="37" hits="5" branch="False" />
            <line number="39" hits="5" branch="False" />
            <line number="40" hits="5" branch="False" />
            <line number="41" hits="5" branch="False" />
            <line number="42" hits="5" branch="False" />
            <line number="43" hits="5" branch="False" />
            <line number="44" hits="5" branch="False" />
            <line number="45" hits="5" branch="False" />
            <line number="46" hits="5" branch="False" />
            <line number="47" hits="5" branch="False" />
            <line number="48" hits="5" branch="False" />
            <line number="50" hits="9" branch="False" />
            <line number="51" hits="8" branch="False" />
            <line number="54" hits="8" branch="False" />
            <line number="56" hits="7" branch="False" />
            <line number="58" hits="6" branch="False" />
            <line number="59" hits="6" branch="False" />
          </lines>
        </class>
        <class name="GetFitterGetBigger.API.Services.Implementations.CacheService" filename="GetFitterGetBigger.API/Services/Implementations/CacheService.cs" line-rate="1" branch-rate="1" complexity="2">
          <methods>
            <method name=".ctor" signature="(Microsoft.Extensions.Caching.Memory.IMemoryCache,Microsoft.Extensions.Logging.ILogger`1&lt;GetFitterGetBigger.API.Services.Implementations.CacheService&gt;)" line-rate="1" branch-rate="1" complexity="1">
              <lines>
                <line number="16" hits="17" branch="False" />
                <line number="17" hits="17" branch="False" />
                <line number="18" hits="17" branch="False" />
                <line number="19" hits="17" branch="False" />
                <line number="20" hits="17" branch="False" />
              </lines>
            </method>
            <method name=".cctor" signature="()" line-rate="1" branch-rate="1" complexity="1">
              <lines>
                <line number="14" hits="1" branch="False" />
              </lines>
            </method>
          </methods>
          <lines>
            <line number="16" hits="17" branch="False" />
            <line number="17" hits="17" branch="False" />
            <line number="18" hits="17" branch="False" />
            <line number="19" hits="17" branch="False" />
            <line number="20" hits="17" branch="False" />
            <line number="14" hits="1" branch="False" />
          </lines>
        </class>
        <class name="GetFitterGetBigger.API.Services.Implementations.CacheService/&lt;&gt;c__5`1" filename="GetFitterGetBigger.API/Services/Implementations/CacheService.cs" line-rate="1" branch-rate="0.5" complexity="2">
          <methods>
            <method name="&lt;SetAsync&gt;b__5_0" signature="(System.Object,System.Object,Microsoft.Extensions.Caching.Memory.EvictionReason,System.Object)" line-rate="1" branch-rate="0.5" complexity="2">
              <lines>
                <line number="44" hits="3" branch="False" />
                <line number="45" hits="3" branch="True" condition-coverage="50% (1/2)">
                  <conditions>
                    <condition number="13" type="jump" coverage="50%" />
                  </conditions>
                </line>
                <line number="46" hits="29" branch="False" />
              </lines>
            </method>
          </methods>
          <lines>
            <line number="44" hits="3" branch="False" />
            <line number="45" hits="3" branch="True" condition-coverage="50% (1/2)">
              <conditions>
                <condition number="13" type="jump" coverage="50%" />
              </conditions>
            </line>
            <line number="46" hits="29" branch="False" />
          </lines>
        </class>
        <class name="GetFitterGetBigger.API.Services.Implementations.CacheService/&lt;&gt;c__DisplayClass7_0" filename="GetFitterGetBigger.API/Services/Implementations/CacheService.cs" line-rate="1" branch-rate="1" complexity="1">
          <methods>
            <method name="&lt;RemoveByPatternAsync&gt;b__0" signature="(System.String)" line-rate="1" branch-rate="1" complexity="1">
              <lines>
                <line number="79" hits="5" branch="False" />
              </lines>
            </method>
          </methods>
          <lines>
            <line number="79" hits="5" branch="False" />
          </lines>
        </class>
        <class name="GetFitterGetBigger.API.Services.Implementations.CacheService/&lt;GetAsync&gt;d__4`1" filename="GetFitterGetBigger.API/Services/Implementations/CacheService.cs" line-rate="0.5" branch-rate="1" complexity="1">
          <methods>
            <method name="MoveNext" signature="()" line-rate="0.5" branch-rate="1" complexity="1">
              <lines>
                <line number="24" hits="102" branch="False" />
                <line number="26" hits="102" branch="False" />
                <line number="27" hits="102" branch="False" />
                <line number="29" hits="0" branch="False" />
                <line number="30" hits="0" branch="False" />
                <line number="31" hits="0" branch="False" />
                <line number="32" hits="0" branch="False" />
                <line number="34" hits="102" branch="False" />
              </lines>
            </method>
          </methods>
          <lines>
            <line number="24" hits="102" branch="False" />
            <line number="26" hits="102" branch="False" />
            <line number="27" hits="102" branch="False" />
            <line number="29" hits="0" branch="False" />
            <line number="30" hits="0" branch="False" />
            <line number="31" hits="0" branch="False" />
            <line number="32" hits="0" branch="False" />
            <line number="34" hits="102" branch="False" />
          </lines>
        </class>
        <class name="GetFitterGetBigger.API.Services.Implementations.CacheService/&lt;GetOrCreateAsync&gt;d__8`1" filename="GetFitterGetBigger.API/Services/Implementations/CacheService.cs" line-rate="0.7894" branch-rate="1" complexity="4">
          <methods>
            <method name="MoveNext" signature="()" line-rate="0.7894" branch-rate="1" complexity="4">
              <lines>
                <line number="94" hits="94" branch="False" />
                <line number="96" hits="94" branch="False" />
                <line number="97" hits="94" branch="False" />
                <line number="98" hits="94" branch="True" condition-coverage="100% (2/2)">
                  <conditions>
                    <condition number="222" type="jump" coverage="100%" />
                  </conditions>
                </line>
                <line number="99" hits="57" branch="False" />
                <line number="100" hits="57" branch="False" />
                <line number="101" hits="57" branch="False" />
                <line number="104" hits="37" branch="False" />
                <line number="105" hits="37" branch="False" />
                <line number="107" hits="37" branch="True" condition-coverage="100% (2/2)">
                  <conditions>
                    <condition number="462" type="jump" coverage="100%" />
                  </conditions>
                </line>
                <line number="108" hits="19" branch="False" />
                <line number="109" hits="19" branch="False" />
                <line number="110" hits="19" branch="False" />
                <line number="112" hits="37" branch="False" />
                <line number="114" hits="0" branch="False" />
                <line number="115" hits="0" branch="False" />
                <line number="116" hits="0" branch="False" />
                <line number="118" hits="0" branch="False" />
                <line number="120" hits="94" branch="False" />
              </lines>
            </method>
          </methods>
          <lines>
            <line number="94" hits="94" branch="False" />
            <line number="96" hits="94" branch="False" />
            <line number="97" hits="94" branch="False" />
            <line number="98" hits="94" branch="True" condition-coverage="100% (2/2)">
              <conditions>
                <condition number="222" type="jump" coverage="100%" />
              </conditions>
            </line>
            <line number="99" hits="57" branch="False" />
            <line number="100" hits="57" branch="False" />
            <line number="101" hits="57" branch="False" />
            <line number="104" hits="37" branch="False" />
            <line number="105" hits="37" branch="False" />
            <line number="107" hits="37" branch="True" condition-coverage="100% (2/2)">
              <conditions>
                <condition number="462" type="jump" coverage="100%" />
              </conditions>
            </line>
            <line number="108" hits="19" branch="False" />
            <line number="109" hits="19" branch="False" />
            <line number="110" hits="19" branch="False" />
            <line number="112" hits="37" branch="False" />
            <line number="114" hits="0" branch="False" />
            <line number="115" hits="0" branch="False" />
            <line number="116" hits="0" branch="False" />
            <line number="118" hits="0" branch="False" />
            <line number="120" hits="94" branch="False" />
          </lines>
        </class>
        <class name="GetFitterGetBigger.API.Services.Implementations.CacheService/&lt;RemoveAsync&gt;d__6" filename="GetFitterGetBigger.API/Services/Implementations/CacheService.cs" line-rate="0.6363" branch-rate="1" complexity="1">
          <methods>
            <method name="MoveNext" signature="()" line-rate="0.6363" branch-rate="1" complexity="1">
              <lines>
                <line number="61" hits="3" branch="False" />
                <line number="63" hits="3" branch="False" />
                <line number="64" hits="3" branch="False" />
                <line number="65" hits="3" branch="False" />
                <line number="66" hits="3" branch="False" />
                <line number="67" hits="3" branch="False" />
                <line number="68" hits="0" branch="False" />
                <line number="69" hits="0" branch="False" />
                <line number="70" hits="0" branch="False" />
                <line number="71" hits="0" branch="False" />
                <line number="72" hits="3" branch="False" />
              </lines>
            </method>
          </methods>
          <lines>
            <line number="61" hits="3" branch="False" />
            <line number="63" hits="3" branch="False" />
            <line number="64" hits="3" branch="False" />
            <line number="65" hits="3" branch="False" />
            <line number="66" hits="3" branch="False" />
            <line number="67" hits="3" branch="False" />
            <line number="68" hits="0" branch="False" />
            <line number="69" hits="0" branch="False" />
            <line number="70" hits="0" branch="False" />
            <line number="71" hits="0" branch="False" />
            <line number="72" hits="3" branch="False" />
          </lines>
        </class>
        <class name="GetFitterGetBigger.API.Services.Implementations.CacheService/&lt;RemoveByPatternAsync&gt;d__7" filename="GetFitterGetBigger.API/Services/Implementations/CacheService.cs" line-rate="0.6666" branch-rate="1" complexity="2">
          <methods>
            <method name="MoveNext" signature="()" line-rate="0.6666" branch-rate="1" complexity="2">
              <lines>
                <line number="76" hits="1" branch="False" />
                <line number="78" hits="1" branch="False" />
                <line number="81" hits="7" branch="True" condition-coverage="100% (2/2)">
                  <conditions>
                    <condition number="270" type="jump" coverage="100%" />
                  </conditions>
                </line>
                <line number="82" hits="2" branch="False" />
                <line number="83" hits="2" branch="False" />
                <line number="84" hits="2" branch="False" />
                <line number="85" hits="1" branch="False" />
                <line number="86" hits="0" branch="False" />
                <line number="87" hits="0" branch="False" />
                <line number="88" hits="0" branch="False" />
                <line number="89" hits="0" branch="False" />
                <line number="90" hits="1" branch="False" />
              </lines>
            </method>
          </methods>
          <lines>
            <line number="76" hits="1" branch="False" />
            <line number="78" hits="1" branch="False" />
            <line number="81" hits="7" branch="True" condition-coverage="100% (2/2)">
              <conditions>
                <condition number="270" type="jump" coverage="100%" />
              </conditions>
            </line>
            <line number="82" hits="2" branch="False" />
            <line number="83" hits="2" branch="False" />
            <line number="84" hits="2" branch="False" />
            <line number="85" hits="1" branch="False" />
            <line number="86" hits="0" branch="False" />
            <line number="87" hits="0" branch="False" />
            <line number="88" hits="0" branch="False" />
            <line number="89" hits="0" branch="False" />
            <line number="90" hits="1" branch="False" />
          </lines>
        </class>
        <class name="GetFitterGetBigger.API.Services.Implementations.CacheService/&lt;SetAsync&gt;d__5`1" filename="GetFitterGetBigger.API/Services/Implementations/CacheService.cs" line-rate="0.7142000000000001" branch-rate="1" complexity="2">
          <methods>
            <method name="MoveNext" signature="()" line-rate="0.7142000000000001" branch-rate="1" complexity="2">
              <lines>
                <line number="38" hits="26" branch="False" />
                <line number="40" hits="26" branch="False" />
                <line number="41" hits="26" branch="True" condition-coverage="100% (2/2)">
                  <conditions>
                    <condition number="50" type="jump" coverage="100%" />
                  </conditions>
                </line>
                <line number="42" hits="26" branch="False" />
                <line number="43" hits="26" branch="False" />
                <line number="48" hits="26" branch="False" />
                <line number="49" hits="26" branch="False" />
                <line number="51" hits="26" branch="False" />
                <line number="52" hits="26" branch="False" />
                <line number="53" hits="0" branch="False" />
                <line number="54" hits="0" branch="False" />
                <line number="55" hits="0" branch="False" />
                <line number="56" hits="0" branch="False" />
                <line number="57" hits="26" branch="False" />
              </lines>
            </method>
          </methods>
          <lines>
            <line number="38" hits="26" branch="False" />
            <line number="40" hits="26" branch="False" />
            <line number="41" hits="26" branch="True" condition-coverage="100% (2/2)">
              <conditions>
                <condition number="50" type="jump" coverage="100%" />
              </conditions>
            </line>
            <line number="42" hits="26" branch="False" />
            <line number="43" hits="26" branch="False" />
            <line number="48" hits="26" branch="False" />
            <line number="49" hits="26" branch="False" />
            <line number="51" hits="26" branch="False" />
            <line number="52" hits="26" branch="False" />
            <line number="53" hits="0" branch="False" />
            <line number="54" hits="0" branch="False" />
            <line number="55" hits="0" branch="False" />
            <line number="56" hits="0" branch="False" />
            <line number="57" hits="26" branch="False" />
          </lines>
        </class>
        <class name="GetFitterGetBigger.API.Services.Implementations.ExerciseService" filename="GetFitterGetBigger.API/Services/Implementations/ExerciseService.cs" line-rate="0.46590000000000004" branch-rate="0.2916" complexity="145">
          <methods>
            <method name="AddRelationshipsToExercise" signature="(GetFitterGetBigger.API.Models.Entities.Exercise,GetFitterGetBigger.API.DTOs.CreateExerciseRequest)" line-rate="1" branch-rate="0.9444" complexity="18">
              <lines>
                <line number="344" hits="3" branch="False" />
                <line number="346" hits="15" branch="True" condition-coverage="100% (2/2)">
                  <conditions>
                    <condition number="97" type="jump" coverage="100%" />
                  </conditions>
                </line>
                <line number="347" hits="3" branch="False" />
                <line number="348" hits="3" branch="True" condition-coverage="75% (3/4)">
                  <conditions>
                    <condition number="38" type="jump" coverage="50%" />
                    <condition number="60" type="jump" coverage="100%" />
                  </conditions>
                </line>
                <line number="349" hits="3" branch="False" />
                <line number="350" hits="3" branch="False" />
                <line number="351" hits="3" branch="False" />
                <line number="352" hits="3" branch="False" />
                <line number="353" hits="3" branch="False" />
                <line number="354" hits="3" branch="False" />
                <line number="357" hits="11" branch="True" condition-coverage="100% (2/2)">
                  <conditions>
                    <condition number="192" type="jump" coverage="100%" />
                  </conditions>
                </line>
                <line number="358" hits="1" branch="False" />
                <line number="359" hits="1" branch="True" condition-coverage="100% (2/2)">
                  <conditions>
                    <condition number="155" type="jump" coverage="100%" />
                  </conditions>
                </line>
                <line number="360" hits="1" branch="False" />
                <line number="361" hits="1" branch="False" />
                <line number="362" hits="1" branch="False" />
                <line number="363" hits="1" branch="False" />
                <line number="364" hits="1" branch="False" />
                <line number="367" hits="11" branch="True" condition-coverage="100% (2/2)">
                  <conditions>
                    <condition number="287" type="jump" coverage="100%" />
                  </conditions>
                </line>
                <line number="368" hits="1" branch="False" />
                <line number="369" hits="1" branch="True" condition-coverage="100% (2/2)">
                  <conditions>
                    <condition number="250" type="jump" coverage="100%" />
                  </conditions>
                </line>
                <line number="370" hits="1" branch="False" />
                <line number="371" hits="1" branch="False" />
                <line number="372" hits="1" branch="False" />
                <line number="373" hits="1" branch="False" />
                <line number="374" hits="1" branch="False" />
                <line number="377" hits="11" branch="True" condition-coverage="100% (2/2)">
                  <conditions>
                    <condition number="382" type="jump" coverage="100%" />
                  </conditions>
                </line>
                <line number="378" hits="1" branch="False" />
                <line number="379" hits="1" branch="True" condition-coverage="100% (2/2)">
                  <conditions>
                    <condition number="345" type="jump" coverage="100%" />
                  </conditions>
                </line>
                <line number="380" hits="1" branch="False" />
                <line number="381" hits="1" branch="False" />
                <line number="382" hits="1" branch="False" />
                <line number="383" hits="1" branch="False" />
                <line number="384" hits="1" branch="False" />
                <line number="385" hits="3" branch="False" />
              </lines>
            </method>
            <method name="AddRelationshipsToExercise" signature="(GetFitterGetBigger.API.Models.Entities.Exercise,GetFitterGetBigger.API.DTOs.UpdateExerciseRequest)" line-rate="0.4" branch-rate="0.44439999999999996" complexity="18">
              <lines>
                <line number="388" hits="2" branch="False" />
                <line number="390" hits="10" branch="True" condition-coverage="100% (2/2)">
                  <conditions>
                    <condition number="97" type="jump" coverage="100%" />
                  </conditions>
                </line>
                <line number="391" hits="2" branch="False" />
                <line number="392" hits="2" branch="True" condition-coverage="75% (3/4)">
                  <conditions>
                    <condition number="38" type="jump" coverage="50%" />
                    <condition number="60" type="jump" coverage="100%" />
                  </conditions>
                </line>
                <line number="393" hits="2" branch="False" />
                <line number="394" hits="2" branch="False" />
                <line number="395" hits="2" branch="False" />
                <line number="396" hits="2" branch="False" />
                <line number="397" hits="2" branch="False" />
                <line number="398" hits="2" branch="False" />
                <line number="401" hits="6" branch="True" condition-coverage="50% (1/2)">
                  <conditions>
                    <condition number="192" type="jump" coverage="50%" />
                  </conditions>
                </line>
                <line number="402" hits="0" branch="False" />
                <line number="403" hits="0" branch="True" condition-coverage="0% (0/2)">
                  <conditions>
                    <condition number="155" type="jump" coverage="0%" />
                  </conditions>
                </line>
                <line number="404" hits="0" branch="False" />
                <line number="405" hits="0" branch="False" />
                <line number="406" hits="0" branch="False" />
                <line number="407" hits="0" branch="False" />
                <line number="408" hits="0" branch="False" />
                <line number="411" hits="6" branch="True" condition-coverage="50% (1/2)">
                  <conditions>
                    <condition number="287" type="jump" coverage="50%" />
                  </conditions>
                </line>
                <line number="412" hits="0" branch="False" />
                <line number="413" hits="0" branch="True" condition-coverage="0% (0/2)">
                  <conditions>
                    <condition number="250" type="jump" coverage="0%" />
                  </conditions>
                </line>
                <line number="414" hits="0" branch="False" />
                <line number="415" hits="0" branch="False" />
                <line number="416" hits="0" branch="False" />
                <line number="417" hits="0" branch="False" />
                <line number="418" hits="0" branch="False" />
                <line number="421" hits="6" branch="True" condition-coverage="50% (1/2)">
                  <conditions>
                    <condition number="382" type="jump" coverage="50%" />
                  </conditions>
                </line>
                <line number="422" hits="0" branch="False" />
                <line number="423" hits="0" branch="True" condition-coverage="0% (0/2)">
                  <conditions>
                    <condition number="345" type="jump" coverage="0%" />
                  </conditions>
                </line>
                <line number="424" hits="0" branch="False" />
                <line number="425" hits="0" branch="False" />
                <line number="426" hits="0" branch="False" />
                <line number="427" hits="0" branch="False" />
                <line number="428" hits="0" branch="False" />
                <line number="429" hits="2" branch="False" />
              </lines>
            </method>
            <method name="MapToDto" signature="(GetFitterGetBigger.API.Models.Entities.Exercise)" line-rate="0.36920000000000003" branch-rate="0.1406" complexity="64">
              <lines>
                <line number="432" hits="3" branch="False" />
                <line number="433" hits="3" branch="True" condition-coverage="50% (5/10)">
                  <conditions>
                    <condition number="138" type="jump" coverage="50%" />
                    <condition number="164" type="jump" coverage="50%" />
                    <condition number="186" type="jump" coverage="50%" />
                    <condition number="198" type="jump" coverage="50%" />
                    <condition number="220" type="jump" coverage="50%" />
                  </conditions>
                </line>
                <line number="434" hits="3" branch="False" />
                <line number="435" hits="3" branch="False" />
                <line number="436" hits="3" branch="False" />
                <line number="437" hits="3" branch="False" />
                <line number="438" hits="3" branch="False" />
                <line number="439" hits="3" branch="False" />
                <line number="440" hits="3" branch="False" />
                <line number="441" hits="3" branch="False" />
                <line number="442" hits="3" branch="False" />
                <line number="443" hits="3" branch="False" />
                <line number="444" hits="3" branch="False" />
                <line number="445" hits="3" branch="False" />
                <line number="446" hits="3" branch="False" />
                <line number="447" hits="3" branch="False" />
                <line number="448" hits="3" branch="False" />
                <line number="449" hits="3" branch="False" />
                <line number="452" hits="9" branch="True" condition-coverage="50% (1/2)">
                  <conditions>
                    <condition number="523" type="jump" coverage="50%" />
                  </conditions>
                </line>
                <line number="453" hits="0" branch="False" />
                <line number="454" hits="0" branch="True" condition-coverage="0% (0/18)">
                  <conditions>
                    <condition number="297" type="jump" coverage="0%" />
                    <condition number="324" type="jump" coverage="0%" />
                    <condition number="347" type="jump" coverage="0%" />
                    <condition number="359" type="jump" coverage="0%" />
                    <condition number="402" type="jump" coverage="0%" />
                    <condition number="429" type="jump" coverage="0%" />
                    <condition number="452" type="jump" coverage="0%" />
                    <condition number="464" type="jump" coverage="0%" />
                    <condition number="487" type="jump" coverage="0%" />
                  </conditions>
                </line>
                <line number="455" hits="0" branch="False" />
                <line number="456" hits="0" branch="False" />
                <line number="457" hits="0" branch="False" />
                <line number="458" hits="0" branch="False" />
                <line number="459" hits="0" branch="False" />
                <line number="460" hits="0" branch="False" />
                <line number="461" hits="0" branch="False" />
                <line number="462" hits="0" branch="False" />
                <line number="463" hits="0" branch="False" />
                <line number="464" hits="0" branch="False" />
                <line number="465" hits="0" branch="False" />
                <line number="466" hits="0" branch="False" />
                <line number="467" hits="0" branch="False" />
                <line number="468" hits="0" branch="False" />
                <line number="469" hits="0" branch="False" />
                <line number="472" hits="9" branch="True" condition-coverage="50% (1/2)">
                  <conditions>
                    <condition number="685" type="jump" coverage="50%" />
                  </conditions>
                </line>
                <line number="473" hits="0" branch="False" />
                <line number="474" hits="0" branch="True" condition-coverage="0% (0/8)">
                  <conditions>
                    <condition number="587" type="jump" coverage="0%" />
                    <condition number="614" type="jump" coverage="0%" />
                    <condition number="637" type="jump" coverage="0%" />
                    <condition number="649" type="jump" coverage="0%" />
                  </conditions>
                </line>
                <line number="475" hits="0" branch="False" />
                <line number="476" hits="0" branch="False" />
                <line number="477" hits="0" branch="False" />
                <line number="478" hits="0" branch="False" />
                <line number="479" hits="0" branch="False" />
                <line number="480" hits="0" branch="False" />
                <line number="483" hits="9" branch="True" condition-coverage="50% (1/2)">
                  <conditions>
                    <condition number="870" type="jump" coverage="50%" />
                  </conditions>
                </line>
                <line number="484" hits="0" branch="False" />
                <line number="485" hits="0" branch="True" condition-coverage="0% (0/10)">
                  <conditions>
                    <condition number="754" type="jump" coverage="0%" />
                    <condition number="781" type="jump" coverage="0%" />
                    <condition number="804" type="jump" coverage="0%" />
                    <condition number="816" type="jump" coverage="0%" />
                    <condition number="839" type="jump" coverage="0%" />
                  </conditions>
                </line>
                <line number="486" hits="0" branch="False" />
                <line number="487" hits="0" branch="False" />
                <line number="488" hits="0" branch="False" />
                <line number="489" hits="0" branch="False" />
                <line number="490" hits="0" branch="False" />
                <line number="491" hits="0" branch="False" />
                <line number="494" hits="9" branch="True" condition-coverage="50% (1/2)">
                  <conditions>
                    <condition number="1055" type="jump" coverage="50%" />
                  </conditions>
                </line>
                <line number="495" hits="0" branch="False" />
                <line number="496" hits="0" branch="True" condition-coverage="0% (0/10)">
                  <conditions>
                    <condition number="939" type="jump" coverage="0%" />
                    <condition number="966" type="jump" coverage="0%" />
                    <condition number="989" type="jump" coverage="0%" />
                    <condition number="1001" type="jump" coverage="0%" />
                    <condition number="1024" type="jump" coverage="0%" />
                  </conditions>
                </line>
                <line number="497" hits="0" branch="False" />
                <line number="498" hits="0" branch="False" />
                <line number="499" hits="0" branch="False" />
                <line number="500" hits="0" branch="False" />
                <line number="501" hits="0" branch="False" />
                <line number="502" hits="0" branch="False" />
                <line number="504" hits="3" branch="False" />
                <line number="505" hits="3" branch="False" />
              </lines>
            </method>
            <method name="ParseDifficultyId" signature="(System.String)" line-rate="0" branch-rate="0" complexity="4">
              <lines>
                <line number="508" hits="0" branch="False" />
                <line number="509" hits="0" branch="True" condition-coverage="0% (0/2)">
                  <conditions>
                    <condition number="9" type="jump" coverage="0%" />
                  </conditions>
                </line>
                <line number="510" hits="0" branch="True" condition-coverage="0% (0/2)">
                  <conditions>
                    <condition number="31" type="jump" coverage="0%" />
                  </conditions>
                </line>
                <line number="511" hits="0" branch="False" />
              </lines>
            </method>
            <method name="ParseMuscleGroupIds" signature="(System.Collections.Generic.List`1&lt;System.String&gt;)" line-rate="0.25" branch-rate="0.2" complexity="10">
              <lines>
                <line number="514" hits="2" branch="False" />
                <line number="515" hits="4" branch="True" condition-coverage="50% (2/4)">
                  <conditions>
                    <condition number="2" type="jump" coverage="50%" />
                    <condition number="18" type="jump" coverage="50%" />
                  </conditions>
                </line>
                <line number="517" hits="0" branch="False" />
                <line number="518" hits="0" branch="True" condition-coverage="0% (0/2)">
                  <conditions>
                    <condition number="84" type="jump" coverage="0%" />
                  </conditions>
                </line>
                <line number="519" hits="0" branch="False" />
                <line number="520" hits="0" branch="True" condition-coverage="0% (0/2)">
                  <conditions>
                    <condition number="63" type="jump" coverage="0%" />
                  </conditions>
                </line>
                <line number="521" hits="0" branch="False" />
                <line number="522" hits="0" branch="False" />
                <line number="523" hits="0" branch="False" />
                <line number="524" hits="0" branch="False" />
                <line number="525" hits="0" branch="True" condition-coverage="0% (0/2)">
                  <conditions>
                    <condition number="109" type="jump" coverage="0%" />
                  </conditions>
                </line>
                <line number="526" hits="2" branch="False" />
              </lines>
            </method>
            <method name="ParseEquipmentIds" signature="(System.Collections.Generic.List`1&lt;System.String&gt;)" line-rate="0.25" branch-rate="0.2" complexity="10">
              <lines>
                <line number="529" hits="2" branch="False" />
                <line number="530" hits="4" branch="True" condition-coverage="50% (2/4)">
                  <conditions>
                    <condition number="2" type="jump" coverage="50%" />
                    <condition number="18" type="jump" coverage="50%" />
                  </conditions>
                </line>
                <line number="532" hits="0" branch="False" />
                <line number="533" hits="0" branch="True" condition-coverage="0% (0/2)">
                  <conditions>
                    <condition number="84" type="jump" coverage="0%" />
                  </conditions>
                </line>
                <line number="534" hits="0" branch="False" />
                <line number="535" hits="0" branch="True" condition-coverage="0% (0/2)">
                  <conditions>
                    <condition number="63" type="jump" coverage="0%" />
                  </conditions>
                </line>
                <line number="536" hits="0" branch="False" />
                <line number="537" hits="0" branch="False" />
                <line number="538" hits="0" branch="False" />
                <line number="539" hits="0" branch="False" />
                <line number="540" hits="0" branch="True" condition-coverage="0% (0/2)">
                  <conditions>
                    <condition number="109" type="jump" coverage="0%" />
                  </conditions>
                </line>
                <line number="541" hits="2" branch="False" />
              </lines>
            </method>
            <method name="ParseMovementPatternIds" signature="(System.Collections.Generic.List`1&lt;System.String&gt;)" line-rate="0.25" branch-rate="0.2" complexity="10">
              <lines>
                <line number="544" hits="2" branch="False" />
                <line number="545" hits="4" branch="True" condition-coverage="50% (2/4)">
                  <conditions>
                    <condition number="2" type="jump" coverage="50%" />
                    <condition number="18" type="jump" coverage="50%" />
                  </conditions>
                </line>
                <line number="547" hits="0" branch="False" />
                <line number="548" hits="0" branch="True" condition-coverage="0% (0/2)">
                  <conditions>
                    <condition number="84" type="jump" coverage="0%" />
                  </conditions>
                </line>
                <line number="549" hits="0" branch="False" />
                <line number="550" hits="0" branch="True" condition-coverage="0% (0/2)">
                  <conditions>
                    <condition number="63" type="jump" coverage="0%" />
                  </conditions>
                </line>
                <line number="551" hits="0" branch="False" />
                <line number="552" hits="0" branch="False" />
                <line number="553" hits="0" branch="False" />
                <line number="554" hits="0" branch="False" />
                <line number="555" hits="0" branch="True" condition-coverage="0% (0/2)">
                  <conditions>
                    <condition number="109" type="jump" coverage="0%" />
                  </conditions>
                </line>
                <line number="556" hits="2" branch="False" />
              </lines>
            </method>
            <method name="ParseBodyPartIds" signature="(System.Collections.Generic.List`1&lt;System.String&gt;)" line-rate="0.25" branch-rate="0.2" complexity="10">
              <lines>
                <line number="559" hits="2" branch="False" />
                <line number="560" hits="4" branch="True" condition-coverage="50% (2/4)">
                  <conditions>
                    <condition number="2" type="jump" coverage="50%" />
                    <condition number="18" type="jump" coverage="50%" />
                  </conditions>
                </line>
                <line number="562" hits="0" branch="False" />
                <line number="563" hits="0" branch="True" condition-coverage="0% (0/2)">
                  <conditions>
                    <condition number="84" type="jump" coverage="0%" />
                  </conditions>
                </line>
                <line number="564" hits="0" branch="False" />
                <line number="565" hits="0" branch="True" condition-coverage="0% (0/2)">
                  <conditions>
                    <condition number="63" type="jump" coverage="0%" />
                  </conditions>
                </line>
                <line number="566" hits="0" branch="False" />
                <line number="567" hits="0" branch="False" />
                <line number="568" hits="0" branch="False" />
                <line number="569" hits="0" branch="False" />
                <line number="570" hits="0" branch="True" condition-coverage="0% (0/2)">
                  <conditions>
                    <condition number="109" type="jump" coverage="0%" />
                  </conditions>
                </line>
                <line number="571" hits="2" branch="False" />
              </lines>
            </method>
            <method name=".ctor" signature="(Olimpo.EntityFramework.Persistency.IUnitOfWorkProvider`1&lt;GetFitterGetBigger.API.Models.FitnessDbContext&gt;)" line-rate="1" branch-rate="1" complexity="1">
              <lines>
                <line number="22" hits="17" branch="False" />
                <line number="23" hits="17" branch="False" />
                <line number="24" hits="17" branch="False" />
                <line number="25" hits="17" branch="False" />
              </lines>
            </method>
          </methods>
          <lines>
            <line number="344" hits="3" branch="False" />
            <line number="346" hits="15" branch="True" condition-coverage="100% (2/2)">
              <conditions>
                <condition number="97" type="jump" coverage="100%" />
              </conditions>
            </line>
            <line number="347" hits="3" branch="False" />
            <line number="348" hits="3" branch="True" condition-coverage="75% (3/4)">
              <conditions>
                <condition number="38" type="jump" coverage="50%" />
                <condition number="60" type="jump" coverage="100%" />
              </conditions>
            </line>
            <line number="349" hits="3" branch="False" />
            <line number="350" hits="3" branch="False" />
            <line number="351" hits="3" branch="False" />
            <line number="352" hits="3" branch="False" />
            <line number="353" hits="3" branch="False" />
            <line number="354" hits="3" branch="False" />
            <line number="357" hits="11" branch="True" condition-coverage="100% (2/2)">
              <conditions>
                <condition number="192" type="jump" coverage="100%" />
              </conditions>
            </line>
            <line number="358" hits="1" branch="False" />
            <line number="359" hits="1" branch="True" condition-coverage="100% (2/2)">
              <conditions>
                <condition number="155" type="jump" coverage="100%" />
              </conditions>
            </line>
            <line number="360" hits="1" branch="False" />
            <line number="361" hits="1" branch="False" />
            <line number="362" hits="1" branch="False" />
            <line number="363" hits="1" branch="False" />
            <line number="364" hits="1" branch="False" />
            <line number="367" hits="11" branch="True" condition-coverage="100% (2/2)">
              <conditions>
                <condition number="287" type="jump" coverage="100%" />
              </conditions>
            </line>
            <line number="368" hits="1" branch="False" />
            <line number="369" hits="1" branch="True" condition-coverage="100% (2/2)">
              <conditions>
                <condition number="250" type="jump" coverage="100%" />
              </conditions>
            </line>
            <line number="370" hits="1" branch="False" />
            <line number="371" hits="1" branch="False" />
            <line number="372" hits="1" branch="False" />
            <line number="373" hits="1" branch="False" />
            <line number="374" hits="1" branch="False" />
            <line number="377" hits="11" branch="True" condition-coverage="100% (2/2)">
              <conditions>
                <condition number="382" type="jump" coverage="100%" />
              </conditions>
            </line>
            <line number="378" hits="1" branch="False" />
            <line number="379" hits="1" branch="True" condition-coverage="100% (2/2)">
              <conditions>
                <condition number="345" type="jump" coverage="100%" />
              </conditions>
            </line>
            <line number="380" hits="1" branch="False" />
            <line number="381" hits="1" branch="False" />
            <line number="382" hits="1" branch="False" />
            <line number="383" hits="1" branch="False" />
            <line number="384" hits="1" branch="False" />
            <line number="385" hits="3" branch="False" />
            <line number="388" hits="2" branch="False" />
            <line number="390" hits="10" branch="True" condition-coverage="100% (2/2)">
              <conditions>
                <condition number="97" type="jump" coverage="100%" />
              </conditions>
            </line>
            <line number="391" hits="2" branch="False" />
            <line number="392" hits="2" branch="True" condition-coverage="75% (3/4)">
              <conditions>
                <condition number="38" type="jump" coverage="50%" />
                <condition number="60" type="jump" coverage="100%" />
              </conditions>
            </line>
            <line number="393" hits="2" branch="False" />
            <line number="394" hits="2" branch="False" />
            <line number="395" hits="2" branch="False" />
            <line number="396" hits="2" branch="False" />
            <line number="397" hits="2" branch="False" />
            <line number="398" hits="2" branch="False" />
            <line number="401" hits="6" branch="True" condition-coverage="50% (1/2)">
              <conditions>
                <condition number="192" type="jump" coverage="50%" />
              </conditions>
            </line>
            <line number="402" hits="0" branch="False" />
            <line number="403" hits="0" branch="True" condition-coverage="0% (0/2)">
              <conditions>
                <condition number="155" type="jump" coverage="0%" />
              </conditions>
            </line>
            <line number="404" hits="0" branch="False" />
            <line number="405" hits="0" branch="False" />
            <line number="406" hits="0" branch="False" />
            <line number="407" hits="0" branch="False" />
            <line number="408" hits="0" branch="False" />
            <line number="411" hits="6" branch="True" condition-coverage="50% (1/2)">
              <conditions>
                <condition number="287" type="jump" coverage="50%" />
              </conditions>
            </line>
            <line number="412" hits="0" branch="False" />
            <line number="413" hits="0" branch="True" condition-coverage="0% (0/2)">
              <conditions>
                <condition number="250" type="jump" coverage="0%" />
              </conditions>
            </line>
            <line number="414" hits="0" branch="False" />
            <line number="415" hits="0" branch="False" />
            <line number="416" hits="0" branch="False" />
            <line number="417" hits="0" branch="False" />
[...]
              <conditions>
                <condition number="232" type="jump" coverage="50%" />
              </conditions>
            </line>
            <line number="106" hits="1" branch="False" />
            <line number="109" hits="0" branch="False" />
            <line number="111" hits="0" branch="False" />
            <line number="112" hits="1" branch="False" />
          </lines>
        </class>
        <class name="GetFitterGetBigger.API.Controllers.MuscleRolesController/&lt;GetMuscleRoles&gt;d__1" filename="GetFitterGetBigger.API/Controllers/MuscleRolesController.cs" line-rate="1" branch-rate="1" complexity="1">
          <methods>
            <method name="MoveNext" signature="()" line-rate="1" branch-rate="1" complexity="1">
              <lines>
                <line number="40" hits="9" branch="False" />
                <line number="41" hits="9" branch="False" />
                <line number="49" hits="9" branch="False" />
                <line number="51" hits="9" branch="False" />
                <line number="52" hits="9" branch="False" />
              </lines>
            </method>
          </methods>
          <lines>
            <line number="40" hits="9" branch="False" />
            <line number="41" hits="9" branch="False" />
            <line number="49" hits="9" branch="False" />
            <line number="51" hits="9" branch="False" />
            <line number="52" hits="9" branch="False" />
          </lines>
        </class>
        <class name="GetFitterGetBigger.API.Controllers.ReferenceTablesBaseController" filename="GetFitterGetBigger.API/Controllers/ReferenceTablesBaseController.cs" line-rate="1" branch-rate="0.8332999999999999" complexity="9">
          <methods>
            <method name="MapToDto" signature="(TEntity)" line-rate="1" branch-rate="0.8332999999999999" complexity="6">
              <lines>
                <line number="48" hits="5" branch="False" />
                <line number="50" hits="5" branch="False" />
                <line number="51" hits="5" branch="True" condition-coverage="100% (2/2)">
                  <conditions>
                    <condition number="32" type="jump" coverage="100%" />
                  </conditions>
                </line>
                <line number="52" hits="1" branch="False" />
                <line number="55" hits="4" branch="False" />
                <line number="56" hits="4" branch="True" condition-coverage="100% (2/2)">
                  <conditions>
                    <condition number="91" type="jump" coverage="100%" />
                  </conditions>
                </line>
                <line number="57" hits="1" branch="False" />
                <line number="60" hits="3" branch="True" condition-coverage="50% (1/2)">
                  <conditions>
                    <condition number="131" type="jump" coverage="50%" />
                  </conditions>
                </line>
                <line number="62" hits="3" branch="False" />
                <line number="63" hits="3" branch="False" />
                <line number="64" hits="3" branch="False" />
                <line number="65" hits="3" branch="False" />
                <line number="66" hits="3" branch="False" />
                <line number="67" hits="3" branch="False" />
                <line number="68" hits="3" branch="False" />
              </lines>
            </method>
            <method name="GetTableName" signature="()" line-rate="1" branch-rate="1" complexity="1">
              <lines>
                <line number="75" hits="182" branch="False" />
                <line number="77" hits="182" branch="False" />
                <line number="78" hits="182" branch="False" />
                <line number="79" hits="182" branch="False" />
              </lines>
            </method>
            <method name="GetCacheDuration" signature="()" line-rate="1" branch-rate="1" complexity="1">
              <lines>
                <line number="86" hits="92" branch="False" />
                <line number="87" hits="92" branch="False" />
                <line number="88" hits="92" branch="False" />
                <line number="89" hits="92" branch="False" />
              </lines>
            </method>
            <method name=".ctor" signature="(Olimpo.EntityFramework.Persistency.IUnitOfWorkProvider`1&lt;GetFitterGetBigger.API.Models.FitnessDbContext&gt;,GetFitterGetBigger.API.Services.Interfaces.ICacheService,Microsoft.Extensions.Options.IOptions`1&lt;GetFitterGetBigger.API.Configuration.CacheConfiguration&gt;,Microsoft.Extensions.Logging.ILogger`1&lt;GetFitterGetBigger.API.Controllers.ReferenceTablesBaseController&gt;)" line-rate="1" branch-rate="1" complexity="1">
              <lines>
                <line number="29" hits="106" branch="False" />
                <line number="30" hits="106" branch="False" />
                <line number="31" hits="106" branch="False" />
                <line number="32" hits="106" branch="False" />
                <line number="33" hits="106" branch="False" />
                <line number="34" hits="106" branch="False" />
                <line number="35" hits="106" branch="False" />
                <line number="36" hits="106" branch="False" />
                <line number="37" hits="106" branch="False" />
                <line number="38" hits="106" branch="False" />
                <line number="39" hits="106" branch="False" />
              </lines>
            </method>
          </methods>
          <lines>
            <line number="48" hits="5" branch="False" />
            <line number="50" hits="5" branch="False" />
            <line number="51" hits="5" branch="True" condition-coverage="100% (2/2)">
              <conditions>
                <condition number="32" type="jump" coverage="100%" />
              </conditions>
            </line>
            <line number="52" hits="1" branch="False" />
            <line number="55" hits="4" branch="False" />
            <line number="56" hits="4" branch="True" condition-coverage="100% (2/2)">
              <conditions>
                <condition number="91" type="jump" coverage="100%" />
              </conditions>
            </line>
            <line number="57" hits="1" branch="False" />
            <line number="60" hits="3" branch="True" condition-coverage="50% (1/2)">
              <conditions>
                <condition number="131" type="jump" coverage="50%" />
              </conditions>
            </line>
            <line number="62" hits="3" branch="False" />
            <line number="63" hits="3" branch="False" />
            <line number="64" hits="3" branch="False" />
            <line number="65" hits="3" branch="False" />
            <line number="66" hits="3" branch="False" />
            <line number="67" hits="3" branch="False" />
            <line number="68" hits="3" branch="False" />
            <line number="75" hits="182" branch="False" />
            <line number="77" hits="182" branch="False" />
            <line number="78" hits="182" branch="False" />
            <line number="79" hits="182" branch="False" />
            <line number="86" hits="92" branch="False" />
            <line number="87" hits="92" branch="False" />
            <line number="88" hits="92" branch="False" />
            <line number="89" hits="92" branch="False" />
            <line number="29" hits="106" branch="False" />
            <line number="30" hits="106" branch="False" />
            <line number="31" hits="106" branch="False" />
            <line number="32" hits="106" branch="False" />
            <line number="33" hits="106" branch="False" />
            <line number="34" hits="106" branch="False" />
            <line number="35" hits="106" branch="False" />
            <line number="36" hits="106" branch="False" />
            <line number="37" hits="106" branch="False" />
            <line number="38" hits="106" branch="False" />
            <line number="39" hits="106" branch="False" />
          </lines>
        </class>
        <class name="GetFitterGetBigger.API.Controllers.ReferenceTablesBaseController/&lt;&gt;c__DisplayClass10_0`1/&lt;&lt;GetByValueWithCacheAsync&gt;b__0&gt;d" filename="GetFitterGetBigger.API/Controllers/ReferenceTablesBaseController.cs" line-rate="1" branch-rate="1" complexity="2">
          <methods>
            <method name="MoveNext" signature="()" line-rate="1" branch-rate="1" complexity="2">
              <lines>
                <line number="150" hits="9" branch="True" condition-coverage="100% (2/2)">
                  <conditions>
                    <condition number="134" type="jump" coverage="100%" />
                  </conditions>
                </line>
              </lines>
            </method>
          </methods>
          <lines>
            <line number="150" hits="9" branch="True" condition-coverage="100% (2/2)">
              <conditions>
                <condition number="134" type="jump" coverage="100%" />
              </conditions>
            </line>
          </lines>
        </class>
        <class name="GetFitterGetBigger.API.Controllers.ReferenceTablesBaseController/&lt;&gt;c__DisplayClass9_0`1/&lt;&lt;GetByIdWithCacheAsync&gt;b__0&gt;d" filename="GetFitterGetBigger.API/Controllers/ReferenceTablesBaseController.cs" line-rate="1" branch-rate="1" complexity="2">
          <methods>
            <method name="MoveNext" signature="()" line-rate="1" branch-rate="1" complexity="2">
              <lines>
                <line number="127" hits="9" branch="True" condition-coverage="100% (2/2)">
                  <conditions>
                    <condition number="134" type="jump" coverage="100%" />
                  </conditions>
                </line>
              </lines>
            </method>
          </methods>
          <lines>
            <line number="127" hits="9" branch="True" condition-coverage="100% (2/2)">
              <conditions>
                <condition number="134" type="jump" coverage="100%" />
              </conditions>
            </line>
          </lines>
        </class>
        <class name="GetFitterGetBigger.API.Controllers.ReferenceTablesBaseController/&lt;GetAllWithCacheAsync&gt;d__8`1" filename="GetFitterGetBigger.API/Controllers/ReferenceTablesBaseController.cs" line-rate="1" branch-rate="1" complexity="1">
          <methods>
            <method name="MoveNext" signature="()" line-rate="1" branch-rate="1" complexity="1">
              <lines>
                <line number="99" hits="72" branch="False" />
                <line number="100" hits="72" branch="False" />
                <line number="101" hits="72" branch="False" />
                <line number="102" hits="72" branch="False" />
                <line number="104" hits="72" branch="False" />
                <line number="105" hits="72" branch="False" />
                <line number="106" hits="72" branch="False" />
                <line number="107" hits="72" branch="False" />
                <line number="108" hits="72" branch="False" />
              </lines>
            </method>
          </methods>
          <lines>
            <line number="99" hits="72" branch="False" />
            <line number="100" hits="72" branch="False" />
            <line number="101" hits="72" branch="False" />
            <line number="102" hits="72" branch="False" />
            <line number="104" hits="72" branch="False" />
            <line number="105" hits="72" branch="False" />
            <line number="106" hits="72" branch="False" />
            <line number="107" hits="72" branch="False" />
            <line number="108" hits="72" branch="False" />
          </lines>
        </class>
        <class name="GetFitterGetBigger.API.Controllers.ReferenceTablesBaseController/&lt;GetByIdWithCacheAsync&gt;d__9`1" filename="GetFitterGetBigger.API/Controllers/ReferenceTablesBaseController.cs" line-rate="1" branch-rate="1" complexity="1">
          <methods>
            <method name="MoveNext" signature="()" line-rate="1" branch-rate="1" complexity="1">
              <lines>
                <line number="120" hits="9" branch="False" />
                <line number="121" hits="9" branch="False" />
                <line number="122" hits="9" branch="False" />
                <line number="123" hits="9" branch="False" />
                <line number="125" hits="9" branch="False" />
                <line number="126" hits="9" branch="False" />
                <line number="128" hits="9" branch="False" />
                <line number="130" hits="9" branch="False" />
                <line number="131" hits="9" branch="False" />
              </lines>
            </method>
          </methods>
          <lines>
            <line number="120" hits="9" branch="False" />
            <line number="121" hits="9" branch="False" />
            <line number="122" hits="9" branch="False" />
            <line number="123" hits="9" branch="False" />
            <line number="125" hits="9" branch="False" />
            <line number="126" hits="9" branch="False" />
            <line number="128" hits="9" branch="False" />
            <line number="130" hits="9" branch="False" />
            <line number="131" hits="9" branch="False" />
          </lines>
        </class>
        <class name="GetFitterGetBigger.API.Controllers.ReferenceTablesBaseController/&lt;GetByValueWithCacheAsync&gt;d__10`1" filename="GetFitterGetBigger.API/Controllers/ReferenceTablesBaseController.cs" line-rate="1" branch-rate="1" complexity="1">
          <methods>
            <method name="MoveNext" signature="()" line-rate="1" branch-rate="1" complexity="1">
              <lines>
                <line number="143" hits="9" branch="False" />
                <line number="144" hits="9" branch="False" />
                <line number="145" hits="9" branch="False" />
                <line number="146" hits="9" branch="False" />
                <line number="148" hits="9" branch="False" />
                <line number="149" hits="9" branch="False" />
                <line number="151" hits="9" branch="False" />
                <line number="153" hits="9" branch="False" />
                <line number="154" hits="9" branch="False" />
              </lines>
            </method>
          </methods>
          <lines>
            <line number="143" hits="9" branch="False" />
            <line number="144" hits="9" branch="False" />
            <line number="145" hits="9" branch="False" />
            <line number="146" hits="9" branch="False" />
            <line number="148" hits="9" branch="False" />
            <line number="149" hits="9" branch="False" />
            <line number="151" hits="9" branch="False" />
            <line number="153" hits="9" branch="False" />
            <line number="154" hits="9" branch="False" />
          </lines>
        </class>
        <class name="GetFitterGetBigger.API.Controllers.ReferenceTablesBaseController/&lt;InvalidateTableCacheAsync&gt;d__11" filename="GetFitterGetBigger.API/Controllers/ReferenceTablesBaseController.cs" line-rate="0" branch-rate="1" complexity="1">
          <methods>
            <method name="MoveNext" signature="()" line-rate="0" branch-rate="1" complexity="1">
              <lines>
                <line number="160" hits="0" branch="False" />
                <line number="161" hits="0" branch="False" />
                <line number="162" hits="0" branch="False" />
                <line number="163" hits="0" branch="False" />
                <line number="164" hits="0" branch="False" />
                <line number="165" hits="0" branch="False" />
              </lines>
            </method>
          </methods>
          <lines>
            <line number="160" hits="0" branch="False" />
            <line number="161" hits="0" branch="False" />
            <line number="162" hits="0" branch="False" />
            <line number="163" hits="0" branch="False" />
            <line number="164" hits="0" branch="False" />
            <line number="165" hits="0" branch="False" />
          </lines>
        </class>
        <class name="GetFitterGetBigger.API.Configuration.CacheConfiguration" filename="GetFitterGetBigger.API/Configuration/CacheConfiguration.cs" line-rate="0.909" branch-rate="0.75" complexity="6">
          <methods>
            <method name="get_StaticTables" signature="()" line-rate="1" branch-rate="1" complexity="1">
              <lines>
                <line number="11" hits="174" branch="False" />
              </lines>
            </method>
            <method name="get_DynamicTables" signature="()" line-rate="1" branch-rate="1" complexity="1">
              <lines>
                <line number="16" hits="128" branch="False" />
              </lines>
            </method>
            <method name="GetCacheDuration" signature="(System.String)" line-rate="0.8887999999999999" branch-rate="0.75" complexity="4">
              <lines>
                <line number="24" hits="92" branch="False" />
                <line number="25" hits="92" branch="True" condition-coverage="100% (2/2)">
                  <conditions>
                    <condition number="20" type="jump" coverage="100%" />
                  </conditions>
                </line>
                <line number="26" hits="46" branch="False" />
                <line number="27" hits="46" branch="False" />
                <line number="30" hits="46" branch="True" condition-coverage="50% (1/2)">
                  <conditions>
                    <condition number="61" type="jump" coverage="50%" />
                  </conditions>
                </line>
                <line number="31" hits="46" branch="False" />
                <line number="32" hits="46" branch="False" />
                <line number="36" hits="0" branch="False" />
                <line number="37" hits="92" branch="False" />
              </lines>
            </method>
          </methods>
          <lines>
            <line number="11" hits="174" branch="False" />
            <line number="16" hits="128" branch="False" />
            <line number="24" hits="92" branch="False" />
            <line number="25" hits="92" branch="True" condition-coverage="100% (2/2)">
              <conditions>
                <condition number="20" type="jump" coverage="100%" />
              </conditions>
            </line>
            <line number="26" hits="46" branch="False" />
            <line number="27" hits="46" branch="False" />
            <line number="30" hits="46" branch="True" condition-coverage="50% (1/2)">
              <conditions>
                <condition number="61" type="jump" coverage="50%" />
              </conditions>
            </line>
            <line number="31" hits="46" branch="False" />
            <line number="32" hits="46" branch="False" />
            <line number="36" hits="0" branch="False" />
            <line number="37" hits="92" branch="False" />
          </lines>
        </class>
        <class name="GetFitterGetBigger.API.Configuration.TableCacheConfiguration" filename="GetFitterGetBigger.API/Configuration/CacheConfiguration.cs" line-rate="1" branch-rate="1" complexity="2">
          <methods>
            <method name="get_DurationInHours" signature="()" line-rate="1" branch-rate="1" complexity="1">
              <lines>
                <line number="48" hits="118" branch="False" />
              </lines>
            </method>
            <method name="get_Tables" signature="()" line-rate="1" branch-rate="1" complexity="1">
              <lines>
                <line number="53" hits="216" branch="False" />
              </lines>
            </method>
          </methods>
          <lines>
            <line number="48" hits="118" branch="False" />
            <line number="53" hits="216" branch="False" />
          </lines>
        </class>
      </classes>
    </package>
  </packages>
</coverage>