<?xml version="1.0" encoding="utf-8"?>
<TestRun id="b5123521-a0a3-4f93-b226-6d37d072a017" name="@DesktopUbuntu 2025-07-12 16:05:40" xmlns="http://microsoft.com/schemas/VisualStudio/TeamTest/2010">
  <Times creation="2025-07-12T16:05:40.0537320+02:00" queuing="2025-07-12T16:05:40.0537320+02:00" start="2025-07-12T16:05:35.2137906+02:00" finish="2025-07-12T16:05:40.4187701+02:00" />
  <TestSettings name="default" id="33182397-1994-4994-be2e-5b68e42aacc7">
    <Deployment runDeploymentRoot="_DesktopUbuntu_2025-07-12_16_05_40" />
  </TestSettings>
  <Results>
    <UnitTestResult executionId="89023433-7e48-4527-a9f3-ebea7c1e9dd1" testId="6b5bab49-7e83-4742-8d68-1815f12ca24a" testName="Get difficulty level by value with different casing(casing: &quot;Beginner&quot;, exampleTags: [])" computerName="DesktopUbuntu" duration="00:00:00.0230998" startTime="2025-07-12T16:05:39.8770391+02:00" endTime="2025-07-12T16:05:39.8770392+02:00" testType="13cdc9d9-ddb5-4fa4-a97d-d965ccfc6d4b" outcome="Failed" testListId="8c84fa94-04c1-424b-9868-57a2d4851a1d" relativeResultsDirectory="89023433-7e48-4527-a9f3-ebea7c1e9dd1">
      <Output>
        <StdOut>-&gt; Initialized HttpClient for scenario: Get difficulty level by value with different casing
Given the database is empty
-&gt; Executing step: Given the database is empty
-&gt; done: DatabaseSteps.GivenTheDatabaseIsEmpty() (0.0s)
-&gt; Step result: Passed
And the database has reference data
-&gt; Executing step: Given the database has reference data
-&gt; done: DatabaseSteps.GivenTheDatabaseHasReferenceData() (0.0s)
-&gt; Step result: Passed
Given I send a GET request to "/api/ReferenceTables/DifficultyLevels"
-&gt; Executing step: Given I send a GET request to "/api/ReferenceTables/DifficultyLevels"
-&gt; done: RequestSteps.WhenISendARequestTo("GET", "/api/ReferenceTab...") (0.0s)
-&gt; Step result: Passed
And the response contains an item with value "Beginner"
-&gt; No matching step definition found for the step. Use the following code to create one:
        [Given("the response contains an item with value {string}")]&#xD;
        public void GivenTheResponseContainsAnItemWithValue(string beginner0)&#xD;
        {&#xD;
            _scenarioContext.Pending();&#xD;
        }&#xD;

When I send a GET request to "/api/ReferenceTables/DifficultyLevels/ByValue/Beginner"
-&gt; skipped because of previous errors
Then the response status should be 200
-&gt; skipped because of previous errors
And the response should have property "value" with value "Beginner"
-&gt; skipped because of previous errors</StdOut>
        <ErrorInfo>
          <Message>TechTalk.SpecFlow.MissingStepDefinitionException : No matching step definition found for one or more steps.</Message>
          <StackTrace>   at TechTalk.SpecFlow.ErrorHandling.ErrorProvider.ThrowPendingError(ScenarioExecutionStatus testStatus, String message)
   at TechTalk.SpecFlow.Infrastructure.TestExecutionEngine.OnAfterLastStepAsync()
   at TechTalk.SpecFlow.TestRunner.CollectScenarioErrorsAsync()
   at GetFitterGetBigger.API.IntegrationTests.Features.ReferenceData.DifficultyLevelsReferenceDataFeature.ScenarioCleanupAsync() in /home/esqueleto/myWork/GetFitterGetBigger/GetFitterGetBigger.API/GetFitterGetBigger.API.IntegrationTests/Features/ReferenceData/DifficultyLevels.feature.cs:line 74
   at GetFitterGetBigger.API.IntegrationTests.Features.ReferenceData.DifficultyLevelsReferenceDataFeature.GetDifficultyLevelByValueWithDifferentCasing(String casing, String[] exampleTags) in /home/esqueleto/myWork/GetFitterGetBigger/GetFitterGetBigger.API/GetFitterGetBigger.API.IntegrationTests/Features/ReferenceData/DifficultyLevels.feature.cs:line 307
--- End of stack trace from previous location ---</StackTrace>
        </ErrorInfo>
      </Output>
    </UnitTestResult>
    <UnitTestResult executionId="ce4e8c57-6757-4cb1-8daa-960b6686d3f3" testId="78c8d0c4-5915-18ed-925c-a215ae58addc" testName="Get difficulty level by value with different casing(casing: &quot;beginner&quot;, exampleTags: [])" computerName="DesktopUbuntu" duration="00:00:00.0348690" startTime="2025-07-12T16:05:39.7848243+02:00" endTime="2025-07-12T16:05:39.7848244+02:00" testType="13cdc9d9-ddb5-4fa4-a97d-d965ccfc6d4b" outcome="Failed" testListId="8c84fa94-04c1-424b-9868-57a2d4851a1d" relativeResultsDirectory="ce4e8c57-6757-4cb1-8daa-960b6686d3f3">
      <Output>
        <StdOut>-&gt; Initialized HttpClient for scenario: Get difficulty level by value with different casing
Given the database is empty
-&gt; Executing step: Given the database is empty
-&gt; done: DatabaseSteps.GivenTheDatabaseIsEmpty() (0.0s)
-&gt; Step result: Passed
And the database has reference data
-&gt; Executing step: Given the database has reference data
-&gt; done: DatabaseSteps.GivenTheDatabaseHasReferenceData() (0.0s)
-&gt; Step result: Passed
Given I send a GET request to "/api/ReferenceTables/DifficultyLevels"
-&gt; Executing step: Given I send a GET request to "/api/ReferenceTables/DifficultyLevels"
-&gt; done: RequestSteps.WhenISendARequestTo("GET", "/api/ReferenceTab...") (0.0s)
-&gt; Step result: Passed
And the response contains an item with value "Beginner"
-&gt; No matching step definition found for the step. Use the following code to create one:
        [Given("the response contains an item with value {string}")]&#xD;
        public void GivenTheResponseContainsAnItemWithValue(string beginner)&#xD;
        {&#xD;
            _scenarioContext.Pending();&#xD;
        }&#xD;

When I send a GET request to "/api/ReferenceTables/DifficultyLevels/ByValue/beginner"
-&gt; skipped because of previous errors
Then the response status should be 200
-&gt; skipped because of previous errors
And the response should have property "value" with value "Beginner"
-&gt; skipped because of previous errors</StdOut>
        <ErrorInfo>
          <Message>TechTalk.SpecFlow.MissingStepDefinitionException : No matching step definition found for one or more steps.</Message>
          <StackTrace>   at TechTalk.SpecFlow.ErrorHandling.ErrorProvider.ThrowPendingError(ScenarioExecutionStatus testStatus, String message)
   at TechTalk.SpecFlow.Infrastructure.TestExecutionEngine.OnAfterLastStepAsync()
   at TechTalk.SpecFlow.TestRunner.CollectScenarioErrorsAsync()
   at GetFitterGetBigger.API.IntegrationTests.Features.ReferenceData.DifficultyLevelsReferenceDataFeature.ScenarioCleanupAsync() in /home/esqueleto/myWork/GetFitterGetBigger/GetFitterGetBigger.API/GetFitterGetBigger.API.IntegrationTests/Features/ReferenceData/DifficultyLevels.feature.cs:line 74
   at GetFitterGetBigger.API.IntegrationTests.Features.ReferenceData.DifficultyLevelsReferenceDataFeature.GetDifficultyLevelByValueWithDifferentCasing(String casing, String[] exampleTags) in /home/esqueleto/myWork/GetFitterGetBigger/GetFitterGetBigger.API/GetFitterGetBigger.API.IntegrationTests/Features/ReferenceData/DifficultyLevels.feature.cs:line 307
--- End of stack trace from previous location ---</StackTrace>
        </ErrorInfo>
      </Output>
    </UnitTestResult>
    <UnitTestResult executionId="b3307efd-3b6d-446a-bb78-1bce17361b78" testId="8143067d-510a-1b22-fed2-1bfd042b77ac" testName="Get difficulty level by invalid ID format returns bad request" computerName="DesktopUbuntu" duration="00:00:00.0201395" startTime="2025-07-12T16:05:40.0833731+02:00" endTime="2025-07-12T16:05:40.0833732+02:00" testType="13cdc9d9-ddb5-4fa4-a97d-d965ccfc6d4b" outcome="Passed" testListId="8c84fa94-04c1-424b-9868-57a2d4851a1d" relativeResultsDirectory="b3307efd-3b6d-446a-bb78-1bce17361b78">
      <Output>
        <StdOut>-&gt; Initialized HttpClient for scenario: Get difficulty level by invalid ID format returns bad request
Given the database is empty
-&gt; Executing step: Given the database is empty
-&gt; done: DatabaseSteps.GivenTheDatabaseIsEmpty() (0.0s)
-&gt; Step result: Passed
And the database has reference data
-&gt; Executing step: Given the database has reference data
-&gt; done: DatabaseSteps.GivenTheDatabaseHasReferenceData() (0.0s)
-&gt; Step result: Passed
When I send a GET request to "/api/ReferenceTables/DifficultyLevels/8a8adb1d-24d2-4979-a5a6-0d760e6da24b"
-&gt; Executing step: When I send a GET request to "/api/ReferenceTables/DifficultyLevels/8a8adb1d-24d2-4979-a5a6-0d760e6da24b"
-&gt; done: RequestSteps.WhenISendARequestTo("GET", "/api/ReferenceTab...") (0.0s)
-&gt; Step result: Passed
Then the response status should be 400
-&gt; Executing step: Then the response status should be 400
-&gt; done: ResponseSteps.ThenTheResponseStatusShouldBe(400) (0.0s)
-&gt; Step result: Passed
And the response should contain "Invalid ID format"
-&gt; Executing step: Then the response should contain "Invalid ID format"
-&gt; done: ResponseSteps.ThenTheResponseShouldContain("Invalid ID format") (0.0s)
-&gt; Step result: Passed
And the response should contain "Expected format: 'difficultylevel-{guid}'"
-&gt; Executing step: Then the response should contain "Expected format: 'difficultylevel-{guid}'"
-&gt; done: ResponseSteps.ThenTheResponseShouldContain("Expected format: ...") (0.0s)
-&gt; Step result: Passed</StdOut>
      </Output>
    </UnitTestResult>
    <UnitTestResult executionId="46aaef71-e6f5-4b4e-b521-91ee76b62c04" testId="a450ef01-55c7-1965-e168-73ab1fa6db6e" testName="Get difficulty level by value with different casing(casing: &quot;BeGiNnEr&quot;, exampleTags: [])" computerName="DesktopUbuntu" duration="00:00:00.0182480" startTime="2025-07-12T16:05:39.8433414+02:00" endTime="2025-07-12T16:05:39.8433415+02:00" testType="13cdc9d9-ddb5-4fa4-a97d-d965ccfc6d4b" outcome="Failed" testListId="8c84fa94-04c1-424b-9868-57a2d4851a1d" relativeResultsDirectory="46aaef71-e6f5-4b4e-b521-91ee76b62c04">
      <Output>
        <StdOut>-&gt; Initialized HttpClient for scenario: Get difficulty level by value with different casing
Given the database is empty
-&gt; Executing step: Given the database is empty
-&gt; done: DatabaseSteps.GivenTheDatabaseIsEmpty() (0.0s)
-&gt; Step result: Passed
And the database has reference data
-&gt; Executing step: Given the database has reference data
-&gt; done: DatabaseSteps.GivenTheDatabaseHasReferenceData() (0.0s)
-&gt; Step result: Passed
Given I send a GET request to "/api/ReferenceTables/DifficultyLevels"
-&gt; Executing step: Given I send a GET request to "/api/ReferenceTables/DifficultyLevels"
-&gt; done: RequestSteps.WhenISendARequestTo("GET", "/api/ReferenceTab...") (0.0s)
-&gt; Step result: Passed
And the response contains an item with value "Beginner"
-&gt; No matching step definition found for the step. Use the following code to create one:
        [Given("the response contains an item with value {string}")]&#xD;
        public void GivenTheResponseContainsAnItemWithValue(string beginner0)&#xD;
        {&#xD;
            _scenarioContext.Pending();&#xD;
        }&#xD;

When I send a GET request to "/api/ReferenceTables/DifficultyLevels/ByValue/BeGiNnEr"
-&gt; skipped because of previous errors
Then the response status should be 200
-&gt; skipped because of previous errors
And the response should have property "value" with value "Beginner"
-&gt; skipped because of previous errors</StdOut>
        <ErrorInfo>
          <Message>TechTalk.SpecFlow.MissingStepDefinitionException : No matching step definition found for one or more steps.</Message>
          <StackTrace>   at TechTalk.SpecFlow.ErrorHandling.ErrorProvider.ThrowPendingError(ScenarioExecutionStatus testStatus, String message)
   at TechTalk.SpecFlow.Infrastructure.TestExecutionEngine.OnAfterLastStepAsync()
   at TechTalk.SpecFlow.TestRunner.CollectScenarioErrorsAsync()
   at GetFitterGetBigger.API.IntegrationTests.Features.ReferenceData.DifficultyLevelsReferenceDataFeature.ScenarioCleanupAsync() in /home/esqueleto/myWork/GetFitterGetBigger/GetFitterGetBigger.API/GetFitterGetBigger.API.IntegrationTests/Features/ReferenceData/DifficultyLevels.feature.cs:line 74
   at GetFitterGetBigger.API.IntegrationTests.Features.ReferenceData.DifficultyLevelsReferenceDataFeature.GetDifficultyLevelByValueWithDifferentCasing(String casing, String[] exampleTags) in /home/esqueleto/myWork/GetFitterGetBigger/GetFitterGetBigger.API/GetFitterGetBigger.API.IntegrationTests/Features/ReferenceData/DifficultyLevels.feature.cs:line 307
--- End of stack trace from previous location ---</StackTrace>
        </ErrorInfo>
      </Output>
    </UnitTestResult>
    <UnitTestResult executionId="37738894-521b-4e30-9f59-d18134d818ec" testId="29bd479b-00e8-49d2-ced1-f439e4dd47a8" testName="Get difficulty level by valid value" computerName="DesktopUbuntu" duration="00:00:00.0300729" startTime="2025-07-12T16:05:39.9151083+02:00" endTime="2025-07-12T16:05:39.9151084+02:00" testType="13cdc9d9-ddb5-4fa4-a97d-d965ccfc6d4b" outcome="Failed" testListId="8c84fa94-04c1-424b-9868-57a2d4851a1d" relativeResultsDirectory="37738894-521b-4e30-9f59-d18134d818ec">
      <Output>
        <StdOut>-&gt; Initialized HttpClient for scenario: Get difficulty level by valid value
Given the database is empty
-&gt; Executing step: Given the database is empty
-&gt; done: DatabaseSteps.GivenTheDatabaseIsEmpty() (0.0s)
-&gt; Step result: Passed
And the database has reference data
-&gt; Executing step: Given the database has reference data
-&gt; done: DatabaseSteps.GivenTheDatabaseHasReferenceData() (0.0s)
-&gt; Step result: Passed
Given I send a GET request to "/api/ReferenceTables/DifficultyLevels"
-&gt; Executing step: Given I send a GET request to "/api/ReferenceTables/DifficultyLevels"
-&gt; done: RequestSteps.WhenISendARequestTo("GET", "/api/ReferenceTab...") (0.0s)
-&gt; Step result: Passed
And the response contains at least 1 item
-&gt; No matching step definition found for the step. Use the following code to create one:
        [Given("the response contains at least {int} item")]&#xD;
        public void GivenTheResponseContainsAtLeastItem(int p0)&#xD;
        {&#xD;
            _scenarioContext.Pending();&#xD;
        }&#xD;

And I store the first item from the response as "firstDifficultyLevel"
-&gt; No matching step definition found for the step. Use the following code to create one:
        [Given("I store the first item from the response as {string}")]&#xD;
        public void GivenIStoreTheFirstItemFromTheResponseAs(string firstDifficultyLevel0)&#xD;
        {&#xD;
            _scenarioContext.Pending();&#xD;
        }&#xD;

When I send a GET request to "/api/ReferenceTables/DifficultyLevels/ByValue/&lt;firstDifficultyLevel.Value&gt;"
-&gt; skipped because of previous errors
Then the response status should be 200
-&gt; skipped because of previous errors
And the response should have property "value" with value "&lt;firstDifficultyLevel.Value&gt;"
-&gt; skipped because of previous errors</StdOut>
        <ErrorInfo>
          <Message>TechTalk.SpecFlow.MissingStepDefinitionException : No matching step definition found for one or more steps.</Message>
          <StackTrace>   at TechTalk.SpecFlow.ErrorHandling.ErrorProvider.ThrowPendingError(ScenarioExecutionStatus testStatus, String message)
   at TechTalk.SpecFlow.Infrastructure.TestExecutionEngine.OnAfterLastStepAsync()
   at TechTalk.SpecFlow.TestRunner.CollectScenarioErrorsAsync()
   at GetFitterGetBigger.API.IntegrationTests.Features.ReferenceData.DifficultyLevelsReferenceDataFeature.ScenarioCleanupAsync() in /home/esqueleto/myWork/GetFitterGetBigger/GetFitterGetBigger.API/GetFitterGetBigger.API.IntegrationTests/Features/ReferenceData/DifficultyLevels.feature.cs:line 74
   at GetFitterGetBigger.API.IntegrationTests.Features.ReferenceData.DifficultyLevelsReferenceDataFeature.GetDifficultyLevelByValidValue() in /home/esqueleto/myWork/GetFitterGetBigger/GetFitterGetBigger.API/GetFitterGetBigger.API.IntegrationTests/Features/ReferenceData/DifficultyLevels.feature.cs:line 239
--- End of stack trace from previous location ---</StackTrace>
        </ErrorInfo>
      </Output>
    </UnitTestResult>
    <UnitTestResult executionId="70322640-fc6b-43c7-9783-a86c56b0dfe9" testId="7d84a9b6-dc51-9fb7-23d3-28b46d8b1ac9" testName="Get difficulty level by non-existent value returns not found" computerName="DesktopUbuntu" duration="00:00:00.0717259" startTime="2025-07-12T16:05:39.9940748+02:00" endTime="2025-07-12T16:05:39.9940749+02:00" testType="13cdc9d9-ddb5-4fa4-a97d-d965ccfc6d4b" outcome="Passed" testListId="8c84fa94-04c1-424b-9868-57a2d4851a1d" relativeResultsDirectory="70322640-fc6b-43c7-9783-a86c56b0dfe9">
      <Output>
        <StdOut>-&gt; Initialized HttpClient for scenario: Get difficulty level by non-existent value returns not found
Given the database is empty
-&gt; Executing step: Given the database is empty
-&gt; done: DatabaseSteps.GivenTheDatabaseIsEmpty() (0.0s)
-&gt; Step result: Passed
And the database has reference data
-&gt; Executing step: Given the database has reference data
-&gt; done: DatabaseSteps.GivenTheDatabaseHasReferenceData() (0.0s)
-&gt; Step result: Passed
When I send a GET request to "/api/ReferenceTables/DifficultyLevels/ByValue/NonExistentDifficultyLevel"
-&gt; Executing step: When I send a GET request to "/api/ReferenceTables/DifficultyLevels/ByValue/NonExistentDifficultyLevel"
-&gt; done: RequestSteps.WhenISendARequestTo("GET", "/api/ReferenceTab...") (0.1s)
-&gt; Step result: Passed
Then the response status should be 404
-&gt; Executing step: Then the response status should be 404
-&gt; done: ResponseSteps.ThenTheResponseStatusShouldBe(404) (0.0s)
-&gt; Step result: Passed</StdOut>
      </Output>
    </UnitTestResult>
    <UnitTestResult executionId="75dcd282-d1b9-48ab-9819-eb5464ed5367" testId="24b86cba-8a25-b3a3-0b66-1b00364a89c0" testName="Get difficulty level by valid ID" computerName="DesktopUbuntu" duration="00:00:01.1863223" startTime="2025-07-12T16:05:39.7418862+02:00" endTime="2025-07-12T16:05:39.7418863+02:00" testType="13cdc9d9-ddb5-4fa4-a97d-d965ccfc6d4b" outcome="Failed" testListId="8c84fa94-04c1-424b-9868-57a2d4851a1d" relativeResultsDirectory="75dcd282-d1b9-48ab-9819-eb5464ed5367">
      <Output>
        <StdOut>-&gt; Initialized HttpClient for scenario: Get difficulty level by valid ID
Given the database is empty
-&gt; Executing step: Given the database is empty
-&gt; done: DatabaseSteps.GivenTheDatabaseIsEmpty() (0.0s)
-&gt; Step result: Passed
And the database has reference data
-&gt; Executing step: Given the database has reference data
-&gt; done: DatabaseSteps.GivenTheDatabaseHasReferenceData() (0.0s)
-&gt; Step result: Passed
Given I send a GET request to "/api/ReferenceTables/DifficultyLevels"
-&gt; Executing step: Given I send a GET request to "/api/ReferenceTables/DifficultyLevels"
-&gt; done: RequestSteps.WhenISendARequestTo("GET", "/api/ReferenceTab...") (0.1s)
-&gt; Step result: Passed
And the response contains at least 1 item
-&gt; No matching step definition found for the step. Use the following code to create one:
        [Given("the response contains at least {int} item")]&#xD;
        public void GivenTheResponseContainsAtLeastItem(int p0)&#xD;
        {&#xD;
            _scenarioContext.Pending();&#xD;
        }&#xD;

And I store the first item from the response as "firstDifficultyLevel"
-&gt; No matching step definition found for the step. Use the following code to create one:
        [Given("I store the first item from the response as {string}")]&#xD;
        public void GivenIStoreTheFirstItemFromTheResponseAs(string firstDifficultyLevel)&#xD;
        {&#xD;
            _scenarioContext.Pending();&#xD;
        }&#xD;

When I send a GET request to "/api/ReferenceTables/DifficultyLevels/&lt;firstDifficultyLevel.Id&gt;"
-&gt; skipped because of previous errors
Then the response status should be 200
-&gt; skipped because of previous errors
And the response should have property "id" with value "&lt;firstDifficultyLevel.Id&gt;"
-&gt; skipped because of previous errors
And the response should have property "value" with value "&lt;firstDifficultyLevel.Value&gt;"
-&gt; skipped because of previous errors</StdOut>
        <ErrorInfo>
          <Message>TechTalk.SpecFlow.MissingStepDefinitionException : No matching step definition found for one or more steps.</Message>
          <StackTrace>   at TechTalk.SpecFlow.ErrorHandling.ErrorProvider.ThrowPendingError(ScenarioExecutionStatus testStatus, String message)
   at TechTalk.SpecFlow.Infrastructure.TestExecutionEngine.OnAfterLastStepAsync()
   at TechTalk.SpecFlow.TestRunner.CollectScenarioErrorsAsync()
   at GetFitterGetBigger.API.IntegrationTests.Features.ReferenceData.DifficultyLevelsReferenceDataFeature.ScenarioCleanupAsync() in /home/esqueleto/myWork/GetFitterGetBigger/GetFitterGetBigger.API/GetFitterGetBigger.API.IntegrationTests/Features/ReferenceData/DifficultyLevels.feature.cs:line 74
   at GetFitterGetBigger.API.IntegrationTests.Features.ReferenceData.DifficultyLevelsReferenceDataFeature.GetDifficultyLevelByValidID() in /home/esqueleto/myWork/GetFitterGetBigger/GetFitterGetBigger.API/GetFitterGetBigger.API.IntegrationTests/Features/ReferenceData/DifficultyLevels.feature.cs:line 150
--- End of stack trace from previous location ---</StackTrace>
        </ErrorInfo>
      </Output>
    </UnitTestResult>
    <UnitTestResult executionId="1527eab6-5a0b-4ea1-bf42-64329b3b45b4" testId="ff8f3041-b633-1617-4d2d-8212db51b23f" testName="Get all difficulty levels" computerName="DesktopUbuntu" duration="00:00:00.0160299" startTime="2025-07-12T16:05:40.0573044+02:00" endTime="2025-07-12T16:05:40.0573046+02:00" testType="13cdc9d9-ddb5-4fa4-a97d-d965ccfc6d4b" outcome="Passed" testListId="8c84fa94-04c1-424b-9868-57a2d4851a1d" relativeResultsDirectory="1527eab6-5a0b-4ea1-bf42-64329b3b45b4">
      <Output>
        <StdOut>-&gt; Initialized HttpClient for scenario: Get all difficulty levels
Given the database is empty
-&gt; Executing step: Given the database is empty
-&gt; done: DatabaseSteps.GivenTheDatabaseIsEmpty() (0.0s)
-&gt; Step result: Passed
And the database has reference data
-&gt; Executing step: Given the database has reference data
-&gt; done: DatabaseSteps.GivenTheDatabaseHasReferenceData() (0.0s)
-&gt; Step result: Passed
When I send a GET request to "/api/ReferenceTables/DifficultyLevels"
-&gt; Executing step: When I send a GET request to "/api/ReferenceTables/DifficultyLevels"
-&gt; done: RequestSteps.WhenISendARequestTo("GET", "/api/ReferenceTab...") (0.0s)
-&gt; Step result: Passed
Then the response status should be 200
-&gt; Executing step: Then the response status should be 200
-&gt; done: ResponseSteps.ThenTheResponseStatusShouldBe(200) (0.0s)
-&gt; Step result: Passed
And the response should be a JSON array
-&gt; Executing step: Then the response should be a JSON array
-&gt; done: ResponseSteps.ThenTheResponseShouldBeAJsonArray() (0.0s)
-&gt; Step result: Passed</StdOut>
      </Output>
    </UnitTestResult>
    <UnitTestResult executionId="216597d5-4661-4fb3-bef4-0d6b7bb1c841" testId="20571401-7eb7-cd89-4987-788dae12b96c" testName="Get difficulty level by value with different casing(casing: &quot;BEGINNER&quot;, exampleTags: [])" computerName="DesktopUbuntu" duration="00:00:00.0259634" startTime="2025-07-12T16:05:39.8169861+02:00" endTime="2025-07-12T16:05:39.8169862+02:00" testType="13cdc9d9-ddb5-4fa4-a97d-d965ccfc6d4b" outcome="Failed" testListId="8c84fa94-04c1-424b-9868-57a2d4851a1d" relativeResultsDirectory="216597d5-4661-4fb3-bef4-0d6b7bb1c841">
      <Output>
        <StdOut>-&gt; Initialized HttpClient for scenario: Get difficulty level by value with different casing
Given the database is empty
-&gt; Executing step: Given the database is empty
-&gt; done: DatabaseSteps.GivenTheDatabaseIsEmpty() (0.0s)
-&gt; Step result: Passed
And the database has reference data
-&gt; Executing step: Given the database has reference data
-&gt; done: DatabaseSteps.GivenTheDatabaseHasReferenceData() (0.0s)
-&gt; Step result: Passed
Given I send a GET request to "/api/ReferenceTables/DifficultyLevels"
-&gt; Executing step: Given I send a GET request to "/api/ReferenceTables/DifficultyLevels"
-&gt; done: RequestSteps.WhenISendARequestTo("GET", "/api/ReferenceTab...") (0.0s)
-&gt; Step result: Passed
And the response contains an item with value "Beginner"
-&gt; No matching step definition found for the step. Use the following code to create one:
        [Given("the response contains an item with value {string}")]&#xD;
        public void GivenTheResponseContainsAnItemWithValue(string beginner0)&#xD;
        {&#xD;
            _scenarioContext.Pending();&#xD;
        }&#xD;

When I send a GET request to "/api/ReferenceTables/DifficultyLevels/ByValue/BEGINNER"
-&gt; skipped because of previous errors
Then the response status should be 200
-&gt; skipped because of previous errors
And the response should have property "value" with value "Beginner"
-&gt; skipped because of previous errors</StdOut>
        <ErrorInfo>
          <Message>TechTalk.SpecFlow.MissingStepDefinitionException : No matching step definition found for one or more steps.</Message>
          <StackTrace>   at TechTalk.SpecFlow.ErrorHandling.ErrorProvider.ThrowPendingError(ScenarioExecutionStatus testStatus, String message)
   at TechTalk.SpecFlow.Infrastructure.TestExecutionEngine.OnAfterLastStepAsync()
   at TechTalk.SpecFlow.TestRunner.CollectScenarioErrorsAsync()
   at GetFitterGetBigger.API.IntegrationTests.Features.ReferenceData.DifficultyLevelsReferenceDataFeature.ScenarioCleanupAsync() in /home/esqueleto/myWork/GetFitterGetBigger/GetFitterGetBigger.API/GetFitterGetBigger.API.IntegrationTests/Features/ReferenceData/DifficultyLevels.feature.cs:line 74
   at GetFitterGetBigger.API.IntegrationTests.Features.ReferenceData.DifficultyLevelsReferenceDataFeature.GetDifficultyLevelByValueWithDifferentCasing(String casing, String[] exampleTags) in /home/esqueleto/myWork/GetFitterGetBigger/GetFitterGetBigger.API/GetFitterGetBigger.API.IntegrationTests/Features/ReferenceData/DifficultyLevels.feature.cs:line 307
--- End of stack trace from previous location ---</StackTrace>
        </ErrorInfo>
      </Output>
    </UnitTestResult>
    <UnitTestResult executionId="c2804bb5-a620-4aa0-9517-df6dd0e0dd4d" testId="7dc8d6e5-a945-2023-9853-f2cf4c56e8e2" testName="Get difficulty level by non-existent ID returns not found" computerName="DesktopUbuntu" duration="00:00:00.0284858" startTime="2025-07-12T16:05:40.0350192+02:00" endTime="2025-07-12T16:05:40.0350193+02:00" testType="13cdc9d9-ddb5-4fa4-a97d-d965ccfc6d4b" outcome="Passed" testListId="8c84fa94-04c1-424b-9868-57a2d4851a1d" relativeResultsDirectory="c2804bb5-a620-4aa0-9517-df6dd0e0dd4d">
      <Output>
        <StdOut>-&gt; Initialized HttpClient for scenario: Get difficulty level by non-existent ID returns not found
Given the database is empty
-&gt; Executing step: Given the database is empty
-&gt; done: DatabaseSteps.GivenTheDatabaseIsEmpty() (0.0s)
-&gt; Step result: Passed
And the database has reference data
-&gt; Executing step: Given the database has reference data
-&gt; done: DatabaseSteps.GivenTheDatabaseHasReferenceData() (0.0s)
-&gt; Step result: Passed
When I send a GET request to "/api/ReferenceTables/DifficultyLevels/difficultylevel-00000000-0000-0000-0000-000000000000"
-&gt; Executing step: When I send a GET request to "/api/ReferenceTables/DifficultyLevels/difficultylevel-00000000-0000-0000-0000-000000000000"
-&gt; done: RequestSteps.WhenISendARequestTo("GET", "/api/ReferenceTab...") (0.0s)
-&gt; Step result: Passed
Then the response status should be 404
-&gt; Executing step: Then the response status should be 404
-&gt; done: ResponseSteps.ThenTheResponseStatusShouldBe(404) (0.0s)
-&gt; Step result: Passed</StdOut>
      </Output>
    </UnitTestResult>
    <UnitTestResult executionId="5ef85fc0-2a09-487b-acc1-748c1a19cc8a" testId="809e8303-d8db-83e6-c645-da5f376be7b8" testName="Database is accessible" computerName="DesktopUbuntu" duration="00:00:01.0971245" startTime="2025-07-12T16:05:39.6509026+02:00" endTime="2025-07-12T16:05:39.6509116+02:00" testType="13cdc9d9-ddb5-4fa4-a97d-d965ccfc6d4b" outcome="Passed" testListId="8c84fa94-04c1-424b-9868-57a2d4851a1d" relativeResultsDirectory="5ef85fc0-2a09-487b-acc1-748c1a19cc8a">
      <Output>
        <StdOut>-&gt; Initialized HttpClient for scenario: Database is accessible
Given the database is empty
-&gt; Executing step: Given the database is empty
-&gt; done: DatabaseSteps.GivenTheDatabaseIsEmpty() (0.0s)
-&gt; Step result: Passed
Then the database should be accessible
-&gt; Executing step: Then the database should be accessible
-&gt; done: DatabaseSteps.ThenTheDatabaseShouldBeAccessible() (0.0s)
-&gt; Step result: Passed</StdOut>
      </Output>
    </UnitTestResult>
  </Results>
  <TestDefinitions>
    <UnitTest name="Get difficulty level by valid ID" storage="/home/esqueleto/mywork/getfittergetbigger/getfittergetbigger.api/getfittergetbigger.api.integrationtests/bin/debug/net9.0/getfittergetbigger.api.integrationtests.dll" id="24b86cba-8a25-b3a3-0b66-1b00364a89c0">
      <Execution id="75dcd282-d1b9-48ab-9819-eb5464ed5367" />
      <TestMethod codeBase="/home/esqueleto/myWork/GetFitterGetBigger/GetFitterGetBigger.API/GetFitterGetBigger.API.IntegrationTests/bin/Debug/net9.0/GetFitterGetBigger.API.IntegrationTests.dll" adapterTypeName="executor://xunit/VsTestRunner2/netcoreapp" className="GetFitterGetBigger.API.IntegrationTests.Features.ReferenceData.DifficultyLevelsReferenceDataFeature" name="GetDifficultyLevelByValidID" />
    </UnitTest>
    <UnitTest name="Database is accessible" storage="/home/esqueleto/mywork/getfittergetbigger/getfittergetbigger.api/getfittergetbigger.api.integrationtests/bin/debug/net9.0/getfittergetbigger.api.integrationtests.dll" id="809e8303-d8db-83e6-c645-da5f376be7b8">
      <Execution id="5ef85fc0-2a09-487b-acc1-748c1a19cc8a" />
      <TestMethod codeBase="/home/esqueleto/myWork/GetFitterGetBigger/GetFitterGetBigger.API/GetFitterGetBigger.API.IntegrationTests/bin/Debug/net9.0/GetFitterGetBigger.API.IntegrationTests.dll" adapterTypeName="executor://xunit/VsTestRunner2/netcoreapp" className="GetFitterGetBigger.API.IntegrationTests.Features.Basic.DatabaseConnectionFeature" name="DatabaseIsAccessible" />
    </UnitTest>
    <UnitTest name="Get difficulty level by value with different casing(casing: &quot;BEGINNER&quot;, exampleTags: [])" storage="/home/esqueleto/mywork/getfittergetbigger/getfittergetbigger.api/getfittergetbigger.api.integrationtests/bin/debug/net9.0/getfittergetbigger.api.integrationtests.dll" id="20571401-7eb7-cd89-4987-788dae12b96c">
      <Execution id="216597d5-4661-4fb3-bef4-0d6b7bb1c841" />
      <TestMethod codeBase="/home/esqueleto/myWork/GetFitterGetBigger/GetFitterGetBigger.API/GetFitterGetBigger.API.IntegrationTests/bin/Debug/net9.0/GetFitterGetBigger.API.IntegrationTests.dll" adapterTypeName="executor://xunit/VsTestRunner2/netcoreapp" className="GetFitterGetBigger.API.IntegrationTests.Features.ReferenceData.DifficultyLevelsReferenceDataFeature" name="GetDifficultyLevelByValueWithDifferentCasing" />
    </UnitTest>
    <UnitTest name="Get difficulty level by value with different casing(casing: &quot;BeGiNnEr&quot;, exampleTags: [])" storage="/home/esqueleto/mywork/getfittergetbigger/getfittergetbigger.api/getfittergetbigger.api.integrationtests/bin/debug/net9.0/getfittergetbigger.api.integrationtests.dll" id="a450ef01-55c7-1965-e168-73ab1fa6db6e">
      <Execution id="46aaef71-e6f5-4b4e-b521-91ee76b62c04" />
      <TestMethod codeBase="/home/esqueleto/myWork/GetFitterGetBigger/GetFitterGetBigger.API/GetFitterGetBigger.API.IntegrationTests/bin/Debug/net9.0/GetFitterGetBigger.API.IntegrationTests.dll" adapterTypeName="executor://xunit/VsTestRunner2/netcoreapp" className="GetFitterGetBigger.API.IntegrationTests.Features.ReferenceData.DifficultyLevelsReferenceDataFeature" name="GetDifficultyLevelByValueWithDifferentCasing" />
    </UnitTest>
    <UnitTest name="Get difficulty level by valid value" storage="/home/esqueleto/mywork/getfittergetbigger/getfittergetbigger.api/getfittergetbigger.api.integrationtests/bin/debug/net9.0/getfittergetbigger.api.integrationtests.dll" id="29bd479b-00e8-49d2-ced1-f439e4dd47a8">
      <Execution id="37738894-521b-4e30-9f59-d18134d818ec" />
      <TestMethod codeBase="/home/esqueleto/myWork/GetFitterGetBigger/GetFitterGetBigger.API/GetFitterGetBigger.API.IntegrationTests/bin/Debug/net9.0/GetFitterGetBigger.API.IntegrationTests.dll" adapterTypeName="executor://xunit/VsTestRunner2/netcoreapp" className="GetFitterGetBigger.API.IntegrationTests.Features.ReferenceData.DifficultyLevelsReferenceDataFeature" name="GetDifficultyLevelByValidValue" />
    </UnitTest>
    <UnitTest name="Get difficulty level by non-existent value returns not found" storage="/home/esqueleto/mywork/getfittergetbigger/getfittergetbigger.api/getfittergetbigger.api.integrationtests/bin/debug/net9.0/getfittergetbigger.api.integrationtests.dll" id="7d84a9b6-dc51-9fb7-23d3-28b46d8b1ac9">
      <Execution id="70322640-fc6b-43c7-9783-a86c56b0dfe9" />
      <TestMethod codeBase="/home/esqueleto/myWork/GetFitterGetBigger/GetFitterGetBigger.API/GetFitterGetBigger.API.IntegrationTests/bin/Debug/net9.0/GetFitterGetBigger.API.IntegrationTests.dll" adapterTypeName="executor://xunit/VsTestRunner2/netcoreapp" className="GetFitterGetBigger.API.IntegrationTests.Features.ReferenceData.DifficultyLevelsReferenceDataFeature" name="GetDifficultyLevelByNon_ExistentValueReturnsNotFound" />
    </UnitTest>
    <UnitTest name="Get difficulty level by invalid ID format returns bad request" storage="/home/esqueleto/mywork/getfittergetbigger/getfittergetbigger.api/getfittergetbigger.api.integrationtests/bin/debug/net9.0/getfittergetbigger.api.integrationtests.dll" id="8143067d-510a-1b22-fed2-1bfd042b77ac">
      <Execution id="b3307efd-3b6d-446a-bb78-1bce17361b78" />
      <TestMethod codeBase="/home/esqueleto/myWork/GetFitterGetBigger/GetFitterGetBigger.API/GetFitterGetBigger.API.IntegrationTests/bin/Debug/net9.0/GetFitterGetBigger.API.IntegrationTests.dll" adapterTypeName="executor://xunit/VsTestRunner2/netcoreapp" className="GetFitterGetBigger.API.IntegrationTests.Features.ReferenceData.DifficultyLevelsReferenceDataFeature" name="GetDifficultyLevelByInvalidIDFormatReturnsBadRequest" />
    </UnitTest>
    <UnitTest name="Get all difficulty levels" storage="/home/esqueleto/mywork/getfittergetbigger/getfittergetbigger.api/getfittergetbigger.api.integrationtests/bin/debug/net9.0/getfittergetbigger.api.integrationtests.dll" id="ff8f3041-b633-1617-4d2d-8212db51b23f">
      <Execution id="1527eab6-5a0b-4ea1-bf42-64329b3b45b4" />
      <TestMethod codeBase="/home/esqueleto/myWork/GetFitterGetBigger/GetFitterGetBigger.API/GetFitterGetBigger.API.IntegrationTests/bin/Debug/net9.0/GetFitterGetBigger.API.IntegrationTests.dll" adapterTypeName="executor://xunit/VsTestRunner2/netcoreapp" className="GetFitterGetBigger.API.IntegrationTests.Features.ReferenceData.DifficultyLevelsReferenceDataFeature" name="GetAllDifficultyLevels" />
    </UnitTest>
    <UnitTest name="Get difficulty level by value with different casing(casing: &quot;Beginner&quot;, exampleTags: [])" storage="/home/esqueleto/mywork/getfittergetbigger/getfittergetbigger.api/getfittergetbigger.api.integrationtests/bin/debug/net9.0/getfittergetbigger.api.integrationtests.dll" id="6b5bab49-7e83-4742-8d68-1815f12ca24a">
      <Execution id="89023433-7e48-4527-a9f3-ebea7c1e9dd1" />
      <TestMethod codeBase="/home/esqueleto/myWork/GetFitterGetBigger/GetFitterGetBigger.API/GetFitterGetBigger.API.IntegrationTests/bin/Debug/net9.0/GetFitterGetBigger.API.IntegrationTests.dll" adapterTypeName="executor://xunit/VsTestRunner2/netcoreapp" className="GetFitterGetBigger.API.IntegrationTests.Features.ReferenceData.DifficultyLevelsReferenceDataFeature" name="GetDifficultyLevelByValueWithDifferentCasing" />
    </UnitTest>
    <UnitTest name="Get difficulty level by non-existent ID returns not found" storage="/home/esqueleto/mywork/getfittergetbigger/getfittergetbigger.api/getfittergetbigger.api.integrationtests/bin/debug/net9.0/getfittergetbigger.api.integrationtests.dll" id="7dc8d6e5-a945-2023-9853-f2cf4c56e8e2">
      <Execution id="c2804bb5-a620-4aa0-9517-df6dd0e0dd4d" />
      <TestMethod codeBase="/home/esqueleto/myWork/GetFitterGetBigger/GetFitterGetBigger.API/GetFitterGetBigger.API.IntegrationTests/bin/Debug/net9.0/GetFitterGetBigger.API.IntegrationTests.dll" adapterTypeName="executor://xunit/VsTestRunner2/netcoreapp" className="GetFitterGetBigger.API.IntegrationTests.Features.ReferenceData.DifficultyLevelsReferenceDataFeature" name="GetDifficultyLevelByNon_ExistentIDReturnsNotFound" />
    </UnitTest>
    <UnitTest name="Get difficulty level by value with different casing(casing: &quot;beginner&quot;, exampleTags: [])" storage="/home/esqueleto/mywork/getfittergetbigger/getfittergetbigger.api/getfittergetbigger.api.integrationtests/bin/debug/net9.0/getfittergetbigger.api.integrationtests.dll" id="78c8d0c4-5915-18ed-925c-a215ae58addc">
      <Execution id="ce4e8c57-6757-4cb1-8daa-960b6686d3f3" />
      <TestMethod codeBase="/home/esqueleto/myWork/GetFitterGetBigger/GetFitterGetBigger.API/GetFitterGetBigger.API.IntegrationTests/bin/Debug/net9.0/GetFitterGetBigger.API.IntegrationTests.dll" adapterTypeName="executor://xunit/VsTestRunner2/netcoreapp" className="GetFitterGetBigger.API.IntegrationTests.Features.ReferenceData.DifficultyLevelsReferenceDataFeature" name="GetDifficultyLevelByValueWithDifferentCasing" />
    </UnitTest>
  </TestDefinitions>
  <TestEntries>
    <TestEntry testId="6b5bab49-7e83-4742-8d68-1815f12ca24a" executionId="89023433-7e48-4527-a9f3-ebea7c1e9dd1" testListId="8c84fa94-04c1-424b-9868-57a2d4851a1d" />
    <TestEntry testId="78c8d0c4-5915-18ed-925c-a215ae58addc" executionId="ce4e8c57-6757-4cb1-8daa-960b6686d3f3" testListId="8c84fa94-04c1-424b-9868-57a2d4851a1d" />
    <TestEntry testId="8143067d-510a-1b22-fed2-1bfd042b77ac" executionId="b3307efd-3b6d-446a-bb78-1bce17361b78" testListId="8c84fa94-04c1-424b-9868-57a2d4851a1d" />
    <TestEntry testId="a450ef01-55c7-1965-e168-73ab1fa6db6e" executionId="46aaef71-e6f5-4b4e-b521-91ee76b62c04" testListId="8c84fa94-04c1-424b-9868-57a2d4851a1d" />
    <TestEntry testId="29bd479b-00e8-49d2-ced1-f439e4dd47a8" executionId="37738894-521b-4e30-9f59-d18134d818ec" testListId="8c84fa94-04c1-424b-9868-57a2d4851a1d" />
    <TestEntry testId="7d84a9b6-dc51-9fb7-23d3-28b46d8b1ac9" executionId="70322640-fc6b-43c7-9783-a86c56b0dfe9" testListId="8c84fa94-04c1-424b-9868-57a2d4851a1d" />
    <TestEntry testId="24b86cba-8a25-b3a3-0b66-1b00364a89c0" executionId="75dcd282-d1b9-48ab-9819-eb5464ed5367" testListId="8c84fa94-04c1-424b-9868-57a2d4851a1d" />
    <TestEntry testId="ff8f3041-b633-1617-4d2d-8212db51b23f" executionId="1527eab6-5a0b-4ea1-bf42-64329b3b45b4" testListId="8c84fa94-04c1-424b-9868-57a2d4851a1d" />
    <TestEntry testId="20571401-7eb7-cd89-4987-788dae12b96c" executionId="216597d5-4661-4fb3-bef4-0d6b7bb1c841" testListId="8c84fa94-04c1-424b-9868-57a2d4851a1d" />
    <TestEntry testId="7dc8d6e5-a945-2023-9853-f2cf4c56e8e2" executionId="c2804bb5-a620-4aa0-9517-df6dd0e0dd4d" testListId="8c84fa94-04c1-424b-9868-57a2d4851a1d" />
    <TestEntry testId="809e8303-d8db-83e6-c645-da5f376be7b8" executionId="5ef85fc0-2a09-487b-acc1-748c1a19cc8a" testListId="8c84fa94-04c1-424b-9868-57a2d4851a1d" />
  </TestEntries>
  <TestLists>
    <TestList name="Results Not in a List" id="8c84fa94-04c1-424b-9868-57a2d4851a1d" />
    <TestList name="All Loaded Results" id="19431567-8539-422a-85d7-44ee4e166bda" />
  </TestLists>
  <ResultSummary outcome="Failed">
    <Counters total="11" executed="11" passed="5" failed="6" error="0" timeout="0" aborted="0" inconclusive="0" passedButRunAborted="0" notRunnable="0" notExecuted="0" disconnected="0" warning="0" completed="0" inProgress="0" pending="0" />
    <Output>
      <StdOut>[xUnit.net 00:00:00.00] xUnit.net VSTest Adapter v2.8.2+699d445a1a (64-bit .NET 9.0.3)
[xUnit.net 00:00:00.04]   Discovering: GetFitterGetBigger.API.IntegrationTests
[xUnit.net 00:00:00.06]   Discovered:  GetFitterGetBigger.API.IntegrationTests
[xUnit.net 00:00:00.07]   Starting:    GetFitterGetBigger.API.IntegrationTests
-&gt; Loading plugin /home/esqueleto/myWork/GetFitterGetBigger/GetFitterGetBigger.API/GetFitterGetBigger.API.IntegrationTests/bin/Debug/net9.0/TechTalk.SpecFlow.xUnit.SpecFlowPlugin.dll
-&gt; Loading plugin /home/esqueleto/myWork/GetFitterGetBigger/GetFitterGetBigger.API/GetFitterGetBigger.API.IntegrationTests/bin/Debug/net9.0/GetFitterGetBigger.API.IntegrationTests.dll
-&gt; Using specflow.json
[testcontainers.org 00:00:00.07] Connected to Docker:
  Host: unix:///var/run/docker.sock
  Server Version: 27.3.1
  Kernel Version: 6.14.0-23-generic
  API Version: 1.47
  Operating System: Ubuntu 25.04
  Total Memory: 61.38 GB
[testcontainers.org 00:00:00.13] Docker container b81301ee1e48 created
[testcontainers.org 00:00:00.15] Start Docker container b81301ee1e48
[testcontainers.org 00:00:00.25] Wait for Docker container b81301ee1e48 to complete readiness checks
[testcontainers.org 00:00:00.25] Docker container b81301ee1e48 ready
[testcontainers.org 00:00:00.27] Docker container 5c5916a8dcfb created
[testcontainers.org 00:00:00.27] Docker container 704bf95cde6d created
[testcontainers.org 00:00:00.27] Start Docker container 5c5916a8dcfb
[testcontainers.org 00:00:00.27] Start Docker container 704bf95cde6d
[testcontainers.org 00:00:00.40] Wait for Docker container 5c5916a8dcfb to complete readiness checks
[testcontainers.org 00:00:00.40] Wait for Docker container 704bf95cde6d to complete readiness checks
[testcontainers.org 00:00:00.40] Execute "pg_isready --host localhost --dbname bddtestdb --username bddtestuser" at Docker container 5c5916a8dcfb
[testcontainers.org 00:00:00.40] Execute "pg_isready --host localhost --dbname bddtestdb --username bddtestuser" at Docker container 704bf95cde6d
[testcontainers.org 00:00:01.44] Execute "pg_isready --host localhost --dbname bddtestdb --username bddtestuser" at Docker container 5c5916a8dcfb
[testcontainers.org 00:00:01.44] Execute "pg_isready --host localhost --dbname bddtestdb --username bddtestuser" at Docker container 704bf95cde6d
[testcontainers.org 00:00:01.49] Docker container 5c5916a8dcfb ready
[testcontainers.org 00:00:01.49] Docker container 704bf95cde6d ready
[testcontainers.org 00:00:01.56] Docker container 80f9ca26c504 created
[testcontainers.org 00:00:01.56] Docker container 765d81009900 created
[testcontainers.org 00:00:01.56] Start Docker container 80f9ca26c504
[testcontainers.org 00:00:01.56] Start Docker container 765d81009900
[testcontainers.org 00:00:01.70] Wait for Docker container 80f9ca26c504 to complete readiness checks
[testcontainers.org 00:00:01.70] Wait for Docker container 765d81009900 to complete readiness checks
[testcontainers.org 00:00:01.70] Execute "pg_isready --host localhost --dbname bddtestdb --username bddtestuser" at Docker container 80f9ca26c504
[testcontainers.org 00:00:01.70] Execute "pg_isready --host localhost --dbname bddtestdb --username bddtestuser" at Docker container 765d81009900
[testcontainers.org 00:00:02.74] Execute "pg_isready --host localhost --dbname bddtestdb --username bddtestuser" at Docker container 80f9ca26c504
[testcontainers.org 00:00:02.74] Execute "pg_isready --host localhost --dbname bddtestdb --username bddtestuser" at Docker container 765d81009900
[testcontainers.org 00:00:02.78] Docker container 80f9ca26c504 ready
[testcontainers.org 00:00:02.78] Docker container 765d81009900 ready
-&gt; #XW001: Starting feature: Database Connection
-&gt; #XW002: Starting feature: Difficulty Levels Reference Data
-&gt; #XW002: Tags: 
-&gt; #XW001: Tags: 
warn: Microsoft.EntityFrameworkCore.Model.Validation[10400]
      Sensitive data logging is enabled. Log entries and exception messages may include sensitive application data; this mode should only be enabled during development.
warn: 7/12/2025 16:05:38.956 CoreEventId.SensitiveDataLoggingEnabledWarning[10400] (Microsoft.EntityFrameworkCore.Infrastructure) 
      Sensitive data logging is enabled. Log entries and exception messages may include sensitive application data; this mode should only be enabled during development.
dbug: Microsoft.EntityFrameworkCore.Database.Command[20103]
      Creating DbCommand for 'ExecuteReader'.
dbug: Microsoft.EntityFrameworkCore.Database.Command[20103]
      Creating DbCommand for 'ExecuteReader'.
dbug: Microsoft.EntityFrameworkCore.Database.Command[20104]
      Created DbCommand for 'ExecuteReader' (2ms).
dbug: Microsoft.EntityFrameworkCore.Database.Command[20104]
      Created DbCommand for 'ExecuteReader' (2ms).
dbug: Microsoft.EntityFrameworkCore.Database.Command[20106]
      Initialized DbCommand for 'ExecuteReader' (4ms).
dbug: Microsoft.EntityFrameworkCore.Database.Command[20106]
      Initialized DbCommand for 'ExecuteReader' (4ms).
dbug: Microsoft.EntityFrameworkCore.Database.Command[20100]
      Executing DbCommand [Parameters=[], CommandType='Text', CommandTimeout='30']
      SELECT "MigrationId", "ProductVersion"
      FROM "__EFMigrationsHistory"
      ORDER BY "MigrationId";
dbug: Microsoft.EntityFrameworkCore.Database.Command[20100]
      Executing DbCommand [Parameters=[], CommandType='Text', CommandTimeout='30']
      SELECT "MigrationId", "ProductVersion"
      FROM "__EFMigrationsHistory"
      ORDER BY "MigrationId";
fail: Microsoft.EntityFrameworkCore.Database.Command[20102]
      Failed executing DbCommand (11ms) [Parameters=[], CommandType='Text', CommandTimeout='30']
      SELECT "MigrationId", "ProductVersion"
      FROM "__EFMigrationsHistory"
      ORDER BY "MigrationId";
fail: Microsoft.EntityFrameworkCore.Database.Command[20102]
      Failed executing DbCommand (11ms) [Parameters=[], CommandType='Text', CommandTimeout='30']
      SELECT "MigrationId", "ProductVersion"
      FROM "__EFMigrationsHistory"
      ORDER BY "MigrationId";
fail: 7/12/2025 16:05:39.082 RelationalEventId.CommandError[20102] (Microsoft.EntityFrameworkCore.Database.Command) 
      Failed executing DbCommand (11ms) [Parameters=[], CommandType='Text', CommandTimeout='30']
      SELECT "MigrationId", "ProductVersion"
      FROM "__EFMigrationsHistory"
      ORDER BY "MigrationId";
fail: 7/12/2025 16:05:39.082 RelationalEventId.CommandError[20102] (Microsoft.EntityFrameworkCore.Database.Command) 
      Failed executing DbCommand (11ms) [Parameters=[], CommandType='Text', CommandTimeout='30']
      SELECT "MigrationId", "ProductVersion"
      FROM "__EFMigrationsHistory"
      ORDER BY "MigrationId";
dbug: Microsoft.EntityFrameworkCore.Migrations[20400]
      Migrating using database 'bddtestdb' on server 'tcp://127.0.0.1:33492'.
dbug: Microsoft.EntityFrameworkCore.Migrations[20400]
      Migrating using database 'bddtestdb' on server 'tcp://127.0.0.1:33493'.
dbug: Microsoft.EntityFrameworkCore.Database.Command[20103]
      Creating DbCommand for 'ExecuteNonQuery'.
dbug: Microsoft.EntityFrameworkCore.Database.Command[20104]
      Created DbCommand for 'ExecuteNonQuery' (0ms).
dbug: Microsoft.EntityFrameworkCore.Database.Command[20103]
      Creating DbCommand for 'ExecuteNonQuery'.
dbug: Microsoft.EntityFrameworkCore.Database.Command[20104]
      Created DbCommand for 'ExecuteNonQuery' (0ms).
dbug: Microsoft.EntityFrameworkCore.Database.Command[20106]
      Initialized DbCommand for 'ExecuteNonQuery' (0ms).
dbug: Microsoft.EntityFrameworkCore.Database.Command[20106]
      Initialized DbCommand for 'ExecuteNonQuery' (0ms).
dbug: Microsoft.EntityFrameworkCore.Database.Command[20100]
      Executing DbCommand [Parameters=[], CommandType='Text', CommandTimeout='30']
      CREATE TABLE IF NOT EXISTS "__EFMigrationsHistory" (
          "MigrationId" character varying(150) NOT NULL,
          "ProductVersion" character varying(32) NOT NULL,
          CONSTRAINT "PK___EFMigrationsHistory" PRIMARY KEY ("MigrationId")
      );
dbug: Microsoft.EntityFrameworkCore.Database.Command[20100]
      Executing DbCommand [Parameters=[], CommandType='Text', CommandTimeout='30']
      CREATE TABLE IF NOT EXISTS "__EFMigrationsHistory" (
          "MigrationId" character varying(150) NOT NULL,
          "ProductVersion" character varying(32) NOT NULL,
          CONSTRAINT "PK___EFMigrationsHistory" PRIMARY KEY ("MigrationId")
      );
info: Microsoft.EntityFrameworkCore.Database.Command[20101]
      Executed DbCommand (3ms) [Parameters=[], CommandType='Text', CommandTimeout='30']
      CREATE TABLE IF NOT EXISTS "__EFMigrationsHistory" (
          "MigrationId" character varying(150) NOT NULL,
          "ProductVersion" character varying(32) NOT NULL,
          CONSTRAINT "PK___EFMigrationsHistory" PRIMARY KEY ("MigrationId")
      );
info: Microsoft.EntityFrameworkCore.Database.Command[20101]
      Executed DbCommand (3ms) [Parameters=[], CommandType='Text', CommandTimeout='30']
      CREATE TABLE IF NOT EXISTS "__EFMigrationsHistory" (
          "MigrationId" character varying(150) NOT NULL,
          "ProductVersion" character varying(32) NOT NULL,
          CONSTRAINT "PK___EFMigrationsHistory" PRIMARY KEY ("MigrationId")
      );
info: 7/12/2025 16:05:39.207 RelationalEventId.CommandExecuted[20101] (Microsoft.EntityFrameworkCore.Database.Command) 
      Executed DbCommand (3ms) [Parameters=[], CommandType='Text', CommandTimeout='30']
      CREATE TABLE IF NOT EXISTS "__EFMigrationsHistory" (
          "MigrationId" character varying(150) NOT NULL,
          "ProductVersion" character varying(32) NOT NULL,
          CONSTRAINT "PK___EFMigrationsHistory" PRIMARY KEY ("MigrationId")
      );
info: 7/12/2025 16:05:39.207 RelationalEventId.CommandExecuted[20101] (Microsoft.EntityFrameworkCore.Database.Command) 
      Executed DbCommand (3ms) [Parameters=[], CommandType='Text', CommandTimeout='30']
      CREATE TABLE IF NOT EXISTS "__EFMigrationsHistory" (
          "MigrationId" character varying(150) NOT NULL,
          "ProductVersion" character varying(32) NOT NULL,
          CONSTRAINT "PK___EFMigrationsHistory" PRIMARY KEY ("MigrationId")
      );
info: Microsoft.EntityFrameworkCore.Migrations[20411]
      Acquiring an exclusive lock for migration application. See https://aka.ms/efcore-docs-migrations-lock for more information if this takes too long.
info: Microsoft.EntityFrameworkCore.Migrations[20411]
      Acquiring an exclusive lock for migration application. See https://aka.ms/efcore-docs-migrations-lock for more information if this takes too long.
info: 7/12/2025 16:05:39.210 RelationalEventId.AcquiringMigrationLock[20411] (Microsoft.EntityFrameworkCore.Migrations) 
      Acquiring an exclusive lock for migration application. See https://aka.ms/efcore-docs-migrations-lock for more information if this takes too long.
info: 7/12/2025 16:05:39.210 RelationalEventId.AcquiringMigrationLock[20411] (Microsoft.EntityFrameworkCore.Migrations) 
      Acquiring an exclusive lock for migration application. See https://aka.ms/efcore-docs-migrations-lock for more information if this takes too long.
dbug: Microsoft.EntityFrameworkCore.Database.Command[20103]
      Creating DbCommand for 'ExecuteNonQuery'.
dbug: Microsoft.EntityFrameworkCore.Database.Command[20103]
      Creating DbCommand for 'ExecuteNonQuery'.
dbug: Microsoft.EntityFrameworkCore.Database.Command[20104]
      Created DbCommand for 'ExecuteNonQuery' (0ms).
dbug: Microsoft.EntityFrameworkCore.Database.Command[20104]
      Created DbCommand for 'ExecuteNonQuery' (0ms).
dbug: Microsoft.EntityFrameworkCore.Database.Command[20106]
      Initialized DbCommand for 'ExecuteNonQuery' (0ms).
dbug: Microsoft.EntityFrameworkCore.Database.Command[20106]
      Initialized DbCommand for 'ExecuteNonQuery' (0ms).
dbug: Microsoft.EntityFrameworkCore.Database.Command[20100]
      Executing DbCommand [Parameters=[], CommandType='Text', CommandTimeout='30']
      LOCK TABLE "__EFMigrationsHistory" IN ACCESS EXCLUSIVE MODE
dbug: Microsoft.EntityFrameworkCore.Database.Command[20100]
      Executing DbCommand [Parameters=[], CommandType='Text', CommandTimeout='30']
      LOCK TABLE "__EFMigrationsHistory" IN ACCESS EXCLUSIVE MODE
info: Microsoft.EntityFrameworkCore.Database.Command[20101]
      Executed DbCommand (0ms) [Parameters=[], CommandType='Text', CommandTimeout='30']
      LOCK TABLE "__EFMigrationsHistory" IN ACCESS EXCLUSIVE MODE
info: 7/12/2025 16:05:39.211 RelationalEventId.CommandExecuted[20101] (Microsoft.EntityFrameworkCore.Database.Command) 
      Executed DbCommand (0ms) [Parameters=[], CommandType='Text', CommandTimeout='30']
      LOCK TABLE "__EFMigrationsHistory" IN ACCESS EXCLUSIVE MODE
info: Microsoft.EntityFrameworkCore.Database.Command[20101]
      Executed DbCommand (0ms) [Parameters=[], CommandType='Text', CommandTimeout='30']
      LOCK TABLE "__EFMigrationsHistory" IN ACCESS EXCLUSIVE MODE
info: 7/12/2025 16:05:39.211 RelationalEventId.CommandExecuted[20101] (Microsoft.EntityFrameworkCore.Database.Command) 
      Executed DbCommand (0ms) [Parameters=[], CommandType='Text', CommandTimeout='30']
      LOCK TABLE "__EFMigrationsHistory" IN ACCESS EXCLUSIVE MODE
dbug: Microsoft.EntityFrameworkCore.Database.Command[20103]
      Creating DbCommand for 'ExecuteReader'.
dbug: Microsoft.EntityFrameworkCore.Database.Command[20104]
      Created DbCommand for 'ExecuteReader' (0ms).
dbug: Microsoft.EntityFrameworkCore.Database.Command[20103]
      Creating DbCommand for 'ExecuteReader'.
dbug: Microsoft.EntityFrameworkCore.Database.Command[20104]
      Created DbCommand for 'ExecuteReader' (0ms).
dbug: Microsoft.EntityFrameworkCore.Database.Command[20106]
      Initialized DbCommand for 'ExecuteReader' (0ms).
dbug: Microsoft.EntityFrameworkCore.Database.Command[20106]
      Initialized DbCommand for 'ExecuteReader' (0ms).
dbug: Microsoft.EntityFrameworkCore.Database.Command[20100]
      Executing DbCommand [Parameters=[], CommandType='Text', CommandTimeout='30']
      SELECT "MigrationId", "ProductVersion"
      FROM "__EFMigrationsHistory"
      ORDER BY "MigrationId";
dbug: Microsoft.EntityFrameworkCore.Database.Command[20100]
      Executing DbCommand [Parameters=[], CommandType='Text', CommandTimeout='30']
      SELECT "MigrationId", "ProductVersion"
      FROM "__EFMigrationsHistory"
      ORDER BY "MigrationId";
info: Microsoft.EntityFrameworkCore.Database.Command[20101]
      Executed DbCommand (1ms) [Parameters=[], CommandType='Text', CommandTimeout='30']
      SELECT "MigrationId", "ProductVersion"
      FROM "__EFMigrationsHistory"
      ORDER BY "MigrationId";
info: Microsoft.EntityFrameworkCore.Database.Command[20101]
      Executed DbCommand (1ms) [Parameters=[], CommandType='Text', CommandTimeout='30']
      SELECT "MigrationId", "ProductVersion"
      FROM "__EFMigrationsHistory"
      ORDER BY "MigrationId";
info: 7/12/2025 16:05:39.212 RelationalEventId.CommandExecuted[20101] (Microsoft.EntityFrameworkCore.Database.Command) 
      Executed DbCommand (1ms) [Parameters=[], CommandType='Text', CommandTimeout='30']
      SELECT "MigrationId", "ProductVersion"
      FROM "__EFMigrationsHistory"
      ORDER BY "MigrationId";
info: 7/12/2025 16:05:39.212 RelationalEventId.CommandExecuted[20101] (Microsoft.EntityFrameworkCore.Database.Command) 
      Executed DbCommand (1ms) [Parameters=[], CommandType='Text', CommandTimeout='30']
      SELECT "MigrationId", "ProductVersion"
      FROM "__EFMigrationsHistory"
      ORDER BY "MigrationId";
dbug: Microsoft.EntityFrameworkCore.Database.Command[20301]
      Closing data reader to 'bddtestdb' on server 'tcp://127.0.0.1:33492'.
dbug: Microsoft.EntityFrameworkCore.Database.Command[20301]
      Closing data reader to 'bddtestdb' on server 'tcp://127.0.0.1:33493'.
dbug: Microsoft.EntityFrameworkCore.Database.Command[20300]
      A data reader for 'bddtestdb' on server 'tcp://127.0.0.1:33492' is being disposed after spending 1ms reading results.
dbug: Microsoft.EntityFrameworkCore.Database.Command[20300]
      A data reader for 'bddtestdb' on server 'tcp://127.0.0.1:33493' is being disposed after spending 1ms reading results.
info: Microsoft.EntityFrameworkCore.Migrations[20402]
      Applying migration '20250623233141_InitialCreate'.
info: Microsoft.EntityFrameworkCore.Migrations[20402]
      Applying migration '20250623233141_InitialCreate'.
info: 7/12/2025 16:05:39.217 RelationalEventId.MigrationApplying[20402] (Microsoft.EntityFrameworkCore.Migrations) 
      Applying migration '20250623233141_InitialCreate'.
info: 7/12/2025 16:05:39.217 RelationalEventId.MigrationApplying[20402] (Microsoft.EntityFrameworkCore.Migrations) 
      Applying migration '20250623233141_InitialCreate'.
dbug: Microsoft.EntityFrameworkCore.Database.Command[20103]
      Creating DbCommand for 'ExecuteNonQuery'.
dbug: Microsoft.EntityFrameworkCore.Database.Command[20104]
      Created DbCommand for 'ExecuteNonQuery' (0ms).
dbug: Microsoft.EntityFrameworkCore.Database.Command[20103]
      Creating DbCommand for 'ExecuteNonQuery'.
dbug: Microsoft.EntityFrameworkCore.Database.Command[20106]
      Initialized DbCommand for 'ExecuteNonQuery' (0ms).
dbug: Microsoft.EntityFrameworkCore.Database.Command[20104]
      Created DbCommand for 'ExecuteNonQuery' (0ms).
dbug: Microsoft.EntityFrameworkCore.Database.Command[20106]
      Initialized DbCommand for 'ExecuteNonQuery' (0ms).
dbug: Microsoft.EntityFrameworkCore.Database.Command[20100]
      Executing DbCommand [Parameters=[], CommandType='Text', CommandTimeout='30']
      CREATE TABLE "Equipment" (
          "Id" uuid NOT NULL,
          "Name" text NOT NULL,
          CONSTRAINT "PK_Equipment" PRIMARY KEY ("Id")
      );
dbug: Microsoft.EntityFrameworkCore.Database.Command[20100]
      Executing DbCommand [Parameters=[], CommandType='Text', CommandTimeout='30']
      CREATE TABLE "Equipment" (
          "Id" uuid NOT NULL,
          "Name" text NOT NULL,
          CONSTRAINT "PK_Equipment" PRIMARY KEY ("Id")
      );
info: Microsoft.EntityFrameworkCore.Database.Command[20101]
      Executed DbCommand (1ms) [Parameters=[], CommandType='Text', CommandTimeout='30']
      CREATE TABLE "Equipment" (
          "Id" uuid NOT NULL,
          "Name" text NOT NULL,
          CONSTRAINT "PK_Equipment" PRIMARY KEY ("Id")
      );
info: Microsoft.EntityFrameworkCore.Database.Command[20101]
      Executed DbCommand (1ms) [Parameters=[], CommandType='Text', CommandTimeout='30']
      CREATE TABLE "Equipment" (
          "Id" uuid NOT NULL,
          "Name" text NOT NULL,
          CONSTRAINT "PK_Equipment" PRIMARY KEY ("Id")
      );
info: 7/12/2025 16:05:39.230 RelationalEventId.CommandExecuted[20101] (Microsoft.EntityFrameworkCore.Database.Command) 
      Executed DbCommand (1ms) [Parameters=[], CommandType='Text', CommandTimeout='30']
      CREATE TABLE "Equipment" (
          "Id" uuid NOT NULL,
          "Name" text NOT NULL,
          CONSTRAINT "PK_Equipment" PRIMARY KEY ("Id")
      );
info: 7/12/2025 16:05:39.230 RelationalEventId.CommandExecuted[20101] (Microsoft.EntityFrameworkCore.Database.Command) 
      Executed DbCommand (1ms) [Parameters=[], CommandType='Text', CommandTimeout='30']
      CREATE TABLE "Equipment" (
          "Id" uuid NOT NULL,
          "Name" text NOT NULL,
          CONSTRAINT "PK_Equipment" PRIMARY KEY ("Id")
      );
dbug: Microsoft.EntityFrameworkCore.Database.Command[20103]
      Creating DbCommand for 'ExecuteNonQuery'.
dbug: Microsoft.EntityFrameworkCore.Database.Command[20103]
      Creating DbCommand for 'ExecuteNonQuery'.
dbug: Microsoft.EntityFrameworkCore.Database.Command[20104]
      Created DbCommand for 'ExecuteNonQuery' (0ms).
dbug: Microsoft.EntityFrameworkCore.Database.Command[20106]
      Initialized DbCommand for 'ExecuteNonQuery' (0ms).
dbug: Microsoft.EntityFrameworkCore.Database.Command[20104]
      Created DbCommand for 'ExecuteNonQuery' (0ms).
dbug: Microsoft.EntityFrameworkCore.Database.Command[20106]
      Initialized DbCommand for 'ExecuteNonQuery' (0ms).
dbug: Microsoft.EntityFrameworkCore.Database.Command[20100]
      Executing DbCommand [Parameters=[], CommandType='Text', CommandTimeout='30']
      CREATE TABLE "Exercises" (
          "Id" uuid NOT NULL,
          "Name" text NOT NULL,
          "Description" text NOT NULL,
          "Instructions" text NOT NULL,
          "VideoUrl" text,
          "Difficulty" integer NOT NULL,
          "KineticChain" integer NOT NULL,
          "IsUnilateral" boolean NOT NULL,
          CONSTRAINT "PK_Exercises" PRIMARY KEY ("Id")
      );
dbug: Microsoft.EntityFrameworkCore.Database.Command[20100]
      Executing DbCommand [Parameters=[], CommandType='Text', CommandTimeout='30']
      CREATE TABLE "Exercises" (
          "Id" uuid NOT NULL,
          "Name" text NOT NULL,
          "Description" text NOT NULL,
          "Instructions" text NOT NULL,
          "VideoUrl" text,
          "Difficulty" integer NOT NULL,
          "KineticChain" integer NOT NULL,
          "IsUnilateral" boolean NOT NULL,
          CONSTRAINT "PK_Exercises" PRIMARY KEY ("Id")
      );
info: Microsoft.EntityFrameworkCore.Database.Command[20101]
      Executed DbCommand (1ms) [Parameters=[], CommandType='Text', CommandTimeout='30']
      CREATE TABLE "Exercises" (
          "Id" uuid NOT NULL,
          "Name" text NOT NULL,
          "Description" text NOT NULL,
          "Instructions" text NOT NULL,
          "VideoUrl" text,
          "Difficulty" integer NOT NULL,
          "KineticChain" integer NOT NULL,
          "IsUnilateral" boolean NOT NULL,
          CONSTRAINT "PK_Exercises" PRIMARY KEY ("Id")
      );
info: 7/12/2025 16:05:39.231 RelationalEventId.CommandExecuted[20101] (Microsoft.EntityFrameworkCore.Database.Command) 
      Executed DbCommand (1ms) [Parameters=[], CommandType='Text', CommandTimeout='30']
      CREATE TABLE "Exercises" (
          "Id" uuid NOT NULL,
          "Name" text NOT NULL,
          "Description" text NOT NULL,
          "Instructions" text NOT NULL,
          "VideoUrl" text,
          "Difficulty" integer NOT NULL,
          "KineticChain" integer NOT NULL,
          "IsUnilateral" boolean NOT NULL,
          CONSTRAINT "PK_Exercises" PRIMARY KEY ("Id")
      );
dbug: Microsoft.EntityFrameworkCore.Database.Command[20103]
      Creating DbCommand for 'ExecuteNonQuery'.
dbug: Microsoft.EntityFrameworkCore.Database.Command[20104]
      Created DbCommand for 'ExecuteNonQuery' (0ms).
dbug: Microsoft.EntityFrameworkCore.Database.Command[20106]
      Initialized DbCommand for 'ExecuteNonQuery' (0ms).
dbug: Microsoft.EntityFrameworkCore.Database.Command[20100]
      Executing DbCommand [Parameters=[], CommandType='Text', CommandTimeout='30']
      CREATE TABLE "MetricTypes" (
          "Id" uuid NOT NULL,
          "Name" text NOT NULL,
          CONSTRAINT "PK_MetricTypes" PRIMARY KEY ("Id")
      );
info: Microsoft.EntityFrameworkCore.Database.Command[20101]
      Executed DbCommand (1ms) [Parameters=[], CommandType='Text', CommandTimeout='30']
      CREATE TABLE "MetricTypes" (
          "Id" uuid NOT NULL,
          "Name" text NOT NULL,
          CONSTRAINT "PK_MetricTypes" PRIMARY KEY ("Id")
      );
info: 7/12/2025 16:05:39.232 RelationalEventId.CommandExecuted[20101] (Microsoft.EntityFrameworkCore.Database.Command) 
      Executed DbCommand (1ms) [Parameters=[], CommandType='Text', CommandTimeout='30']
      CREATE TABLE "MetricTypes" (
          "Id" uuid NOT NULL,
          "Name" text NOT NULL,
          CONSTRAINT "PK_MetricTypes" PRIMARY KEY ("Id")
      );
dbug: Microsoft.EntityFrameworkCore.Database.Command[20103]
      Creating DbCommand for 'ExecuteNonQuery'.
dbug: Microsoft.EntityFrameworkCore.Database.Command[20104]
      Created DbCommand for 'ExecuteNonQuery' (0ms).
dbug: Microsoft.EntityFrameworkCore.Database.Command[20106]
      Initialized DbCommand for 'ExecuteNonQuery' (0ms).
dbug: Microsoft.EntityFrameworkCore.Database.Command[20100]
      Executing DbCommand [Parameters=[], CommandType='Text', CommandTimeout='30']
      CREATE TABLE "MovementPatterns" (
          "Id" uuid NOT NULL,
          "Name" text NOT NULL,
          "Description" text NOT NULL,
          CONSTRAINT "PK_MovementPatterns" PRIMARY KEY ("Id")
      );
info: Microsoft.EntityFrameworkCore.Database.Command[20101]
      Executed DbCommand (2ms) [Parameters=[], CommandType='Text', CommandTimeout='30']
      CREATE TABLE "Exercises" (
          "Id" uuid NOT NULL,
          "Name" text NOT NULL,
          "Description" text NOT NULL,
          "Instructions" text NOT NULL,
          "VideoUrl" text,
          "Difficulty" integer NOT NULL,
          "KineticChain" integer NOT NULL,
          "IsUnilateral" boolean NOT NULL,
          CONSTRAINT "PK_Exercises" PRIMARY KEY ("Id")
      );
info: 7/12/2025 16:05:39.232 RelationalEventId.CommandExecuted[20101] (Microsoft.EntityFrameworkCore.Database.Command) 
      Executed DbCommand (2ms) [Parameters=[], CommandType='Text', CommandTimeout='30']
      CREATE TABLE "Exercises" (
          "Id" uuid NOT NULL,
          "Name" text NOT NULL,
          "Description" text NOT NULL,
          "Instructions" text NOT NULL,
          "VideoUrl" text,
          "Difficulty" integer NOT NULL,
          "KineticChain" integer NOT NULL,
          "IsUnilateral" boolean NOT NULL,
          CONSTRAINT "PK_Exercises" PRIMARY KEY ("Id")
      );
dbug: Microsoft.EntityFrameworkCore.Database.Command[20103]
      Creating DbCommand for 'ExecuteNonQuery'.
dbug: Microsoft.EntityFrameworkCore.Database.Command[20104]
      Created DbCommand for 'ExecuteNonQuery' (0ms).
dbug: Microsoft.EntityFrameworkCore.Database.Command[20106]
      Initialized DbCommand for 'ExecuteNonQuery' (0ms).
dbug: Microsoft.EntityFrameworkCore.Database.Command[20100]
      Executing DbCommand [Parameters=[], CommandType='Text', CommandTimeout='30']
      CREATE TABLE "MetricTypes" (
          "Id" uuid NOT NULL,
          "Name" text NOT NULL,
          CONSTRAINT "PK_MetricTypes" PRIMARY KEY ("Id")
      );
info: Microsoft.EntityFrameworkCore.Database.Command[20101]
      Executed DbCommand (1ms) [Parameters=[], CommandType='Text', CommandTimeout='30']
      CREATE TABLE "MovementPatterns" (
          "Id" uuid NOT NULL,
          "Name" text NOT NULL,
          "Description" text NOT NULL,
          CONSTRAINT "PK_MovementPatterns" PRIMARY KEY ("Id")
      );
info: 7/12/2025 16:05:39.233 RelationalEventId.CommandExecuted[20101] (Microsoft.EntityFrameworkCore.Database.Command) 
      Executed DbCommand (1ms) [Parameters=[], CommandType='Text', CommandTimeout='30']
      CREATE TABLE "MovementPatterns" (
          "Id" uuid NOT NULL,
          "Name" text NOT NULL,
          "Description" text NOT NULL,
          CONSTRAINT "PK_MovementPatterns" PRIMARY KEY ("Id")
      );
dbug: Microsoft.EntityFrameworkCore.Database.Command[20103]
      Creating DbCommand for 'ExecuteNonQuery'.
dbug: Microsoft.EntityFrameworkCore.Database.Command[20104]
      Created DbCommand for 'ExecuteNonQuery' (0ms).
dbug: Microsoft.EntityFrameworkCore.Database.Command[20106]
      Initialized DbCommand for 'ExecuteNonQuery' (0ms).
dbug: Microsoft.EntityFrameworkCore.Database.Command[20100]
      Executing DbCommand [Parameters=[], CommandType='Text', CommandTimeout='30']
      CREATE TABLE "MuscleGroups" (
          "Id" uuid NOT NULL,
          "Name" text NOT NULL,
          "BodyPart" integer NOT NULL,
          CONSTRAINT "PK_MuscleGroups" PRIMARY KEY ("Id")
      );
info: Microsoft.EntityFrameworkCore.Database.Command[20101]
      Executed DbCommand (1ms) [Parameters=[], CommandType='Text', CommandTimeout='30']
      CREATE TABLE "MetricTypes" (
          "Id" uuid NOT NULL,
          "Name" text NOT NULL,
          CONSTRAINT "PK_MetricTypes" PRIMARY KEY ("Id")
      );
info: 7/12/2025 16:05:39.233 RelationalEventId.CommandExecuted[20101] (Microsoft.EntityFrameworkCore.Database.Command) 
      Executed DbCommand (1ms) [Parameters=[], CommandType='Text', CommandTimeout='30']
      CREATE TABLE "MetricTypes" (
          "Id" uuid NOT NULL,
          "Name" text NOT NULL,
          CONSTRAINT "PK_MetricTypes" PRIMARY KEY ("Id")
      );
dbug: Microsoft.EntityFrameworkCore.Database.Command[20103]
      Creating DbCommand for 'ExecuteNonQuery'.
dbug: Microsoft.EntityFrameworkCore.Database.Command[20104]
      Created DbCommand for 'ExecuteNonQuery' (0ms).
dbug: Microsoft.EntityFrameworkCore.Database.Command[20106]
      Initialized DbCommand for 'ExecuteNonQuery' (0ms).
dbug: Microsoft.EntityFrameworkCore.Database.Command[20100]
      Executing DbCommand [Parameters=[], CommandType='Text', CommandTimeout='30']
      CREATE TABLE "MovementPatterns" (
          "Id" uuid NOT NULL,
          "Name" text NOT NULL,
          "Description" text NOT NULL,
          CONSTRAINT "PK_MovementPatterns" PRIMARY KEY ("Id")
      );
info: Microsoft.EntityFrameworkCore.Database.Command[20101]
      Executed DbCommand (1ms) [Parameters=[], CommandType='Text', CommandTimeout='30']
      CREATE TABLE "MuscleGroups" (
          "Id" uuid NOT NULL,
          "Name" text NOT NULL,
          "BodyPart" integer NOT NULL,
          CONSTRAINT "PK_MuscleGroups" PRIMARY KEY ("Id")
      );
info: 7/12/2025 16:05:39.233 RelationalEventId.CommandExecuted[20101] (Microsoft.EntityFrameworkCore.Database.Command) 
      Executed DbCommand (1ms) [Parameters=[], CommandType='Text', CommandTimeout='30']
      CREATE TABLE "MuscleGroups" (
          "Id" uuid NOT NULL,
          "Name" text NOT NULL,
          "BodyPart" integer NOT NULL,
          CONSTRAINT "PK_MuscleGroups" PRIMARY KEY ("Id")
      );
dbug: Microsoft.EntityFrameworkCore.Database.Command[20103]
      Creating DbCommand for 'ExecuteNonQuery'.
dbug: Microsoft.EntityFrameworkCore.Database.Command[20104]
      Created DbCommand for 'ExecuteNonQuery' (0ms).
dbug: Microsoft.EntityFrameworkCore.Database.Command[20106]
      Initialized DbCommand for 'ExecuteNonQuery' (0ms).
dbug: Microsoft.EntityFrameworkCore.Database.Command[20100]
      Executing DbCommand [Parameters=[], CommandType='Text', CommandTimeout='30']
      CREATE TABLE "Users" (
          "Id" uuid NOT NULL,
          "Username" text NOT NULL,
          "Email" text NOT NULL,
          "PasswordHash" text NOT NULL,
          "CreatedAt" timestamp with time zone NOT NULL,
          "LastLoginAt" timestamp with time zone,
          CONSTRAINT "PK_Users" PRIMARY KEY ("Id")
      );
info: Microsoft.EntityFrameworkCore.Database.Command[20101]
      Executed DbCommand (1ms) [Parameters=[], CommandType='Text', CommandTimeout='30']
      CREATE TABLE "Users" (
          "Id" uuid NOT NULL,
          "Username" text NOT NULL,
          "Email" text NOT NULL,
          "PasswordHash" text NOT NULL,
          "CreatedAt" timestamp with time zone NOT NULL,
          "LastLoginAt" timestamp with time zone,
          CONSTRAINT "PK_Users" PRIMARY KEY ("Id")
      );
info: 7/12/2025 16:05:39.234 RelationalEventId.CommandExecuted[20101] (Microsoft.EntityFrameworkCore.Database.Command) 
      Executed DbCommand (1ms) [Parameters=[], CommandType='Text', CommandTimeout='30']
      CREATE TABLE "Users" (
          "Id" uuid NOT NULL,
          "Username" text NOT NULL,
          "Email" text NOT NULL,
          "PasswordHash" text NOT NULL,
          "CreatedAt" timestamp with time zone NOT NULL,
          "LastLoginAt" timestamp with time zone,
          CONSTRAINT "PK_Users" PRIMARY KEY ("Id")
      );
dbug: Microsoft.EntityFrameworkCore.Database.Command[20103]
      Creating DbCommand for 'ExecuteNonQuery'.
dbug: Microsoft.EntityFrameworkCore.Database.Command[20104]
      Created DbCommand for 'ExecuteNonQuery' (0ms).
dbug: Microsoft.EntityFrameworkCore.Database.Command[20106]
      Initialized DbCommand for 'ExecuteNonQuery' (0ms).
dbug: Microsoft.EntityFrameworkCore.Database.Command[20100]
      Executing DbCommand [Parameters=[], CommandType='Text', CommandTimeout='30']
      CREATE TABLE "ExerciseEquipment" (
          "ExerciseId" uuid NOT NULL,
          "EquipmentId" uuid NOT NULL,
          CONSTRAINT "PK_ExerciseEquipment" PRIMARY KEY ("ExerciseId", "EquipmentId"),
          CONSTRAINT "FK_ExerciseEquipment_Equipment_EquipmentId" FOREIGN KEY ("EquipmentId") REFERENCES "Equipment" ("Id") ON DELETE CASCADE,
          CONSTRAINT "FK_ExerciseEquipment_Exercises_ExerciseId" FOREIGN KEY ("ExerciseId") REFERENCES "Exercises" ("Id") ON DELETE CASCADE
      );
info: Microsoft.EntityFrameworkCore.Database.Command[20101]
      Executed DbCommand (1ms) [Parameters=[], CommandType='Text', CommandTimeout='30']
      CREATE TABLE "MovementPatterns" (
          "Id" uuid NOT NULL,
          "Name" text NOT NULL,
          "Description" text NOT NULL,
          CONSTRAINT "PK_MovementPatterns" PRIMARY KEY ("Id")
      );
info: 7/12/2025 16:05:39.234 RelationalEventId.CommandExecuted[20101] (Microsoft.EntityFrameworkCore.Database.Command) 
      Executed DbCommand (1ms) [Parameters=[], CommandType='Text', CommandTimeout='30']
      CREATE TABLE "MovementPatterns" (
          "Id" uuid NOT NULL,
          "Name" text NOT NULL,
          "Description" text NOT NULL,
          CONSTRAINT "PK_MovementPatterns" PRIMARY KEY ("Id")
      );
dbug: Microsoft.EntityFrameworkCore.Database.Command[20103]
      Creating DbCommand for 'ExecuteNonQuery'.
dbug: Microsoft.EntityFrameworkCore.Database.Command[20104]
      Created DbCommand for 'ExecuteNonQuery' (0ms).
dbug: Microsoft.EntityFrameworkCore.Database.Command[20106]
      Initialized DbCommand for 'ExecuteNonQuery' (0ms).
dbug: Microsoft.EntityFrameworkCore.Database.Command[20100]
      Executing DbCommand [Parameters=[], CommandType='Text', CommandTimeout='30']
      CREATE TABLE "MuscleGroups" (
          "Id" uuid NOT NULL,
          "Name" text NOT NULL,
          "BodyPart" integer NOT NULL,
          CONSTRAINT "PK_MuscleGroups" PRIMARY KEY ("Id")
      );
info: Microsoft.EntityFrameworkCore.Database.Command[20101]
      Executed DbCommand (1ms) [Parameters=[], CommandType='Text', CommandTimeout='30']
      CREATE TABLE "MuscleGroups" (
          "Id" uuid NOT NULL,
          "Name" text NOT NULL,
          "BodyPart" integer NOT NULL,
          CONSTRAINT "PK_MuscleGroups" PRIMARY KEY ("Id")
      );
info: 7/12/2025 16:05:39.235 RelationalEventId.CommandExecuted[20101] (Microsoft.EntityFrameworkCore.Database.Command) 
      Executed DbCommand (1ms) [Parameters=[], CommandType='Text', CommandTimeout='30']
      CREATE TABLE "MuscleGroups" (
          "Id" uuid NOT NULL,
          "Name" text NOT NULL,
          "BodyPart" integer NOT NULL,
          CONSTRAINT "PK_MuscleGroups" PRIMARY KEY ("Id")
      );
dbug: Microsoft.EntityFrameworkCore.Database.Command[20103]
      Creating DbCommand for 'ExecuteNonQuery'.
dbug: Microsoft.EntityFrameworkCore.Database.Command[20104]
      Created DbCommand for 'ExecuteNonQuery' (0ms).
dbug: Microsoft.EntityFrameworkCore.Database.Command[20106]
      Initialized DbCommand for 'ExecuteNonQuery' (0ms).
dbug: Microsoft.EntityFrameworkCore.Database.Command[20100]
      Executing DbCommand [Parameters=[], CommandType='Text', CommandTimeout='30']
      CREATE TABLE "Users" (
          "Id" uuid NOT NULL,
          "Username" text NOT NULL,
          "Email" text NOT NULL,
          "PasswordHash" text NOT NULL,
          "CreatedAt" timestamp with time zone NOT NULL,
          "LastLoginAt" timestamp with time zone,
          CONSTRAINT "PK_Users" PRIMARY KEY ("Id")
      );
info: Microsoft.EntityFrameworkCore.Database.Command[20101]
      Executed DbCommand (1ms) [Parameters=[], CommandType='Text', CommandTimeout='30']
      CREATE TABLE "ExerciseEquipment" (
          "ExerciseId" uuid NOT NULL,
          "EquipmentId" uuid NOT NULL,
          CONSTRAINT "PK_ExerciseEquipment" PRIMARY KEY ("ExerciseId", "EquipmentId"),
          CONSTRAINT "FK_ExerciseEquipment_Equipment_EquipmentId" FOREIGN KEY ("EquipmentId") REFERENCES "Equipment" ("Id") ON DELETE CASCADE,
          CONSTRAINT "FK_ExerciseEquipment_Exercises_ExerciseId" FOREIGN KEY ("ExerciseId") REFERENCES "Exercises" ("Id") ON DELETE CASCADE
      );
info: 7/12/2025 16:05:39.235 RelationalEventId.CommandExecuted[20101] (Microsoft.EntityFrameworkCore.Database.Command) 
      Executed DbCommand (1ms) [Parameters=[], CommandType='Text', CommandTimeout='30']
      CREATE TABLE "ExerciseEquipment" (
          "ExerciseId" uuid NOT NULL,
          "EquipmentId" uuid NOT NULL,
          CONSTRAINT "PK_ExerciseEquipment" PRIMARY KEY ("ExerciseId", "EquipmentId"),
          CONSTRAINT "FK_ExerciseEquipment_Equipment_EquipmentId" FOREIGN KEY ("EquipmentId") REFERENCES "Equipment" ("Id") ON DELETE CASCADE,
          CONSTRAINT "FK_ExerciseEquipment_Exercises_ExerciseId" FOREIGN KEY ("ExerciseId") REFERENCES "Exercises" ("Id") ON DELETE CASCADE
      );
dbug: Microsoft.EntityFrameworkCore.Database.Command[20103]
      Creating DbCommand for 'ExecuteNonQuery'.
dbug: Microsoft.EntityFrameworkCore.Database.Command[20104]
      Created DbCommand for 'ExecuteNonQuery' (0ms).
dbug: Microsoft.EntityFrameworkCore.Database.Command[20106]
      Initialized DbCommand for 'ExecuteNonQuery' (0ms).
dbug: Microsoft.EntityFrameworkCore.Database.Command[20100]
      Executing DbCommand [Parameters=[], CommandType='Text', CommandTimeout='30']
      CREATE TABLE "ExerciseMetricSupport" (
          "ExerciseId" uuid NOT NULL,
          "MetricTypeId" uuid NOT NULL,
          CONSTRAINT "PK_ExerciseMetricSupport" PRIMARY KEY ("ExerciseId", "MetricTypeId"),
          CONSTRAINT "FK_ExerciseMetricSupport_Exercises_ExerciseId" FOREIGN KEY ("ExerciseId") REFERENCES "Exercises" ("Id") ON DELETE CASCADE,
          CONSTRAINT "FK_ExerciseMetricSupport_MetricTypes_MetricTypeId" FOREIGN KEY ("MetricTypeId") REFERENCES "MetricTypes" ("Id") ON DELETE CASCADE
      );
info: Microsoft.EntityFrameworkCore.Database.Command[20101]
      Executed DbCommand (1ms) [Parameters=[], CommandType='Text', CommandTimeout='30']
      CREATE TABLE "ExerciseMetricSupport" (
          "ExerciseId" uuid NOT NULL,
          "MetricTypeId" uuid NOT NULL,
          CONSTRAINT "PK_ExerciseMetricSupport" PRIMARY KEY ("ExerciseId", "MetricTypeId"),
          CONSTRAINT "FK_ExerciseMetricSupport_Exercises_ExerciseId" FOREIGN KEY ("ExerciseId") REFERENCES "Exercises" ("Id") ON DELETE CASCADE,
          CONSTRAINT "FK_ExerciseMetricSupport_MetricTypes_MetricTypeId" FOREIGN KEY ("MetricTypeId") REFERENCES "MetricTypes" ("Id") ON DELETE CASCADE
      );
info: 7/12/2025 16:05:39.236 RelationalEventId.CommandExecuted[20101] (Microsoft.EntityFrameworkCore.Database.Command) 
      Executed DbCommand (1ms) [Parameters=[], CommandType='Text', CommandTimeout='30']
      CREATE TABLE "ExerciseMetricSupport" (
          "ExerciseId" uuid NOT NULL,
          "MetricTypeId" uuid NOT NULL,
          CONSTRAINT "PK_ExerciseMetricSupport" PRIMARY KEY ("ExerciseId", "MetricTypeId"),
          CONSTRAINT "FK_ExerciseMetricSupport_Exercises_ExerciseId" FOREIGN KEY ("ExerciseId") REFERENCES "Exercises" ("Id") ON DELETE CASCADE,
          CONSTRAINT "FK_ExerciseMetricSupport_MetricTypes_MetricTypeId" FOREIGN KEY ("MetricTypeId") REFERENCES "MetricTypes" ("Id") ON DELETE CASCADE
      );
dbug: Microsoft.EntityFrameworkCore.Database.Command[20103]
      Creating DbCommand for 'ExecuteNonQuery'.
dbug: Microsoft.EntityFrameworkCore.Database.Command[20104]
      Created DbCommand for 'ExecuteNonQuery' (0ms).
dbug: Microsoft.EntityFrameworkCore.Database.Command[20106]
      Initialized DbCommand for 'ExecuteNonQuery' (0ms).
dbug: Microsoft.EntityFrameworkCore.Database.Command[20100]
      Executing DbCommand [Parameters=[], CommandType='Text', CommandTimeout='30']
      CREATE TABLE "ExerciseMovementPatterns" (
          "ExerciseId" uuid NOT NULL,
          "PatternId" uuid NOT NULL,
          CONSTRAINT "PK_ExerciseMovementPatterns" PRIMARY KEY ("ExerciseId", "PatternId"),
          CONSTRAINT "FK_ExerciseMovementPatterns_Exercises_ExerciseId" FOREIGN KEY ("ExerciseId") REFERENCES "Exercises" ("Id") ON DELETE CASCADE,
[...]
      WHERE
              cls.relkind IN ('r', 'v', 'm', 'f', 'p') AND
              ns.nspname NOT IN ('pg_catalog', 'information_schema') AND
              -- Exclude tables which are members of PG extensions
              NOT EXISTS (
                  SELECT 1 FROM pg_depend WHERE
                      classid=(
                          SELECT cls.oid
                          FROM pg_class AS cls
                                   JOIN pg_namespace AS ns ON ns.oid = cls.relnamespace
                          WHERE relname='pg_class' AND ns.nspname='pg_catalog'
                      ) AND
                      objid=cls.oid AND
                      deptype IN ('e', 'x')
              )
info: 7/12/2025 16:05:40.073 RelationalEventId.CommandExecuted[20101] (Microsoft.EntityFrameworkCore.Database.Command) 
      Executed DbCommand (1ms) [Parameters=[], CommandType='Text', CommandTimeout='30']
      SELECT CASE WHEN COUNT(*) = 0 THEN FALSE ELSE TRUE END
      FROM pg_class AS cls
      JOIN pg_namespace AS ns ON ns.oid = cls.relnamespace
      WHERE
              cls.relkind IN ('r', 'v', 'm', 'f', 'p') AND
              ns.nspname NOT IN ('pg_catalog', 'information_schema') AND
              -- Exclude tables which are members of PG extensions
              NOT EXISTS (
                  SELECT 1 FROM pg_depend WHERE
                      classid=(
                          SELECT cls.oid
                          FROM pg_class AS cls
                                   JOIN pg_namespace AS ns ON ns.oid = cls.relnamespace
                          WHERE relname='pg_class' AND ns.nspname='pg_catalog'
                      ) AND
                      objid=cls.oid AND
                      deptype IN ('e', 'x')
              )
dbug: Microsoft.EntityFrameworkCore.Database.Command[20103]
      Creating DbCommand for 'ExecuteReader'.
dbug: Microsoft.EntityFrameworkCore.Database.Command[20104]
      Created DbCommand for 'ExecuteReader' (0ms).
dbug: Microsoft.EntityFrameworkCore.Database.Command[20106]
      Initialized DbCommand for 'ExecuteReader' (0ms).
dbug: Microsoft.EntityFrameworkCore.Database.Command[20100]
      Executing DbCommand [Parameters=[], CommandType='Text', CommandTimeout='30']
      SELECT EXISTS (
          SELECT 1
          FROM "BodyParts" AS b)
info: Microsoft.EntityFrameworkCore.Database.Command[20101]
      Executed DbCommand (0ms) [Parameters=[], CommandType='Text', CommandTimeout='30']
      SELECT EXISTS (
          SELECT 1
          FROM "BodyParts" AS b)
info: 7/12/2025 16:05:40.074 RelationalEventId.CommandExecuted[20101] (Microsoft.EntityFrameworkCore.Database.Command) 
      Executed DbCommand (0ms) [Parameters=[], CommandType='Text', CommandTimeout='30']
      SELECT EXISTS (
          SELECT 1
          FROM "BodyParts" AS b)
dbug: Microsoft.EntityFrameworkCore.Database.Command[20301]
      Closing data reader to 'bddtestdb' on server 'tcp://127.0.0.1:33493'.
dbug: Microsoft.EntityFrameworkCore.Database.Command[20300]
      A data reader for 'bddtestdb' on server 'tcp://127.0.0.1:33493' is being disposed after spending 0ms reading results.
dbug: Microsoft.EntityFrameworkCore.Database.Command[20103]
      Creating DbCommand for 'ExecuteReader'.
dbug: Microsoft.EntityFrameworkCore.Database.Command[20104]
      Created DbCommand for 'ExecuteReader' (0ms).
dbug: Microsoft.EntityFrameworkCore.Database.Command[20106]
      Initialized DbCommand for 'ExecuteReader' (0ms).
dbug: Microsoft.EntityFrameworkCore.Database.Command[20100]
      Executing DbCommand [Parameters=[], CommandType='Text', CommandTimeout='30']
      SELECT e."Id", e."CreatedAt", e."DisplayOrder", e."IsActive", e."LinkType", e."SourceExerciseId", e."TargetExerciseId", e."UpdatedAt"
      FROM "ExerciseLinks" AS e
info: Microsoft.EntityFrameworkCore.Database.Command[20101]
      Executed DbCommand (0ms) [Parameters=[], CommandType='Text', CommandTimeout='30']
      SELECT e."Id", e."CreatedAt", e."DisplayOrder", e."IsActive", e."LinkType", e."SourceExerciseId", e."TargetExerciseId", e."UpdatedAt"
      FROM "ExerciseLinks" AS e
info: 7/12/2025 16:05:40.078 RelationalEventId.CommandExecuted[20101] (Microsoft.EntityFrameworkCore.Database.Command) 
      Executed DbCommand (0ms) [Parameters=[], CommandType='Text', CommandTimeout='30']
      SELECT e."Id", e."CreatedAt", e."DisplayOrder", e."IsActive", e."LinkType", e."SourceExerciseId", e."TargetExerciseId", e."UpdatedAt"
      FROM "ExerciseLinks" AS e
dbug: Microsoft.EntityFrameworkCore.Database.Command[20301]
      Closing data reader to 'bddtestdb' on server 'tcp://127.0.0.1:33493'.
dbug: Microsoft.EntityFrameworkCore.Database.Command[20300]
      A data reader for 'bddtestdb' on server 'tcp://127.0.0.1:33493' is being disposed after spending 0ms reading results.
dbug: Microsoft.EntityFrameworkCore.Database.Command[20103]
      Creating DbCommand for 'ExecuteReader'.
dbug: Microsoft.EntityFrameworkCore.Database.Command[20104]
      Created DbCommand for 'ExecuteReader' (0ms).
dbug: Microsoft.EntityFrameworkCore.Database.Command[20106]
      Initialized DbCommand for 'ExecuteReader' (0ms).
dbug: Microsoft.EntityFrameworkCore.Database.Command[20100]
      Executing DbCommand [Parameters=[], CommandType='Text', CommandTimeout='30']
      SELECT e."Id", e."Description", e."DifficultyId", e."ExerciseWeightTypeId", e."ImageUrl", e."IsActive", e."IsUnilateral", e."KineticChainId", e."Name", e."VideoUrl"
      FROM "Exercises" AS e
info: Microsoft.EntityFrameworkCore.Database.Command[20101]
      Executed DbCommand (0ms) [Parameters=[], CommandType='Text', CommandTimeout='30']
      SELECT e."Id", e."Description", e."DifficultyId", e."ExerciseWeightTypeId", e."ImageUrl", e."IsActive", e."IsUnilateral", e."KineticChainId", e."Name", e."VideoUrl"
      FROM "Exercises" AS e
info: 7/12/2025 16:05:40.078 RelationalEventId.CommandExecuted[20101] (Microsoft.EntityFrameworkCore.Database.Command) 
      Executed DbCommand (0ms) [Parameters=[], CommandType='Text', CommandTimeout='30']
      SELECT e."Id", e."Description", e."DifficultyId", e."ExerciseWeightTypeId", e."ImageUrl", e."IsActive", e."IsUnilateral", e."KineticChainId", e."Name", e."VideoUrl"
      FROM "Exercises" AS e
dbug: Microsoft.EntityFrameworkCore.Database.Command[20301]
      Closing data reader to 'bddtestdb' on server 'tcp://127.0.0.1:33493'.
dbug: Microsoft.EntityFrameworkCore.Database.Command[20300]
      A data reader for 'bddtestdb' on server 'tcp://127.0.0.1:33493' is being disposed after spending 0ms reading results.
dbug: Microsoft.EntityFrameworkCore.Database.Command[20103]
      Creating DbCommand for 'ExecuteReader'.
dbug: Microsoft.EntityFrameworkCore.Database.Command[20104]
      Created DbCommand for 'ExecuteReader' (0ms).
dbug: Microsoft.EntityFrameworkCore.Database.Command[20106]
      Initialized DbCommand for 'ExecuteReader' (0ms).
dbug: Microsoft.EntityFrameworkCore.Database.Command[20100]
      Executing DbCommand [Parameters=[], CommandType='Text', CommandTimeout='30']
      SELECT e."Id", e."CreatedAt", e."DisplayOrder", e."IsActive", e."LinkType", e."SourceExerciseId", e."TargetExerciseId", e."UpdatedAt"
      FROM "ExerciseLinks" AS e
info: Microsoft.EntityFrameworkCore.Database.Command[20101]
      Executed DbCommand (0ms) [Parameters=[], CommandType='Text', CommandTimeout='30']
      SELECT e."Id", e."CreatedAt", e."DisplayOrder", e."IsActive", e."LinkType", e."SourceExerciseId", e."TargetExerciseId", e."UpdatedAt"
      FROM "ExerciseLinks" AS e
info: 7/12/2025 16:05:40.079 RelationalEventId.CommandExecuted[20101] (Microsoft.EntityFrameworkCore.Database.Command) 
      Executed DbCommand (0ms) [Parameters=[], CommandType='Text', CommandTimeout='30']
      SELECT e."Id", e."CreatedAt", e."DisplayOrder", e."IsActive", e."LinkType", e."SourceExerciseId", e."TargetExerciseId", e."UpdatedAt"
      FROM "ExerciseLinks" AS e
dbug: Microsoft.EntityFrameworkCore.Database.Command[20301]
      Closing data reader to 'bddtestdb' on server 'tcp://127.0.0.1:33493'.
dbug: Microsoft.EntityFrameworkCore.Database.Command[20300]
      A data reader for 'bddtestdb' on server 'tcp://127.0.0.1:33493' is being disposed after spending 0ms reading results.
dbug: Microsoft.EntityFrameworkCore.Database.Command[20103]
      Creating DbCommand for 'ExecuteReader'.
dbug: Microsoft.EntityFrameworkCore.Database.Command[20104]
      Created DbCommand for 'ExecuteReader' (0ms).
dbug: Microsoft.EntityFrameworkCore.Database.Command[20106]
      Initialized DbCommand for 'ExecuteReader' (0ms).
dbug: Microsoft.EntityFrameworkCore.Database.Command[20100]
      Executing DbCommand [Parameters=[], CommandType='Text', CommandTimeout='30']
      SELECT e."Id", e."Description", e."DifficultyId", e."ExerciseWeightTypeId", e."ImageUrl", e."IsActive", e."IsUnilateral", e."KineticChainId", e."Name", e."VideoUrl"
      FROM "Exercises" AS e
info: Microsoft.EntityFrameworkCore.Database.Command[20101]
      Executed DbCommand (0ms) [Parameters=[], CommandType='Text', CommandTimeout='30']
      SELECT e."Id", e."Description", e."DifficultyId", e."ExerciseWeightTypeId", e."ImageUrl", e."IsActive", e."IsUnilateral", e."KineticChainId", e."Name", e."VideoUrl"
      FROM "Exercises" AS e
info: 7/12/2025 16:05:40.079 RelationalEventId.CommandExecuted[20101] (Microsoft.EntityFrameworkCore.Database.Command) 
      Executed DbCommand (0ms) [Parameters=[], CommandType='Text', CommandTimeout='30']
      SELECT e."Id", e."Description", e."DifficultyId", e."ExerciseWeightTypeId", e."ImageUrl", e."IsActive", e."IsUnilateral", e."KineticChainId", e."Name", e."VideoUrl"
      FROM "Exercises" AS e
dbug: Microsoft.EntityFrameworkCore.Database.Command[20301]
      Closing data reader to 'bddtestdb' on server 'tcp://127.0.0.1:33493'.
dbug: Microsoft.EntityFrameworkCore.Database.Command[20300]
      A data reader for 'bddtestdb' on server 'tcp://127.0.0.1:33493' is being disposed after spending 0ms reading results.
dbug: Microsoft.EntityFrameworkCore.Database.Command[20103]
      Creating DbCommand for 'ExecuteScalar'.
dbug: Microsoft.EntityFrameworkCore.Database.Command[20104]
      Created DbCommand for 'ExecuteScalar' (0ms).
dbug: Microsoft.EntityFrameworkCore.Database.Command[20106]
      Initialized DbCommand for 'ExecuteScalar' (0ms).
dbug: Microsoft.EntityFrameworkCore.Database.Command[20100]
      Executing DbCommand [Parameters=[], CommandType='Text', CommandTimeout='30']
      SELECT CASE WHEN COUNT(*) = 0 THEN FALSE ELSE TRUE END
      FROM pg_class AS cls
      JOIN pg_namespace AS ns ON ns.oid = cls.relnamespace
      WHERE
              cls.relkind IN ('r', 'v', 'm', 'f', 'p') AND
              ns.nspname NOT IN ('pg_catalog', 'information_schema') AND
              -- Exclude tables which are members of PG extensions
              NOT EXISTS (
                  SELECT 1 FROM pg_depend WHERE
                      classid=(
                          SELECT cls.oid
                          FROM pg_class AS cls
                                   JOIN pg_namespace AS ns ON ns.oid = cls.relnamespace
                          WHERE relname='pg_class' AND ns.nspname='pg_catalog'
                      ) AND
                      objid=cls.oid AND
                      deptype IN ('e', 'x')
              )
info: Microsoft.EntityFrameworkCore.Database.Command[20101]
      Executed DbCommand (1ms) [Parameters=[], CommandType='Text', CommandTimeout='30']
      SELECT CASE WHEN COUNT(*) = 0 THEN FALSE ELSE TRUE END
      FROM pg_class AS cls
      JOIN pg_namespace AS ns ON ns.oid = cls.relnamespace
      WHERE
              cls.relkind IN ('r', 'v', 'm', 'f', 'p') AND
              ns.nspname NOT IN ('pg_catalog', 'information_schema') AND
              -- Exclude tables which are members of PG extensions
              NOT EXISTS (
                  SELECT 1 FROM pg_depend WHERE
                      classid=(
                          SELECT cls.oid
                          FROM pg_class AS cls
                                   JOIN pg_namespace AS ns ON ns.oid = cls.relnamespace
                          WHERE relname='pg_class' AND ns.nspname='pg_catalog'
                      ) AND
                      objid=cls.oid AND
                      deptype IN ('e', 'x')
              )
info: 7/12/2025 16:05:40.082 RelationalEventId.CommandExecuted[20101] (Microsoft.EntityFrameworkCore.Database.Command) 
      Executed DbCommand (1ms) [Parameters=[], CommandType='Text', CommandTimeout='30']
      SELECT CASE WHEN COUNT(*) = 0 THEN FALSE ELSE TRUE END
      FROM pg_class AS cls
      JOIN pg_namespace AS ns ON ns.oid = cls.relnamespace
      WHERE
              cls.relkind IN ('r', 'v', 'm', 'f', 'p') AND
              ns.nspname NOT IN ('pg_catalog', 'information_schema') AND
              -- Exclude tables which are members of PG extensions
              NOT EXISTS (
                  SELECT 1 FROM pg_depend WHERE
                      classid=(
                          SELECT cls.oid
                          FROM pg_class AS cls
                                   JOIN pg_namespace AS ns ON ns.oid = cls.relnamespace
                          WHERE relname='pg_class' AND ns.nspname='pg_catalog'
                      ) AND
                      objid=cls.oid AND
                      deptype IN ('e', 'x')
              )
dbug: Microsoft.EntityFrameworkCore.Database.Command[20103]
      Creating DbCommand for 'ExecuteReader'.
dbug: Microsoft.EntityFrameworkCore.Database.Command[20104]
      Created DbCommand for 'ExecuteReader' (0ms).
dbug: Microsoft.EntityFrameworkCore.Database.Command[20106]
      Initialized DbCommand for 'ExecuteReader' (0ms).
dbug: Microsoft.EntityFrameworkCore.Database.Command[20100]
      Executing DbCommand [Parameters=[], CommandType='Text', CommandTimeout='30']
      SELECT EXISTS (
          SELECT 1
          FROM "BodyParts" AS b)
info: Microsoft.EntityFrameworkCore.Database.Command[20101]
      Executed DbCommand (0ms) [Parameters=[], CommandType='Text', CommandTimeout='30']
      SELECT EXISTS (
          SELECT 1
          FROM "BodyParts" AS b)
info: 7/12/2025 16:05:40.083 RelationalEventId.CommandExecuted[20101] (Microsoft.EntityFrameworkCore.Database.Command) 
      Executed DbCommand (0ms) [Parameters=[], CommandType='Text', CommandTimeout='30']
      SELECT EXISTS (
          SELECT 1
          FROM "BodyParts" AS b)
dbug: Microsoft.EntityFrameworkCore.Database.Command[20301]
      Closing data reader to 'bddtestdb' on server 'tcp://127.0.0.1:33493'.
dbug: Microsoft.EntityFrameworkCore.Database.Command[20300]
      A data reader for 'bddtestdb' on server 'tcp://127.0.0.1:33493' is being disposed after spending 0ms reading results.
dbug: Microsoft.EntityFrameworkCore.Database.Command[20103]
      Creating DbCommand for 'ExecuteReader'.
dbug: Microsoft.EntityFrameworkCore.Database.Command[20104]
      Created DbCommand for 'ExecuteReader' (0ms).
dbug: Microsoft.EntityFrameworkCore.Database.Command[20106]
      Initialized DbCommand for 'ExecuteReader' (0ms).
dbug: Microsoft.EntityFrameworkCore.Database.Command[20100]
      Executing DbCommand [Parameters=[], CommandType='Text', CommandTimeout='30']
      SELECT e."Id", e."CreatedAt", e."DisplayOrder", e."IsActive", e."LinkType", e."SourceExerciseId", e."TargetExerciseId", e."UpdatedAt"
      FROM "ExerciseLinks" AS e
info: Microsoft.EntityFrameworkCore.Database.Command[20101]
      Executed DbCommand (0ms) [Parameters=[], CommandType='Text', CommandTimeout='30']
      SELECT e."Id", e."CreatedAt", e."DisplayOrder", e."IsActive", e."LinkType", e."SourceExerciseId", e."TargetExerciseId", e."UpdatedAt"
      FROM "ExerciseLinks" AS e
info: 7/12/2025 16:05:40.084 RelationalEventId.CommandExecuted[20101] (Microsoft.EntityFrameworkCore.Database.Command) 
      Executed DbCommand (0ms) [Parameters=[], CommandType='Text', CommandTimeout='30']
      SELECT e."Id", e."CreatedAt", e."DisplayOrder", e."IsActive", e."LinkType", e."SourceExerciseId", e."TargetExerciseId", e."UpdatedAt"
      FROM "ExerciseLinks" AS e
dbug: Microsoft.EntityFrameworkCore.Database.Command[20301]
      Closing data reader to 'bddtestdb' on server 'tcp://127.0.0.1:33493'.
dbug: Microsoft.EntityFrameworkCore.Database.Command[20300]
      A data reader for 'bddtestdb' on server 'tcp://127.0.0.1:33493' is being disposed after spending 0ms reading results.
dbug: Microsoft.EntityFrameworkCore.Database.Command[20103]
      Creating DbCommand for 'ExecuteReader'.
dbug: Microsoft.EntityFrameworkCore.Database.Command[20104]
      Created DbCommand for 'ExecuteReader' (0ms).
dbug: Microsoft.EntityFrameworkCore.Database.Command[20106]
      Initialized DbCommand for 'ExecuteReader' (0ms).
dbug: Microsoft.EntityFrameworkCore.Database.Command[20100]
      Executing DbCommand [Parameters=[], CommandType='Text', CommandTimeout='30']
      SELECT e."Id", e."Description", e."DifficultyId", e."ExerciseWeightTypeId", e."ImageUrl", e."IsActive", e."IsUnilateral", e."KineticChainId", e."Name", e."VideoUrl"
      FROM "Exercises" AS e
info: Microsoft.EntityFrameworkCore.Database.Command[20101]
      Executed DbCommand (0ms) [Parameters=[], CommandType='Text', CommandTimeout='30']
      SELECT e."Id", e."Description", e."DifficultyId", e."ExerciseWeightTypeId", e."ImageUrl", e."IsActive", e."IsUnilateral", e."KineticChainId", e."Name", e."VideoUrl"
      FROM "Exercises" AS e
info: 7/12/2025 16:05:40.084 RelationalEventId.CommandExecuted[20101] (Microsoft.EntityFrameworkCore.Database.Command) 
      Executed DbCommand (0ms) [Parameters=[], CommandType='Text', CommandTimeout='30']
      SELECT e."Id", e."Description", e."DifficultyId", e."ExerciseWeightTypeId", e."ImageUrl", e."IsActive", e."IsUnilateral", e."KineticChainId", e."Name", e."VideoUrl"
      FROM "Exercises" AS e
dbug: Microsoft.EntityFrameworkCore.Database.Command[20301]
      Closing data reader to 'bddtestdb' on server 'tcp://127.0.0.1:33493'.
dbug: Microsoft.EntityFrameworkCore.Database.Command[20300]
      A data reader for 'bddtestdb' on server 'tcp://127.0.0.1:33493' is being disposed after spending 0ms reading results.
-&gt; #XW002: Completed feature: Difficulty Levels Reference Data
[testcontainers.org 00:00:04.35] Delete Docker container 80f9ca26c504
[testcontainers.org 00:00:04.50] Delete Docker container 5c5916a8dcfb
[xUnit.net 00:00:04.98]   Finished:    GetFitterGetBigger.API.IntegrationTests
</StdOut>
    </Output>
    <RunInfos>
      <RunInfo computerName="DesktopUbuntu" outcome="Error" timestamp="2025-07-12T16:05:39.7393305+02:00">
        <Text>[xUnit.net 00:00:04.33]     Get difficulty level by valid ID [FAIL]</Text>
      </RunInfo>
      <RunInfo computerName="DesktopUbuntu" outcome="Error" timestamp="2025-07-12T16:05:39.7839612+02:00">
        <Text>[xUnit.net 00:00:04.38]     Get difficulty level by value with different casing(casing: "beginner", exampleTags: []) [FAIL]</Text>
      </RunInfo>
      <RunInfo computerName="DesktopUbuntu" outcome="Error" timestamp="2025-07-12T16:05:39.8167540+02:00">
        <Text>[xUnit.net 00:00:04.41]     Get difficulty level by value with different casing(casing: "BEGINNER", exampleTags: []) [FAIL]</Text>
      </RunInfo>
      <RunInfo computerName="DesktopUbuntu" outcome="Error" timestamp="2025-07-12T16:05:39.8431302+02:00">
        <Text>[xUnit.net 00:00:04.43]     Get difficulty level by value with different casing(casing: "BeGiNnEr", exampleTags: []) [FAIL]</Text>
      </RunInfo>
      <RunInfo computerName="DesktopUbuntu" outcome="Error" timestamp="2025-07-12T16:05:39.8768290+02:00">
        <Text>[xUnit.net 00:00:04.47]     Get difficulty level by value with different casing(casing: "Beginner", exampleTags: []) [FAIL]</Text>
      </RunInfo>
      <RunInfo computerName="DesktopUbuntu" outcome="Error" timestamp="2025-07-12T16:05:39.9147467+02:00">
        <Text>[xUnit.net 00:00:04.51]     Get difficulty level by valid value [FAIL]</Text>
      </RunInfo>
    </RunInfos>
  </ResultSummary>
</TestRun>