<?xml version="1.0" encoding="utf-8"?>
<TestRun id="33349233-9ef4-4e4a-adee-3194aa7a9647" name="@DesktopUbuntu 2025-07-12 16:16:36" xmlns="http://microsoft.com/schemas/VisualStudio/TeamTest/2010">
  <Times creation="2025-07-12T16:16:36.5562194+02:00" queuing="2025-07-12T16:16:36.5562194+02:00" start="2025-07-12T16:16:31.7628701+02:00" finish="2025-07-12T16:16:36.9252127+02:00" />
  <TestSettings name="default" id="d2fefd9d-c9bb-422c-b065-41f3a8e2eaa1">
    <Deployment runDeploymentRoot="_DesktopUbuntu_2025-07-12_16_16_36" />
  </TestSettings>
  <Results>
    <UnitTestResult executionId="4fc811bc-2fbf-4f8d-8f71-c50e7b68a793" testId="8143067d-510a-1b22-fed2-1bfd042b77ac" testName="Get difficulty level by invalid ID format returns bad request" computerName="DesktopUbuntu" duration="00:00:00.0177340" startTime="2025-07-12T16:16:36.5840989+02:00" endTime="2025-07-12T16:16:36.5840989+02:00" testType="13cdc9d9-ddb5-4fa4-a97d-d965ccfc6d4b" outcome="Passed" testListId="8c84fa94-04c1-424b-9868-57a2d4851a1d" relativeResultsDirectory="4fc811bc-2fbf-4f8d-8f71-c50e7b68a793">
      <Output>
        <StdOut>-&gt; Initialized HttpClient for scenario: Get difficulty level by invalid ID format returns bad request
Given the database is empty
-&gt; Executing step: Given the database is empty
-&gt; done: DatabaseSteps.GivenTheDatabaseIsEmpty() (0.0s)
-&gt; Step result: Passed
And the database has reference data
-&gt; Executing step: Given the database has reference data
-&gt; done: DatabaseSteps.GivenTheDatabaseHasReferenceData() (0.0s)
-&gt; Step result: Passed
When I send a GET request to "/api/ReferenceTables/DifficultyLevels/8a8adb1d-24d2-4979-a5a6-0d760e6da24b"
-&gt; Executing step: When I send a GET request to "/api/ReferenceTables/DifficultyLevels/8a8adb1d-24d2-4979-a5a6-0d760e6da24b"
-&gt; done: RequestSteps.WhenISendARequestTo("GET", "/api/ReferenceTab...") (0.0s)
-&gt; Step result: Passed
Then the response status should be 400
-&gt; Executing step: Then the response status should be 400
-&gt; done: ResponseSteps.ThenTheResponseStatusShouldBe(400) (0.0s)
-&gt; Step result: Passed
And the response should contain "Invalid ID format"
-&gt; Executing step: Then the response should contain "Invalid ID format"
-&gt; done: ResponseSteps.ThenTheResponseShouldContain("Invalid ID format") (0.0s)
-&gt; Step result: Passed
And the response should contain "Expected format: 'difficultylevel-{guid}'"
-&gt; Executing step: Then the response should contain "Expected format: 'difficultylevel-{guid}'"
-&gt; done: ResponseSteps.ThenTheResponseShouldContain("Expected format: ...") (0.0s)
-&gt; Step result: Passed</StdOut>
      </Output>
    </UnitTestResult>
    <UnitTestResult executionId="4eacece1-a3a5-4d0d-afe5-024745d606b3" testId="20571401-7eb7-cd89-4987-788dae12b96c" testName="Get difficulty level by value with different casing(casing: &quot;BEGINNER&quot;, exampleTags: [])" computerName="DesktopUbuntu" duration="00:00:00.0165718" startTime="2025-07-12T16:16:36.3900075+02:00" endTime="2025-07-12T16:16:36.3900076+02:00" testType="13cdc9d9-ddb5-4fa4-a97d-d965ccfc6d4b" outcome="Passed" testListId="8c84fa94-04c1-424b-9868-57a2d4851a1d" relativeResultsDirectory="4eacece1-a3a5-4d0d-afe5-024745d606b3">
      <Output>
        <StdOut>-&gt; Initialized HttpClient for scenario: Get difficulty level by value with different casing
Given the database is empty
-&gt; Executing step: Given the database is empty
-&gt; done: DatabaseSteps.GivenTheDatabaseIsEmpty() (0.0s)
-&gt; Step result: Passed
And the database has reference data
-&gt; Executing step: Given the database has reference data
-&gt; done: DatabaseSteps.GivenTheDatabaseHasReferenceData() (0.0s)
-&gt; Step result: Passed
Given I send a GET request to "/api/ReferenceTables/DifficultyLevels"
-&gt; Executing step: Given I send a GET request to "/api/ReferenceTables/DifficultyLevels"
-&gt; done: RequestSteps.WhenISendARequestTo("GET", "/api/ReferenceTab...") (0.0s)
-&gt; Step result: Passed
And the response contains an item with value "Beginner"
-&gt; Executing step: Given the response contains an item with value "Beginner"
-&gt; done: ResponseSteps.ThenTheResponseContainsAnItemWithValue("Beginner") (0.0s)
-&gt; Step result: Passed
When I send a GET request to "/api/ReferenceTables/DifficultyLevels/ByValue/BEGINNER"
-&gt; Executing step: When I send a GET request to "/api/ReferenceTables/DifficultyLevels/ByValue/BEGINNER"
-&gt; done: RequestSteps.WhenISendARequestTo("GET", "/api/ReferenceTab...") (0.0s)
-&gt; Step result: Passed
Then the response status should be 200
-&gt; Executing step: Then the response status should be 200
-&gt; done: ResponseSteps.ThenTheResponseStatusShouldBe(200) (0.0s)
-&gt; Step result: Passed
And the response should have property "value" with value "Beginner"
-&gt; Executing step: Then the response should have property "value" with value "Beginner"
-&gt; done: ResponseSteps.ThenTheResponseShouldHavePropertyWithValue("value", "Beginner") (0.0s)
-&gt; Step result: Passed</StdOut>
      </Output>
    </UnitTestResult>
    <UnitTestResult executionId="fa2712c1-9475-4a5f-91d1-fd62a781f42d" testId="a450ef01-55c7-1965-e168-73ab1fa6db6e" testName="Get difficulty level by value with different casing(casing: &quot;BeGiNnEr&quot;, exampleTags: [])" computerName="DesktopUbuntu" duration="00:00:00.0206976" startTime="2025-07-12T16:16:36.4238896+02:00" endTime="2025-07-12T16:16:36.4238897+02:00" testType="13cdc9d9-ddb5-4fa4-a97d-d965ccfc6d4b" outcome="Passed" testListId="8c84fa94-04c1-424b-9868-57a2d4851a1d" relativeResultsDirectory="fa2712c1-9475-4a5f-91d1-fd62a781f42d">
      <Output>
        <StdOut>-&gt; Initialized HttpClient for scenario: Get difficulty level by value with different casing
Given the database is empty
-&gt; Executing step: Given the database is empty
-&gt; done: DatabaseSteps.GivenTheDatabaseIsEmpty() (0.0s)
-&gt; Step result: Passed
And the database has reference data
-&gt; Executing step: Given the database has reference data
-&gt; done: DatabaseSteps.GivenTheDatabaseHasReferenceData() (0.0s)
-&gt; Step result: Passed
Given I send a GET request to "/api/ReferenceTables/DifficultyLevels"
-&gt; Executing step: Given I send a GET request to "/api/ReferenceTables/DifficultyLevels"
-&gt; done: RequestSteps.WhenISendARequestTo("GET", "/api/ReferenceTab...") (0.0s)
-&gt; Step result: Passed
And the response contains an item with value "Beginner"
-&gt; Executing step: Given the response contains an item with value "Beginner"
-&gt; done: ResponseSteps.ThenTheResponseContainsAnItemWithValue("Beginner") (0.0s)
-&gt; Step result: Passed
When I send a GET request to "/api/ReferenceTables/DifficultyLevels/ByValue/BeGiNnEr"
-&gt; Executing step: When I send a GET request to "/api/ReferenceTables/DifficultyLevels/ByValue/BeGiNnEr"
-&gt; done: RequestSteps.WhenISendARequestTo("GET", "/api/ReferenceTab...") (0.0s)
-&gt; Step result: Passed
Then the response status should be 200
-&gt; Executing step: Then the response status should be 200
-&gt; done: ResponseSteps.ThenTheResponseStatusShouldBe(200) (0.0s)
-&gt; Step result: Passed
And the response should have property "value" with value "Beginner"
-&gt; Executing step: Then the response should have property "value" with value "Beginner"
-&gt; done: ResponseSteps.ThenTheResponseShouldHavePropertyWithValue("value", "Beginner") (0.0s)
-&gt; Step result: Passed</StdOut>
      </Output>
    </UnitTestResult>
    <UnitTestResult executionId="a85c7f57-4a53-4926-8aa0-945c68e392c1" testId="809e8303-d8db-83e6-c645-da5f376be7b8" testName="Database is accessible" computerName="DesktopUbuntu" duration="00:00:01.0559742" startTime="2025-07-12T16:16:36.1913924+02:00" endTime="2025-07-12T16:16:36.1914033+02:00" testType="13cdc9d9-ddb5-4fa4-a97d-d965ccfc6d4b" outcome="Passed" testListId="8c84fa94-04c1-424b-9868-57a2d4851a1d" relativeResultsDirectory="a85c7f57-4a53-4926-8aa0-945c68e392c1">
      <Output>
        <StdOut>-&gt; Initialized HttpClient for scenario: Database is accessible
Given the database is empty
-&gt; Executing step: Given the database is empty
-&gt; done: DatabaseSteps.GivenTheDatabaseIsEmpty() (0.0s)
-&gt; Step result: Passed
Then the database should be accessible
-&gt; Executing step: Then the database should be accessible
-&gt; done: DatabaseSteps.ThenTheDatabaseShouldBeAccessible() (0.0s)
-&gt; Step result: Passed</StdOut>
      </Output>
    </UnitTestResult>
    <UnitTestResult executionId="f22fc408-9149-4326-94db-b203fd8a66a3" testId="24b86cba-8a25-b3a3-0b66-1b00364a89c0" testName="Get difficulty level by valid ID" computerName="DesktopUbuntu" duration="00:00:01.1916982" startTime="2025-07-12T16:16:36.3276209+02:00" endTime="2025-07-12T16:16:36.3276210+02:00" testType="13cdc9d9-ddb5-4fa4-a97d-d965ccfc6d4b" outcome="Failed" testListId="8c84fa94-04c1-424b-9868-57a2d4851a1d" relativeResultsDirectory="f22fc408-9149-4326-94db-b203fd8a66a3">
      <Output>
        <StdOut>-&gt; Initialized HttpClient for scenario: Get difficulty level by valid ID
Given the database is empty
-&gt; Executing step: Given the database is empty
-&gt; done: DatabaseSteps.GivenTheDatabaseIsEmpty() (0.0s)
-&gt; Step result: Passed
And the database has reference data
-&gt; Executing step: Given the database has reference data
-&gt; done: DatabaseSteps.GivenTheDatabaseHasReferenceData() (0.0s)
-&gt; Step result: Passed
Given I send a GET request to "/api/ReferenceTables/DifficultyLevels"
-&gt; Executing step: Given I send a GET request to "/api/ReferenceTables/DifficultyLevels"
-&gt; done: RequestSteps.WhenISendARequestTo("GET", "/api/ReferenceTab...") (0.1s)
-&gt; Step result: Passed
And the response contains at least 1 item
-&gt; Executing step: Given the response contains at least 1 item
-&gt; done: ResponseSteps.ThenTheResponseContainsAtLeastItems(1) (0.0s)
-&gt; Step result: Passed
And I store the first item from the response as "firstDifficultyLevel"
-&gt; Executing step: Given I store the first item from the response as "firstDifficultyLevel"
-&gt; done: ResponseSteps.ThenIStoreTheFirstItemFromTheResponseAs("firstDifficultyLevel") (0.0s)
-&gt; Step result: Passed
When I send a GET request to "/api/ReferenceTables/DifficultyLevels/&lt;firstDifficultyLevel.id&gt;"
-&gt; Executing step: When I send a GET request to "/api/ReferenceTables/DifficultyLevels/&lt;firstDifficultyLevel.id&gt;"
-&gt; done: RequestSteps.WhenISendARequestTo("GET", "/api/ReferenceTab...") (0.0s)
-&gt; Step result: Passed
Then the response status should be 200
-&gt; Executing step: Then the response status should be 200
-&gt; done: ResponseSteps.ThenTheResponseStatusShouldBe(200) (0.0s)
-&gt; Step result: Passed
And the response should have property "id" with value "&lt;firstDifficultyLevel.id&gt;"
-&gt; Executing step: Then the response should have property "id" with value "&lt;firstDifficultyLevel.id&gt;"
-&gt; error: Expected actualValue to be "&lt;firstDifficultyLevel.id&gt;" with a length of 25 because expected property 'id' to have value '&lt;firstDifficultyLevel.id&gt;' but got 'difficultylevel-8a8adb1d-24d2-4979-a5a6-0d760e6da24b', but "difficultylevel-8a8adb1d-24d2-4979-a5a6-0d760e6da24b" has a length of 52, differs near "dif" (index 0). (0.0s)
-&gt; Step result: Failed
-&gt; Error: Expected actualValue to be "&lt;firstDifficultyLevel.id&gt;" with a length of 25 because expected property 'id' to have value '&lt;firstDifficultyLevel.id&gt;' but got 'difficultylevel-8a8adb1d-24d2-4979-a5a6-0d760e6da24b', but "difficultylevel-8a8adb1d-24d2-4979-a5a6-0d760e6da24b" has a length of 52, differs near "dif" (index 0).
And the response should have property "value" with value "&lt;firstDifficultyLevel.value&gt;"
-&gt; skipped because of previous errors</StdOut>
        <ErrorInfo>
          <Message>Expected actualValue to be "&lt;firstDifficultyLevel.id&gt;" with a length of 25 because expected property 'id' to have value '&lt;firstDifficultyLevel.id&gt;' but got 'difficultylevel-8a8adb1d-24d2-4979-a5a6-0d760e6da24b', but "difficultylevel-8a8adb1d-24d2-4979-a5a6-0d760e6da24b" has a length of 52, differs near "dif" (index 0).</Message>
          <StackTrace>   at FluentAssertions.Execution.XUnit2TestFramework.Throw(String message)
   at FluentAssertions.Execution.TestFrameworkProvider.Throw(String message)
   at FluentAssertions.Execution.DefaultAssertionStrategy.HandleFailure(String message)
   at FluentAssertions.Execution.AssertionScope.FailWith(Func`1 failReasonFunc)
   at FluentAssertions.Execution.AssertionScope.FailWith(Func`1 failReasonFunc)
   at FluentAssertions.Primitives.StringEqualityValidator.ValidateAgainstLengthDifferences()
   at FluentAssertions.Primitives.StringValidator.Validate()
   at FluentAssertions.Primitives.StringAssertions`1.Be(String expected, String because, Object[] becauseArgs)
   at GetFitterGetBigger.API.IntegrationTests.StepDefinitions.Api.ResponseSteps.ThenTheResponseShouldHavePropertyWithValue(String jsonPath, String expectedValue) in /home/esqueleto/myWork/GetFitterGetBigger/GetFitterGetBigger.API/GetFitterGetBigger.API.IntegrationTests/StepDefinitions/Api/ResponseSteps.cs:line 80
   at System.RuntimeMethodHandle.InvokeMethod(Object target, Void** arguments, Signature sig, Boolean isConstructor)
   at System.Reflection.MethodBaseInvoker.InvokeDirectByRefWithFewArgs(Object obj, Span`1 copyOfArgs, BindingFlags invokeAttr)
--- End of stack trace from previous location ---
   at TechTalk.SpecFlow.Bindings.BindingInvoker.InvokeBindingAsync(IBinding binding, IContextManager contextManager, Object[] arguments, ITestTracer testTracer, DurationHolder durationHolder)
   at TechTalk.SpecFlow.Infrastructure.TestExecutionEngine.ExecuteStepMatchAsync(BindingMatch match, Object[] arguments, DurationHolder durationHolder)
   at TechTalk.SpecFlow.Infrastructure.TestExecutionEngine.ExecuteStepAsync(IContextManager contextManager, StepInstance stepInstance)
   at TechTalk.SpecFlow.Infrastructure.TestExecutionEngine.OnAfterLastStepAsync()
   at TechTalk.SpecFlow.TestRunner.CollectScenarioErrorsAsync()
   at GetFitterGetBigger.API.IntegrationTests.Features.ReferenceData.DifficultyLevelsReferenceDataFeature.ScenarioCleanupAsync() in /home/esqueleto/myWork/GetFitterGetBigger/GetFitterGetBigger.API/GetFitterGetBigger.API.IntegrationTests/Features/ReferenceData/DifficultyLevels.feature.cs:line 74
   at GetFitterGetBigger.API.IntegrationTests.Features.ReferenceData.DifficultyLevelsReferenceDataFeature.GetDifficultyLevelByValidID() in /home/esqueleto/myWork/GetFitterGetBigger/GetFitterGetBigger.API/GetFitterGetBigger.API.IntegrationTests/Features/ReferenceData/DifficultyLevels.feature.cs:line 150
--- End of stack trace from previous location ---</StackTrace>
        </ErrorInfo>
      </Output>
    </UnitTestResult>
    <UnitTestResult executionId="08fabbfd-7627-4fca-8082-20d4f9af1a35" testId="ff8f3041-b633-1617-4d2d-8212db51b23f" testName="Get all difficulty levels" computerName="DesktopUbuntu" duration="00:00:00.0168367" startTime="2025-07-12T16:16:36.5605300+02:00" endTime="2025-07-12T16:16:36.5605300+02:00" testType="13cdc9d9-ddb5-4fa4-a97d-d965ccfc6d4b" outcome="Passed" testListId="8c84fa94-04c1-424b-9868-57a2d4851a1d" relativeResultsDirectory="08fabbfd-7627-4fca-8082-20d4f9af1a35">
      <Output>
        <StdOut>-&gt; Initialized HttpClient for scenario: Get all difficulty levels
Given the database is empty
-&gt; Executing step: Given the database is empty
-&gt; done: DatabaseSteps.GivenTheDatabaseIsEmpty() (0.0s)
-&gt; Step result: Passed
And the database has reference data
-&gt; Executing step: Given the database has reference data
-&gt; done: DatabaseSteps.GivenTheDatabaseHasReferenceData() (0.0s)
-&gt; Step result: Passed
When I send a GET request to "/api/ReferenceTables/DifficultyLevels"
-&gt; Executing step: When I send a GET request to "/api/ReferenceTables/DifficultyLevels"
-&gt; done: RequestSteps.WhenISendARequestTo("GET", "/api/ReferenceTab...") (0.0s)
-&gt; Step result: Passed
Then the response status should be 200
-&gt; Executing step: Then the response status should be 200
-&gt; done: ResponseSteps.ThenTheResponseStatusShouldBe(200) (0.0s)
-&gt; Step result: Passed
And the response should be a JSON array
-&gt; Executing step: Then the response should be a JSON array
-&gt; done: ResponseSteps.ThenTheResponseShouldBeAJsonArray() (0.0s)
-&gt; Step result: Passed</StdOut>
      </Output>
    </UnitTestResult>
    <UnitTestResult executionId="bb7a1dc4-6b76-4700-bb8e-e9ccff55dc08" testId="6b5bab49-7e83-4742-8d68-1815f12ca24a" testName="Get difficulty level by value with different casing(casing: &quot;Beginner&quot;, exampleTags: [])" computerName="DesktopUbuntu" duration="00:00:00.0233668" startTime="2025-07-12T16:16:36.4531635+02:00" endTime="2025-07-12T16:16:36.4531635+02:00" testType="13cdc9d9-ddb5-4fa4-a97d-d965ccfc6d4b" outcome="Passed" testListId="8c84fa94-04c1-424b-9868-57a2d4851a1d" relativeResultsDirectory="bb7a1dc4-6b76-4700-bb8e-e9ccff55dc08">
      <Output>
        <StdOut>-&gt; Initialized HttpClient for scenario: Get difficulty level by value with different casing
Given the database is empty
-&gt; Executing step: Given the database is empty
-&gt; done: DatabaseSteps.GivenTheDatabaseIsEmpty() (0.0s)
-&gt; Step result: Passed
And the database has reference data
-&gt; Executing step: Given the database has reference data
-&gt; done: DatabaseSteps.GivenTheDatabaseHasReferenceData() (0.0s)
-&gt; Step result: Passed
Given I send a GET request to "/api/ReferenceTables/DifficultyLevels"
-&gt; Executing step: Given I send a GET request to "/api/ReferenceTables/DifficultyLevels"
-&gt; done: RequestSteps.WhenISendARequestTo("GET", "/api/ReferenceTab...") (0.0s)
-&gt; Step result: Passed
And the response contains an item with value "Beginner"
-&gt; Executing step: Given the response contains an item with value "Beginner"
-&gt; done: ResponseSteps.ThenTheResponseContainsAnItemWithValue("Beginner") (0.0s)
-&gt; Step result: Passed
When I send a GET request to "/api/ReferenceTables/DifficultyLevels/ByValue/Beginner"
-&gt; Executing step: When I send a GET request to "/api/ReferenceTables/DifficultyLevels/ByValue/Beginner"
-&gt; done: RequestSteps.WhenISendARequestTo("GET", "/api/ReferenceTab...") (0.0s)
-&gt; Step result: Passed
Then the response status should be 200
-&gt; Executing step: Then the response status should be 200
-&gt; done: ResponseSteps.ThenTheResponseStatusShouldBe(200) (0.0s)
-&gt; Step result: Passed
And the response should have property "value" with value "Beginner"
-&gt; Executing step: Then the response should have property "value" with value "Beginner"
-&gt; done: ResponseSteps.ThenTheResponseShouldHavePropertyWithValue("value", "Beginner") (0.0s)
-&gt; Step result: Passed</StdOut>
      </Output>
    </UnitTestResult>
    <UnitTestResult executionId="32d613eb-2346-46b3-b9ec-aadbf9a70218" testId="78c8d0c4-5915-18ed-925c-a215ae58addc" testName="Get difficulty level by value with different casing(casing: &quot;beginner&quot;, exampleTags: [])" computerName="DesktopUbuntu" duration="00:00:00.0309141" startTime="2025-07-12T16:16:36.3635508+02:00" endTime="2025-07-12T16:16:36.3635508+02:00" testType="13cdc9d9-ddb5-4fa4-a97d-d965ccfc6d4b" outcome="Passed" testListId="8c84fa94-04c1-424b-9868-57a2d4851a1d" relativeResultsDirectory="32d613eb-2346-46b3-b9ec-aadbf9a70218">
      <Output>
        <StdOut>-&gt; Initialized HttpClient for scenario: Get difficulty level by value with different casing
Given the database is empty
-&gt; Executing step: Given the database is empty
-&gt; done: DatabaseSteps.GivenTheDatabaseIsEmpty() (0.0s)
-&gt; Step result: Passed
And the database has reference data
-&gt; Executing step: Given the database has reference data
-&gt; done: DatabaseSteps.GivenTheDatabaseHasReferenceData() (0.0s)
-&gt; Step result: Passed
Given I send a GET request to "/api/ReferenceTables/DifficultyLevels"
-&gt; Executing step: Given I send a GET request to "/api/ReferenceTables/DifficultyLevels"
-&gt; done: RequestSteps.WhenISendARequestTo("GET", "/api/ReferenceTab...") (0.0s)
-&gt; Step result: Passed
And the response contains an item with value "Beginner"
-&gt; Executing step: Given the response contains an item with value "Beginner"
-&gt; done: ResponseSteps.ThenTheResponseContainsAnItemWithValue("Beginner") (0.0s)
-&gt; Step result: Passed
When I send a GET request to "/api/ReferenceTables/DifficultyLevels/ByValue/beginner"
-&gt; Executing step: When I send a GET request to "/api/ReferenceTables/DifficultyLevels/ByValue/beginner"
-&gt; done: RequestSteps.WhenISendARequestTo("GET", "/api/ReferenceTab...") (0.0s)
-&gt; Step result: Passed
Then the response status should be 200
-&gt; Executing step: Then the response status should be 200
-&gt; done: ResponseSteps.ThenTheResponseStatusShouldBe(200) (0.0s)
-&gt; Step result: Passed
And the response should have property "value" with value "Beginner"
-&gt; Executing step: Then the response should have property "value" with value "Beginner"
-&gt; done: ResponseSteps.ThenTheResponseShouldHavePropertyWithValue("value", "Beginner") (0.0s)
-&gt; Step result: Passed</StdOut>
      </Output>
    </UnitTestResult>
    <UnitTestResult executionId="53eb82c7-2f69-490d-a21e-8fad12ef8633" testId="29bd479b-00e8-49d2-ced1-f439e4dd47a8" testName="Get difficulty level by valid value" computerName="DesktopUbuntu" duration="00:00:00.0153817" startTime="2025-07-12T16:16:36.4763148+02:00" endTime="2025-07-12T16:16:36.4763148+02:00" testType="13cdc9d9-ddb5-4fa4-a97d-d965ccfc6d4b" outcome="Failed" testListId="8c84fa94-04c1-424b-9868-57a2d4851a1d" relativeResultsDirectory="53eb82c7-2f69-490d-a21e-8fad12ef8633">
      <Output>
        <StdOut>-&gt; Initialized HttpClient for scenario: Get difficulty level by valid value
Given the database is empty
-&gt; Executing step: Given the database is empty
-&gt; done: DatabaseSteps.GivenTheDatabaseIsEmpty() (0.0s)
-&gt; Step result: Passed
And the database has reference data
-&gt; Executing step: Given the database has reference data
-&gt; done: DatabaseSteps.GivenTheDatabaseHasReferenceData() (0.0s)
-&gt; Step result: Passed
Given I send a GET request to "/api/ReferenceTables/DifficultyLevels"
-&gt; Executing step: Given I send a GET request to "/api/ReferenceTables/DifficultyLevels"
-&gt; done: RequestSteps.WhenISendARequestTo("GET", "/api/ReferenceTab...") (0.0s)
-&gt; Step result: Passed
And the response contains at least 1 item
-&gt; Executing step: Given the response contains at least 1 item
-&gt; done: ResponseSteps.ThenTheResponseContainsAtLeastItems(1) (0.0s)
-&gt; Step result: Passed
And I store the first item from the response as "firstDifficultyLevel"
-&gt; Executing step: Given I store the first item from the response as "firstDifficultyLevel"
-&gt; done: ResponseSteps.ThenIStoreTheFirstItemFromTheResponseAs("firstDifficultyLevel") (0.0s)
-&gt; Step result: Passed
When I send a GET request to "/api/ReferenceTables/DifficultyLevels/ByValue/&lt;firstDifficultyLevel.value&gt;"
-&gt; Executing step: When I send a GET request to "/api/ReferenceTables/DifficultyLevels/ByValue/&lt;firstDifficultyLevel.value&gt;"
-&gt; done: RequestSteps.WhenISendARequestTo("GET", "/api/ReferenceTab...") (0.0s)
-&gt; Step result: Passed
Then the response status should be 200
-&gt; Executing step: Then the response status should be 200
-&gt; done: ResponseSteps.ThenTheResponseStatusShouldBe(200) (0.0s)
-&gt; Step result: Passed
And the response should have property "value" with value "&lt;firstDifficultyLevel.value&gt;"
-&gt; Executing step: Then the response should have property "value" with value "&lt;firstDifficultyLevel.value&gt;"
-&gt; error: Expected actualValue to be "&lt;firstDifficultyLevel.value&gt;" with a length of 28 because expected property 'value' to have value '&lt;firstDifficultyLevel.value&gt;' but got 'Beginner', but "Beginner" has a length of 8, differs near "Beg" (index 0). (0.0s)
-&gt; Step result: Failed
-&gt; Error: Expected actualValue to be "&lt;firstDifficultyLevel.value&gt;" with a length of 28 because expected property 'value' to have value '&lt;firstDifficultyLevel.value&gt;' but got 'Beginner', but "Beginner" has a length of 8, differs near "Beg" (index 0).</StdOut>
        <ErrorInfo>
          <Message>Expected actualValue to be "&lt;firstDifficultyLevel.value&gt;" with a length of 28 because expected property 'value' to have value '&lt;firstDifficultyLevel.value&gt;' but got 'Beginner', but "Beginner" has a length of 8, differs near "Beg" (index 0).</Message>
          <StackTrace>   at FluentAssertions.Execution.XUnit2TestFramework.Throw(String message)
   at FluentAssertions.Execution.TestFrameworkProvider.Throw(String message)
   at FluentAssertions.Execution.DefaultAssertionStrategy.HandleFailure(String message)
   at FluentAssertions.Execution.AssertionScope.FailWith(Func`1 failReasonFunc)
   at FluentAssertions.Execution.AssertionScope.FailWith(Func`1 failReasonFunc)
   at FluentAssertions.Primitives.StringEqualityValidator.ValidateAgainstLengthDifferences()
   at FluentAssertions.Primitives.StringValidator.Validate()
   at FluentAssertions.Primitives.StringAssertions`1.Be(String expected, String because, Object[] becauseArgs)
   at GetFitterGetBigger.API.IntegrationTests.StepDefinitions.Api.ResponseSteps.ThenTheResponseShouldHavePropertyWithValue(String jsonPath, String expectedValue) in /home/esqueleto/myWork/GetFitterGetBigger/GetFitterGetBigger.API/GetFitterGetBigger.API.IntegrationTests/StepDefinitions/Api/ResponseSteps.cs:line 80
   at InvokeStub_Action`3.Invoke(Object, Span`1)
   at System.Reflection.MethodBaseInvoker.InvokeWithFewArgs(Object obj, BindingFlags invokeAttr, Binder binder, Object[] parameters, CultureInfo culture)
--- End of stack trace from previous location ---
   at TechTalk.SpecFlow.Bindings.BindingInvoker.InvokeBindingAsync(IBinding binding, IContextManager contextManager, Object[] arguments, ITestTracer testTracer, DurationHolder durationHolder)
   at TechTalk.SpecFlow.Infrastructure.TestExecutionEngine.ExecuteStepMatchAsync(BindingMatch match, Object[] arguments, DurationHolder durationHolder)
   at TechTalk.SpecFlow.Infrastructure.TestExecutionEngine.ExecuteStepAsync(IContextManager contextManager, StepInstance stepInstance)
   at TechTalk.SpecFlow.Infrastructure.TestExecutionEngine.OnAfterLastStepAsync()
   at TechTalk.SpecFlow.TestRunner.CollectScenarioErrorsAsync()
   at GetFitterGetBigger.API.IntegrationTests.Features.ReferenceData.DifficultyLevelsReferenceDataFeature.ScenarioCleanupAsync() in /home/esqueleto/myWork/GetFitterGetBigger/GetFitterGetBigger.API/GetFitterGetBigger.API.IntegrationTests/Features/ReferenceData/DifficultyLevels.feature.cs:line 74
   at GetFitterGetBigger.API.IntegrationTests.Features.ReferenceData.DifficultyLevelsReferenceDataFeature.GetDifficultyLevelByValidValue() in /home/esqueleto/myWork/GetFitterGetBigger/GetFitterGetBigger.API/GetFitterGetBigger.API.IntegrationTests/Features/ReferenceData/DifficultyLevels.feature.cs:line 239
--- End of stack trace from previous location ---</StackTrace>
        </ErrorInfo>
      </Output>
    </UnitTestResult>
    <UnitTestResult executionId="3309d483-a3e5-4406-8fa1-e16640de703e" testId="7dc8d6e5-a945-2023-9853-f2cf4c56e8e2" testName="Get difficulty level by non-existent ID returns not found" computerName="DesktopUbuntu" duration="00:00:00.0163799" startTime="2025-07-12T16:16:36.5300216+02:00" endTime="2025-07-12T16:16:36.5300217+02:00" testType="13cdc9d9-ddb5-4fa4-a97d-d965ccfc6d4b" outcome="Passed" testListId="8c84fa94-04c1-424b-9868-57a2d4851a1d" relativeResultsDirectory="3309d483-a3e5-4406-8fa1-e16640de703e">
      <Output>
        <StdOut>-&gt; Initialized HttpClient for scenario: Get difficulty level by non-existent ID returns not found
Given the database is empty
-&gt; Executing step: Given the database is empty
-&gt; done: DatabaseSteps.GivenTheDatabaseIsEmpty() (0.0s)
-&gt; Step result: Passed
And the database has reference data
-&gt; Executing step: Given the database has reference data
-&gt; done: DatabaseSteps.GivenTheDatabaseHasReferenceData() (0.0s)
-&gt; Step result: Passed
When I send a GET request to "/api/ReferenceTables/DifficultyLevels/difficultylevel-00000000-0000-0000-0000-000000000000"
-&gt; Executing step: When I send a GET request to "/api/ReferenceTables/DifficultyLevels/difficultylevel-00000000-0000-0000-0000-000000000000"
-&gt; done: RequestSteps.WhenISendARequestTo("GET", "/api/ReferenceTab...") (0.0s)
-&gt; Step result: Passed
Then the response status should be 404
-&gt; Executing step: Then the response status should be 404
-&gt; done: ResponseSteps.ThenTheResponseStatusShouldBe(404) (0.0s)
-&gt; Step result: Passed</StdOut>
      </Output>
    </UnitTestResult>
    <UnitTestResult executionId="2f281da1-4533-48f1-82ca-dd74fbeb625d" testId="7d84a9b6-dc51-9fb7-23d3-28b46d8b1ac9" testName="Get difficulty level by non-existent value returns not found" computerName="DesktopUbuntu" duration="00:00:00.0238066" startTime="2025-07-12T16:16:36.5040789+02:00" endTime="2025-07-12T16:16:36.5040789+02:00" testType="13cdc9d9-ddb5-4fa4-a97d-d965ccfc6d4b" outcome="Passed" testListId="8c84fa94-04c1-424b-9868-57a2d4851a1d" relativeResultsDirectory="2f281da1-4533-48f1-82ca-dd74fbeb625d">
      <Output>
        <StdOut>-&gt; Initialized HttpClient for scenario: Get difficulty level by non-existent value returns not found
Given the database is empty
-&gt; Executing step: Given the database is empty
-&gt; done: DatabaseSteps.GivenTheDatabaseIsEmpty() (0.0s)
-&gt; Step result: Passed
And the database has reference data
-&gt; Executing step: Given the database has reference data
-&gt; done: DatabaseSteps.GivenTheDatabaseHasReferenceData() (0.0s)
-&gt; Step result: Passed
When I send a GET request to "/api/ReferenceTables/DifficultyLevels/ByValue/NonExistentDifficultyLevel"
-&gt; Executing step: When I send a GET request to "/api/ReferenceTables/DifficultyLevels/ByValue/NonExistentDifficultyLevel"
-&gt; done: RequestSteps.WhenISendARequestTo("GET", "/api/ReferenceTab...") (0.0s)
-&gt; Step result: Passed
Then the response status should be 404
-&gt; Executing step: Then the response status should be 404
-&gt; done: ResponseSteps.ThenTheResponseStatusShouldBe(404) (0.0s)
-&gt; Step result: Passed</StdOut>
      </Output>
    </UnitTestResult>
  </Results>
  <TestDefinitions>
    <UnitTest name="Get difficulty level by valid ID" storage="/home/esqueleto/mywork/getfittergetbigger/getfittergetbigger.api/getfittergetbigger.api.integrationtests/bin/debug/net9.0/getfittergetbigger.api.integrationtests.dll" id="24b86cba-8a25-b3a3-0b66-1b00364a89c0">
      <Execution id="f22fc408-9149-4326-94db-b203fd8a66a3" />
      <TestMethod codeBase="/home/esqueleto/myWork/GetFitterGetBigger/GetFitterGetBigger.API/GetFitterGetBigger.API.IntegrationTests/bin/Debug/net9.0/GetFitterGetBigger.API.IntegrationTests.dll" adapterTypeName="executor://xunit/VsTestRunner2/netcoreapp" className="GetFitterGetBigger.API.IntegrationTests.Features.ReferenceData.DifficultyLevelsReferenceDataFeature" name="GetDifficultyLevelByValidID" />
    </UnitTest>
    <UnitTest name="Database is accessible" storage="/home/esqueleto/mywork/getfittergetbigger/getfittergetbigger.api/getfittergetbigger.api.integrationtests/bin/debug/net9.0/getfittergetbigger.api.integrationtests.dll" id="809e8303-d8db-83e6-c645-da5f376be7b8">
      <Execution id="a85c7f57-4a53-4926-8aa0-945c68e392c1" />
      <TestMethod codeBase="/home/esqueleto/myWork/GetFitterGetBigger/GetFitterGetBigger.API/GetFitterGetBigger.API.IntegrationTests/bin/Debug/net9.0/GetFitterGetBigger.API.IntegrationTests.dll" adapterTypeName="executor://xunit/VsTestRunner2/netcoreapp" className="GetFitterGetBigger.API.IntegrationTests.Features.Basic.DatabaseConnectionFeature" name="DatabaseIsAccessible" />
    </UnitTest>
    <UnitTest name="Get difficulty level by value with different casing(casing: &quot;BEGINNER&quot;, exampleTags: [])" storage="/home/esqueleto/mywork/getfittergetbigger/getfittergetbigger.api/getfittergetbigger.api.integrationtests/bin/debug/net9.0/getfittergetbigger.api.integrationtests.dll" id="20571401-7eb7-cd89-4987-788dae12b96c">
      <Execution id="4eacece1-a3a5-4d0d-afe5-024745d606b3" />
      <TestMethod codeBase="/home/esqueleto/myWork/GetFitterGetBigger/GetFitterGetBigger.API/GetFitterGetBigger.API.IntegrationTests/bin/Debug/net9.0/GetFitterGetBigger.API.IntegrationTests.dll" adapterTypeName="executor://xunit/VsTestRunner2/netcoreapp" className="GetFitterGetBigger.API.IntegrationTests.Features.ReferenceData.DifficultyLevelsReferenceDataFeature" name="GetDifficultyLevelByValueWithDifferentCasing" />
    </UnitTest>
    <UnitTest name="Get difficulty level by value with different casing(casing: &quot;BeGiNnEr&quot;, exampleTags: [])" storage="/home/esqueleto/mywork/getfittergetbigger/getfittergetbigger.api/getfittergetbigger.api.integrationtests/bin/debug/net9.0/getfittergetbigger.api.integrationtests.dll" id="a450ef01-55c7-1965-e168-73ab1fa6db6e">
      <Execution id="fa2712c1-9475-4a5f-91d1-fd62a781f42d" />
      <TestMethod codeBase="/home/esqueleto/myWork/GetFitterGetBigger/GetFitterGetBigger.API/GetFitterGetBigger.API.IntegrationTests/bin/Debug/net9.0/GetFitterGetBigger.API.IntegrationTests.dll" adapterTypeName="executor://xunit/VsTestRunner2/netcoreapp" className="GetFitterGetBigger.API.IntegrationTests.Features.ReferenceData.DifficultyLevelsReferenceDataFeature" name="GetDifficultyLevelByValueWithDifferentCasing" />
    </UnitTest>
    <UnitTest name="Get difficulty level by valid value" storage="/home/esqueleto/mywork/getfittergetbigger/getfittergetbigger.api/getfittergetbigger.api.integrationtests/bin/debug/net9.0/getfittergetbigger.api.integrationtests.dll" id="29bd479b-00e8-49d2-ced1-f439e4dd47a8">
      <Execution id="53eb82c7-2f69-490d-a21e-8fad12ef8633" />
      <TestMethod codeBase="/home/esqueleto/myWork/GetFitterGetBigger/GetFitterGetBigger.API/GetFitterGetBigger.API.IntegrationTests/bin/Debug/net9.0/GetFitterGetBigger.API.IntegrationTests.dll" adapterTypeName="executor://xunit/VsTestRunner2/netcoreapp" className="GetFitterGetBigger.API.IntegrationTests.Features.ReferenceData.DifficultyLevelsReferenceDataFeature" name="GetDifficultyLevelByValidValue" />
    </UnitTest>
    <UnitTest name="Get difficulty level by non-existent value returns not found" storage="/home/esqueleto/mywork/getfittergetbigger/getfittergetbigger.api/getfittergetbigger.api.integrationtests/bin/debug/net9.0/getfittergetbigger.api.integrationtests.dll" id="7d84a9b6-dc51-9fb7-23d3-28b46d8b1ac9">
      <Execution id="2f281da1-4533-48f1-82ca-dd74fbeb625d" />
      <TestMethod codeBase="/home/esqueleto/myWork/GetFitterGetBigger/GetFitterGetBigger.API/GetFitterGetBigger.API.IntegrationTests/bin/Debug/net9.0/GetFitterGetBigger.API.IntegrationTests.dll" adapterTypeName="executor://xunit/VsTestRunner2/netcoreapp" className="GetFitterGetBigger.API.IntegrationTests.Features.ReferenceData.DifficultyLevelsReferenceDataFeature" name="GetDifficultyLevelByNon_ExistentValueReturnsNotFound" />
    </UnitTest>
    <UnitTest name="Get difficulty level by invalid ID format returns bad request" storage="/home/esqueleto/mywork/getfittergetbigger/getfittergetbigger.api/getfittergetbigger.api.integrationtests/bin/debug/net9.0/getfittergetbigger.api.integrationtests.dll" id="8143067d-510a-1b22-fed2-1bfd042b77ac">
      <Execution id="4fc811bc-2fbf-4f8d-8f71-c50e7b68a793" />
      <TestMethod codeBase="/home/esqueleto/myWork/GetFitterGetBigger/GetFitterGetBigger.API/GetFitterGetBigger.API.IntegrationTests/bin/Debug/net9.0/GetFitterGetBigger.API.IntegrationTests.dll" adapterTypeName="executor://xunit/VsTestRunner2/netcoreapp" className="GetFitterGetBigger.API.IntegrationTests.Features.ReferenceData.DifficultyLevelsReferenceDataFeature" name="GetDifficultyLevelByInvalidIDFormatReturnsBadRequest" />
    </UnitTest>
    <UnitTest name="Get all difficulty levels" storage="/home/esqueleto/mywork/getfittergetbigger/getfittergetbigger.api/getfittergetbigger.api.integrationtests/bin/debug/net9.0/getfittergetbigger.api.integrationtests.dll" id="ff8f3041-b633-1617-4d2d-8212db51b23f">
      <Execution id="08fabbfd-7627-4fca-8082-20d4f9af1a35" />
      <TestMethod codeBase="/home/esqueleto/myWork/GetFitterGetBigger/GetFitterGetBigger.API/GetFitterGetBigger.API.IntegrationTests/bin/Debug/net9.0/GetFitterGetBigger.API.IntegrationTests.dll" adapterTypeName="executor://xunit/VsTestRunner2/netcoreapp" className="GetFitterGetBigger.API.IntegrationTests.Features.ReferenceData.DifficultyLevelsReferenceDataFeature" name="GetAllDifficultyLevels" />
    </UnitTest>
    <UnitTest name="Get difficulty level by value with different casing(casing: &quot;Beginner&quot;, exampleTags: [])" storage="/home/esqueleto/mywork/getfittergetbigger/getfittergetbigger.api/getfittergetbigger.api.integrationtests/bin/debug/net9.0/getfittergetbigger.api.integrationtests.dll" id="6b5bab49-7e83-4742-8d68-1815f12ca24a">
      <Execution id="bb7a1dc4-6b76-4700-bb8e-e9ccff55dc08" />
      <TestMethod codeBase="/home/esqueleto/myWork/GetFitterGetBigger/GetFitterGetBigger.API/GetFitterGetBigger.API.IntegrationTests/bin/Debug/net9.0/GetFitterGetBigger.API.IntegrationTests.dll" adapterTypeName="executor://xunit/VsTestRunner2/netcoreapp" className="GetFitterGetBigger.API.IntegrationTests.Features.ReferenceData.DifficultyLevelsReferenceDataFeature" name="GetDifficultyLevelByValueWithDifferentCasing" />
    </UnitTest>
    <UnitTest name="Get difficulty level by non-existent ID returns not found" storage="/home/esqueleto/mywork/getfittergetbigger/getfittergetbigger.api/getfittergetbigger.api.integrationtests/bin/debug/net9.0/getfittergetbigger.api.integrationtests.dll" id="7dc8d6e5-a945-2023-9853-f2cf4c56e8e2">
      <Execution id="3309d483-a3e5-4406-8fa1-e16640de703e" />
      <TestMethod codeBase="/home/esqueleto/myWork/GetFitterGetBigger/GetFitterGetBigger.API/GetFitterGetBigger.API.IntegrationTests/bin/Debug/net9.0/GetFitterGetBigger.API.IntegrationTests.dll" adapterTypeName="executor://xunit/VsTestRunner2/netcoreapp" className="GetFitterGetBigger.API.IntegrationTests.Features.ReferenceData.DifficultyLevelsReferenceDataFeature" name="GetDifficultyLevelByNon_ExistentIDReturnsNotFound" />
    </UnitTest>
    <UnitTest name="Get difficulty level by value with different casing(casing: &quot;beginner&quot;, exampleTags: [])" storage="/home/esqueleto/mywork/getfittergetbigger/getfittergetbigger.api/getfittergetbigger.api.integrationtests/bin/debug/net9.0/getfittergetbigger.api.integrationtests.dll" id="78c8d0c4-5915-18ed-925c-a215ae58addc">
      <Execution id="32d613eb-2346-46b3-b9ec-aadbf9a70218" />
      <TestMethod codeBase="/home/esqueleto/myWork/GetFitterGetBigger/GetFitterGetBigger.API/GetFitterGetBigger.API.IntegrationTests/bin/Debug/net9.0/GetFitterGetBigger.API.IntegrationTests.dll" adapterTypeName="executor://xunit/VsTestRunner2/netcoreapp" className="GetFitterGetBigger.API.IntegrationTests.Features.ReferenceData.DifficultyLevelsReferenceDataFeature" name="GetDifficultyLevelByValueWithDifferentCasing" />
    </UnitTest>
  </TestDefinitions>
  <TestEntries>
    <TestEntry testId="8143067d-510a-1b22-fed2-1bfd042b77ac" executionId="4fc811bc-2fbf-4f8d-8f71-c50e7b68a793" testListId="8c84fa94-04c1-424b-9868-57a2d4851a1d" />
    <TestEntry testId="20571401-7eb7-cd89-4987-788dae12b96c" executionId="4eacece1-a3a5-4d0d-afe5-024745d606b3" testListId="8c84fa94-04c1-424b-9868-57a2d4851a1d" />
    <TestEntry testId="a450ef01-55c7-1965-e168-73ab1fa6db6e" executionId="fa2712c1-9475-4a5f-91d1-fd62a781f42d" testListId="8c84fa94-04c1-424b-9868-57a2d4851a1d" />
    <TestEntry testId="809e8303-d8db-83e6-c645-da5f376be7b8" executionId="a85c7f57-4a53-4926-8aa0-945c68e392c1" testListId="8c84fa94-04c1-424b-9868-57a2d4851a1d" />
    <TestEntry testId="24b86cba-8a25-b3a3-0b66-1b00364a89c0" executionId="f22fc408-9149-4326-94db-b203fd8a66a3" testListId="8c84fa94-04c1-424b-9868-57a2d4851a1d" />
    <TestEntry testId="ff8f3041-b633-1617-4d2d-8212db51b23f" executionId="08fabbfd-7627-4fca-8082-20d4f9af1a35" testListId="8c84fa94-04c1-424b-9868-57a2d4851a1d" />
    <TestEntry testId="6b5bab49-7e83-4742-8d68-1815f12ca24a" executionId="bb7a1dc4-6b76-4700-bb8e-e9ccff55dc08" testListId="8c84fa94-04c1-424b-9868-57a2d4851a1d" />
    <TestEntry testId="78c8d0c4-5915-18ed-925c-a215ae58addc" executionId="32d613eb-2346-46b3-b9ec-aadbf9a70218" testListId="8c84fa94-04c1-424b-9868-57a2d4851a1d" />
    <TestEntry testId="29bd479b-00e8-49d2-ced1-f439e4dd47a8" executionId="53eb82c7-2f69-490d-a21e-8fad12ef8633" testListId="8c84fa94-04c1-424b-9868-57a2d4851a1d" />
    <TestEntry testId="7dc8d6e5-a945-2023-9853-f2cf4c56e8e2" executionId="3309d483-a3e5-4406-8fa1-e16640de703e" testListId="8c84fa94-04c1-424b-9868-57a2d4851a1d" />
    <TestEntry testId="7d84a9b6-dc51-9fb7-23d3-28b46d8b1ac9" executionId="2f281da1-4533-48f1-82ca-dd74fbeb625d" testListId="8c84fa94-04c1-424b-9868-57a2d4851a1d" />
  </TestEntries>
  <TestLists>
    <TestList name="Results Not in a List" id="8c84fa94-04c1-424b-9868-57a2d4851a1d" />
    <TestList name="All Loaded Results" id="19431567-8539-422a-85d7-44ee4e166bda" />
  </TestLists>
  <ResultSummary outcome="Failed">
    <Counters total="11" executed="11" passed="9" failed="2" error="0" timeout="0" aborted="0" inconclusive="0" passedButRunAborted="0" notRunnable="0" notExecuted="0" disconnected="0" warning="0" completed="0" inProgress="0" pending="0" />
    <Output>
      <StdOut>[xUnit.net 00:00:00.00] xUnit.net VSTest Adapter v2.8.2+699d445a1a (64-bit .NET 9.0.3)
[xUnit.net 00:00:00.04]   Discovering: GetFitterGetBigger.API.IntegrationTests
[xUnit.net 00:00:00.06]   Discovered:  GetFitterGetBigger.API.IntegrationTests
[xUnit.net 00:00:00.07]   Starting:    GetFitterGetBigger.API.IntegrationTests
-&gt; Loading plugin /home/esqueleto/myWork/GetFitterGetBigger/GetFitterGetBigger.API/GetFitterGetBigger.API.IntegrationTests/bin/Debug/net9.0/TechTalk.SpecFlow.xUnit.SpecFlowPlugin.dll
-&gt; Loading plugin /home/esqueleto/myWork/GetFitterGetBigger/GetFitterGetBigger.API/GetFitterGetBigger.API.IntegrationTests/bin/Debug/net9.0/GetFitterGetBigger.API.IntegrationTests.dll
-&gt; Using specflow.json
[testcontainers.org 00:00:00.07] Connected to Docker:
  Host: unix:///var/run/docker.sock
  Server Version: 27.3.1
  Kernel Version: 6.14.0-23-generic
  API Version: 1.47
  Operating System: Ubuntu 25.04
  Total Memory: 61.38 GB
[testcontainers.org 00:00:00.13] Docker container e7b021b65163 created
[testcontainers.org 00:00:00.15] Start Docker container e7b021b65163
[testcontainers.org 00:00:00.27] Wait for Docker container e7b021b65163 to complete readiness checks
[testcontainers.org 00:00:00.27] Docker container e7b021b65163 ready
[testcontainers.org 00:00:00.29] Docker container bb2964634a49 created
[testcontainers.org 00:00:00.29] Docker container cd0e35366d9f created
[testcontainers.org 00:00:00.29] Start Docker container bb2964634a49
[testcontainers.org 00:00:00.29] Start Docker container cd0e35366d9f
[testcontainers.org 00:00:00.42] Wait for Docker container bb2964634a49 to complete readiness checks
[testcontainers.org 00:00:00.42] Wait for Docker container cd0e35366d9f to complete readiness checks
[testcontainers.org 00:00:00.42] Execute "pg_isready --host localhost --dbname bddtestdb --username bddtestuser" at Docker container bb2964634a49
[testcontainers.org 00:00:00.42] Execute "pg_isready --host localhost --dbname bddtestdb --username bddtestuser" at Docker container cd0e35366d9f
[testcontainers.org 00:00:01.47] Execute "pg_isready --host localhost --dbname bddtestdb --username bddtestuser" at Docker container cd0e35366d9f
[testcontainers.org 00:00:01.47] Execute "pg_isready --host localhost --dbname bddtestdb --username bddtestuser" at Docker container bb2964634a49
[testcontainers.org 00:00:01.53] Docker container bb2964634a49 ready
[testcontainers.org 00:00:01.53] Docker container cd0e35366d9f ready
[testcontainers.org 00:00:01.61] Docker container 53f21bd548be created
[testcontainers.org 00:00:01.61] Docker container 5ccf03be248a created
[testcontainers.org 00:00:01.61] Start Docker container 53f21bd548be
[testcontainers.org 00:00:01.61] Start Docker container 5ccf03be248a
[testcontainers.org 00:00:01.74] Wait for Docker container 53f21bd548be to complete readiness checks
[testcontainers.org 00:00:01.74] Execute "pg_isready --host localhost --dbname bddtestdb --username bddtestuser" at Docker container 53f21bd548be
[testcontainers.org 00:00:01.77] Wait for Docker container 5ccf03be248a to complete readiness checks
[testcontainers.org 00:00:01.77] Execute "pg_isready --host localhost --dbname bddtestdb --username bddtestuser" at Docker container 5ccf03be248a
[testcontainers.org 00:00:02.78] Execute "pg_isready --host localhost --dbname bddtestdb --username bddtestuser" at Docker container 53f21bd548be
[testcontainers.org 00:00:02.79] Execute "pg_isready --host localhost --dbname bddtestdb --username bddtestuser" at Docker container 5ccf03be248a
[testcontainers.org 00:00:02.83] Docker container 53f21bd548be ready
[testcontainers.org 00:00:02.83] Docker container 5ccf03be248a ready
-&gt; #XW001: Starting feature: Database Connection
-&gt; #XW002: Starting feature: Difficulty Levels Reference Data
-&gt; #XW002: Tags: 
-&gt; #XW001: Tags: 
warn: Microsoft.EntityFrameworkCore.Model.Validation[10400]
      Sensitive data logging is enabled. Log entries and exception messages may include sensitive application data; this mode should only be enabled during development.
warn: 7/12/2025 16:16:35.501 CoreEventId.SensitiveDataLoggingEnabledWarning[10400] (Microsoft.EntityFrameworkCore.Infrastructure) 
      Sensitive data logging is enabled. Log entries and exception messages may include sensitive application data; this mode should only be enabled during development.
dbug: Microsoft.EntityFrameworkCore.Database.Command[20103]
      Creating DbCommand for 'ExecuteReader'.
dbug: Microsoft.EntityFrameworkCore.Database.Command[20103]
      Creating DbCommand for 'ExecuteReader'.
dbug: Microsoft.EntityFrameworkCore.Database.Command[20104]
      Created DbCommand for 'ExecuteReader' (1ms).
dbug: Microsoft.EntityFrameworkCore.Database.Command[20104]
      Created DbCommand for 'ExecuteReader' (1ms).
dbug: Microsoft.EntityFrameworkCore.Database.Command[20106]
      Initialized DbCommand for 'ExecuteReader' (4ms).
dbug: Microsoft.EntityFrameworkCore.Database.Command[20106]
      Initialized DbCommand for 'ExecuteReader' (4ms).
dbug: Microsoft.EntityFrameworkCore.Database.Command[20100]
      Executing DbCommand [Parameters=[], CommandType='Text', CommandTimeout='30']
      SELECT "MigrationId", "ProductVersion"
      FROM "__EFMigrationsHistory"
      ORDER BY "MigrationId";
dbug: Microsoft.EntityFrameworkCore.Database.Command[20100]
      Executing DbCommand [Parameters=[], CommandType='Text', CommandTimeout='30']
      SELECT "MigrationId", "ProductVersion"
      FROM "__EFMigrationsHistory"
      ORDER BY "MigrationId";
fail: Microsoft.EntityFrameworkCore.Database.Command[20102]
      Failed executing DbCommand (11ms) [Parameters=[], CommandType='Text', CommandTimeout='30']
      SELECT "MigrationId", "ProductVersion"
      FROM "__EFMigrationsHistory"
      ORDER BY "MigrationId";
fail: Microsoft.EntityFrameworkCore.Database.Command[20102]
      Failed executing DbCommand (11ms) [Parameters=[], CommandType='Text', CommandTimeout='30']
      SELECT "MigrationId", "ProductVersion"
      FROM "__EFMigrationsHistory"
      ORDER BY "MigrationId";
fail: 7/12/2025 16:16:35.625 RelationalEventId.CommandError[20102] (Microsoft.EntityFrameworkCore.Database.Command) 
      Failed executing DbCommand (11ms) [Parameters=[], CommandType='Text', CommandTimeout='30']
      SELECT "MigrationId", "ProductVersion"
      FROM "__EFMigrationsHistory"
      ORDER BY "MigrationId";
fail: 7/12/2025 16:16:35.625 RelationalEventId.CommandError[20102] (Microsoft.EntityFrameworkCore.Database.Command) 
      Failed executing DbCommand (11ms) [Parameters=[], CommandType='Text', CommandTimeout='30']
      SELECT "MigrationId", "ProductVersion"
      FROM "__EFMigrationsHistory"
      ORDER BY "MigrationId";
dbug: Microsoft.EntityFrameworkCore.Migrations[20400]
      Migrating using database 'bddtestdb' on server 'tcp://127.0.0.1:33517'.
dbug: Microsoft.EntityFrameworkCore.Migrations[20400]
      Migrating using database 'bddtestdb' on server 'tcp://127.0.0.1:33518'.
dbug: Microsoft.EntityFrameworkCore.Database.Command[20103]
      Creating DbCommand for 'ExecuteNonQuery'.
dbug: Microsoft.EntityFrameworkCore.Database.Command[20104]
      Created DbCommand for 'ExecuteNonQuery' (0ms).
dbug: Microsoft.EntityFrameworkCore.Database.Command[20103]
      Creating DbCommand for 'ExecuteNonQuery'.
dbug: Microsoft.EntityFrameworkCore.Database.Command[20106]
      Initialized DbCommand for 'ExecuteNonQuery' (0ms).
dbug: Microsoft.EntityFrameworkCore.Database.Command[20104]
      Created DbCommand for 'ExecuteNonQuery' (0ms).
dbug: Microsoft.EntityFrameworkCore.Database.Command[20106]
      Initialized DbCommand for 'ExecuteNonQuery' (0ms).
dbug: Microsoft.EntityFrameworkCore.Database.Command[20100]
      Executing DbCommand [Parameters=[], CommandType='Text', CommandTimeout='30']
      CREATE TABLE IF NOT EXISTS "__EFMigrationsHistory" (
          "MigrationId" character varying(150) NOT NULL,
          "ProductVersion" character varying(32) NOT NULL,
          CONSTRAINT "PK___EFMigrationsHistory" PRIMARY KEY ("MigrationId")
      );
dbug: Microsoft.EntityFrameworkCore.Database.Command[20100]
      Executing DbCommand [Parameters=[], CommandType='Text', CommandTimeout='30']
      CREATE TABLE IF NOT EXISTS "__EFMigrationsHistory" (
          "MigrationId" character varying(150) NOT NULL,
          "ProductVersion" character varying(32) NOT NULL,
          CONSTRAINT "PK___EFMigrationsHistory" PRIMARY KEY ("MigrationId")
      );
info: Microsoft.EntityFrameworkCore.Database.Command[20101]
      Executed DbCommand (3ms) [Parameters=[], CommandType='Text', CommandTimeout='30']
      CREATE TABLE IF NOT EXISTS "__EFMigrationsHistory" (
          "MigrationId" character varying(150) NOT NULL,
          "ProductVersion" character varying(32) NOT NULL,
          CONSTRAINT "PK___EFMigrationsHistory" PRIMARY KEY ("MigrationId")
      );
info: Microsoft.EntityFrameworkCore.Database.Command[20101]
      Executed DbCommand (3ms) [Parameters=[], CommandType='Text', CommandTimeout='30']
      CREATE TABLE IF NOT EXISTS "__EFMigrationsHistory" (
          "MigrationId" character varying(150) NOT NULL,
          "ProductVersion" character varying(32) NOT NULL,
          CONSTRAINT "PK___EFMigrationsHistory" PRIMARY KEY ("MigrationId")
      );
info: 7/12/2025 16:16:35.744 RelationalEventId.CommandExecuted[20101] (Microsoft.EntityFrameworkCore.Database.Command) 
      Executed DbCommand (3ms) [Parameters=[], CommandType='Text', CommandTimeout='30']
      CREATE TABLE IF NOT EXISTS "__EFMigrationsHistory" (
          "MigrationId" character varying(150) NOT NULL,
          "ProductVersion" character varying(32) NOT NULL,
          CONSTRAINT "PK___EFMigrationsHistory" PRIMARY KEY ("MigrationId")
      );
info: 7/12/2025 16:16:35.744 RelationalEventId.CommandExecuted[20101] (Microsoft.EntityFrameworkCore.Database.Command) 
      Executed DbCommand (3ms) [Parameters=[], CommandType='Text', CommandTimeout='30']
      CREATE TABLE IF NOT EXISTS "__EFMigrationsHistory" (
          "MigrationId" character varying(150) NOT NULL,
          "ProductVersion" character varying(32) NOT NULL,
          CONSTRAINT "PK___EFMigrationsHistory" PRIMARY KEY ("MigrationId")
      );
info: Microsoft.EntityFrameworkCore.Migrations[20411]
      Acquiring an exclusive lock for migration application. See https://aka.ms/efcore-docs-migrations-lock for more information if this takes too long.
info: Microsoft.EntityFrameworkCore.Migrations[20411]
      Acquiring an exclusive lock for migration application. See https://aka.ms/efcore-docs-migrations-lock for more information if this takes too long.
info: 7/12/2025 16:16:35.746 RelationalEventId.AcquiringMigrationLock[20411] (Microsoft.EntityFrameworkCore.Migrations) 
      Acquiring an exclusive lock for migration application. See https://aka.ms/efcore-docs-migrations-lock for more information if this takes too long.
info: 7/12/2025 16:16:35.746 RelationalEventId.AcquiringMigrationLock[20411] (Microsoft.EntityFrameworkCore.Migrations) 
      Acquiring an exclusive lock for migration application. See https://aka.ms/efcore-docs-migrations-lock for more information if this takes too long.
dbug: Microsoft.EntityFrameworkCore.Database.Command[20103]
      Creating DbCommand for 'ExecuteNonQuery'.
dbug: Microsoft.EntityFrameworkCore.Database.Command[20103]
      Creating DbCommand for 'ExecuteNonQuery'.
dbug: Microsoft.EntityFrameworkCore.Database.Command[20104]
      Created DbCommand for 'ExecuteNonQuery' (0ms).
dbug: Microsoft.EntityFrameworkCore.Database.Command[20104]
      Created DbCommand for 'ExecuteNonQuery' (0ms).
dbug: Microsoft.EntityFrameworkCore.Database.Command[20106]
      Initialized DbCommand for 'ExecuteNonQuery' (0ms).
dbug: Microsoft.EntityFrameworkCore.Database.Command[20106]
      Initialized DbCommand for 'ExecuteNonQuery' (0ms).
dbug: Microsoft.EntityFrameworkCore.Database.Command[20100]
      Executing DbCommand [Parameters=[], CommandType='Text', CommandTimeout='30']
      LOCK TABLE "__EFMigrationsHistory" IN ACCESS EXCLUSIVE MODE
dbug: Microsoft.EntityFrameworkCore.Database.Command[20100]
      Executing DbCommand [Parameters=[], CommandType='Text', CommandTimeout='30']
      LOCK TABLE "__EFMigrationsHistory" IN ACCESS EXCLUSIVE MODE
info: Microsoft.EntityFrameworkCore.Database.Command[20101]
      Executed DbCommand (0ms) [Parameters=[], CommandType='Text', CommandTimeout='30']
      LOCK TABLE "__EFMigrationsHistory" IN ACCESS EXCLUSIVE MODE
info: Microsoft.EntityFrameworkCore.Database.Command[20101]
      Executed DbCommand (0ms) [Parameters=[], CommandType='Text', CommandTimeout='30']
      LOCK TABLE "__EFMigrationsHistory" IN ACCESS EXCLUSIVE MODE
info: 7/12/2025 16:16:35.747 RelationalEventId.CommandExecuted[20101] (Microsoft.EntityFrameworkCore.Database.Command) 
      Executed DbCommand (0ms) [Parameters=[], CommandType='Text', CommandTimeout='30']
      LOCK TABLE "__EFMigrationsHistory" IN ACCESS EXCLUSIVE MODE
info: 7/12/2025 16:16:35.747 RelationalEventId.CommandExecuted[20101] (Microsoft.EntityFrameworkCore.Database.Command) 
      Executed DbCommand (0ms) [Parameters=[], CommandType='Text', CommandTimeout='30']
      LOCK TABLE "__EFMigrationsHistory" IN ACCESS EXCLUSIVE MODE
dbug: Microsoft.EntityFrameworkCore.Database.Command[20103]
      Creating DbCommand for 'ExecuteReader'.
dbug: Microsoft.EntityFrameworkCore.Database.Command[20104]
      Created DbCommand for 'ExecuteReader' (0ms).
dbug: Microsoft.EntityFrameworkCore.Database.Command[20103]
      Creating DbCommand for 'ExecuteReader'.
dbug: Microsoft.EntityFrameworkCore.Database.Command[20104]
      Created DbCommand for 'ExecuteReader' (0ms).
dbug: Microsoft.EntityFrameworkCore.Database.Command[20106]
      Initialized DbCommand for 'ExecuteReader' (0ms).
dbug: Microsoft.EntityFrameworkCore.Database.Command[20106]
      Initialized DbCommand for 'ExecuteReader' (0ms).
dbug: Microsoft.EntityFrameworkCore.Database.Command[20100]
      Executing DbCommand [Parameters=[], CommandType='Text', CommandTimeout='30']
      SELECT "MigrationId", "ProductVersion"
      FROM "__EFMigrationsHistory"
      ORDER BY "MigrationId";
dbug: Microsoft.EntityFrameworkCore.Database.Command[20100]
      Executing DbCommand [Parameters=[], CommandType='Text', CommandTimeout='30']
      SELECT "MigrationId", "ProductVersion"
      FROM "__EFMigrationsHistory"
      ORDER BY "MigrationId";
info: Microsoft.EntityFrameworkCore.Database.Command[20101]
      Executed DbCommand (1ms) [Parameters=[], CommandType='Text', CommandTimeout='30']
      SELECT "MigrationId", "ProductVersion"
      FROM "__EFMigrationsHistory"
      ORDER BY "MigrationId";
info: Microsoft.EntityFrameworkCore.Database.Command[20101]
      Executed DbCommand (1ms) [Parameters=[], CommandType='Text', CommandTimeout='30']
      SELECT "MigrationId", "ProductVersion"
      FROM "__EFMigrationsHistory"
      ORDER BY "MigrationId";
info: 7/12/2025 16:16:35.748 RelationalEventId.CommandExecuted[20101] (Microsoft.EntityFrameworkCore.Database.Command) 
      Executed DbCommand (1ms) [Parameters=[], CommandType='Text', CommandTimeout='30']
      SELECT "MigrationId", "ProductVersion"
      FROM "__EFMigrationsHistory"
      ORDER BY "MigrationId";
info: 7/12/2025 16:16:35.748 RelationalEventId.CommandExecuted[20101] (Microsoft.EntityFrameworkCore.Database.Command) 
      Executed DbCommand (1ms) [Parameters=[], CommandType='Text', CommandTimeout='30']
      SELECT "MigrationId", "ProductVersion"
      FROM "__EFMigrationsHistory"
      ORDER BY "MigrationId";
dbug: Microsoft.EntityFrameworkCore.Database.Command[20301]
      Closing data reader to 'bddtestdb' on server 'tcp://127.0.0.1:33518'.
dbug: Microsoft.EntityFrameworkCore.Database.Command[20301]
      Closing data reader to 'bddtestdb' on server 'tcp://127.0.0.1:33517'.
dbug: Microsoft.EntityFrameworkCore.Database.Command[20300]
      A data reader for 'bddtestdb' on server 'tcp://127.0.0.1:33517' is being disposed after spending 1ms reading results.
dbug: Microsoft.EntityFrameworkCore.Database.Command[20300]
      A data reader for 'bddtestdb' on server 'tcp://127.0.0.1:33518' is being disposed after spending 1ms reading results.
info: Microsoft.EntityFrameworkCore.Migrations[20402]
      Applying migration '20250623233141_InitialCreate'.
info: Microsoft.EntityFrameworkCore.Migrations[20402]
      Applying migration '20250623233141_InitialCreate'.
info: 7/12/2025 16:16:35.753 RelationalEventId.MigrationApplying[20402] (Microsoft.EntityFrameworkCore.Migrations) 
      Applying migration '20250623233141_InitialCreate'.
info: 7/12/2025 16:16:35.753 RelationalEventId.MigrationApplying[20402] (Microsoft.EntityFrameworkCore.Migrations) 
      Applying migration '20250623233141_InitialCreate'.
dbug: Microsoft.EntityFrameworkCore.Database.Command[20103]
      Creating DbCommand for 'ExecuteNonQuery'.
dbug: Microsoft.EntityFrameworkCore.Database.Command[20104]
      Created DbCommand for 'ExecuteNonQuery' (0ms).
dbug: Microsoft.EntityFrameworkCore.Database.Command[20106]
      Initialized DbCommand for 'ExecuteNonQuery' (0ms).
dbug: Microsoft.EntityFrameworkCore.Database.Command[20103]
      Creating DbCommand for 'ExecuteNonQuery'.
dbug: Microsoft.EntityFrameworkCore.Database.Command[20104]
      Created DbCommand for 'ExecuteNonQuery' (0ms).
dbug: Microsoft.EntityFrameworkCore.Database.Command[20106]
      Initialized DbCommand for 'ExecuteNonQuery' (0ms).
dbug: Microsoft.EntityFrameworkCore.Database.Command[20100]
      Executing DbCommand [Parameters=[], CommandType='Text', CommandTimeout='30']
      CREATE TABLE "Equipment" (
          "Id" uuid NOT NULL,
          "Name" text NOT NULL,
          CONSTRAINT "PK_Equipment" PRIMARY KEY ("Id")
      );
dbug: Microsoft.EntityFrameworkCore.Database.Command[20100]
      Executing DbCommand [Parameters=[], CommandType='Text', CommandTimeout='30']
      CREATE TABLE "Equipment" (
          "Id" uuid NOT NULL,
          "Name" text NOT NULL,
          CONSTRAINT "PK_Equipment" PRIMARY KEY ("Id")
      );
info: Microsoft.EntityFrameworkCore.Database.Command[20101]
      Executed DbCommand (2ms) [Parameters=[], CommandType='Text', CommandTimeout='30']
      CREATE TABLE "Equipment" (
          "Id" uuid NOT NULL,
          "Name" text NOT NULL,
          CONSTRAINT "PK_Equipment" PRIMARY KEY ("Id")
      );
info: Microsoft.EntityFrameworkCore.Database.Command[20101]
      Executed DbCommand (2ms) [Parameters=[], CommandType='Text', CommandTimeout='30']
      CREATE TABLE "Equipment" (
          "Id" uuid NOT NULL,
          "Name" text NOT NULL,
          CONSTRAINT "PK_Equipment" PRIMARY KEY ("Id")
      );
info: 7/12/2025 16:16:35.768 RelationalEventId.CommandExecuted[20101] (Microsoft.EntityFrameworkCore.Database.Command) 
      Executed DbCommand (2ms) [Parameters=[], CommandType='Text', CommandTimeout='30']
      CREATE TABLE "Equipment" (
          "Id" uuid NOT NULL,
          "Name" text NOT NULL,
          CONSTRAINT "PK_Equipment" PRIMARY KEY ("Id")
      );
info: 7/12/2025 16:16:35.768 RelationalEventId.CommandExecuted[20101] (Microsoft.EntityFrameworkCore.Database.Command) 
      Executed DbCommand (2ms) [Parameters=[], CommandType='Text', CommandTimeout='30']
      CREATE TABLE "Equipment" (
          "Id" uuid NOT NULL,
          "Name" text NOT NULL,
          CONSTRAINT "PK_Equipment" PRIMARY KEY ("Id")
      );
dbug: Microsoft.EntityFrameworkCore.Database.Command[20103]
      Creating DbCommand for 'ExecuteNonQuery'.
dbug: Microsoft.EntityFrameworkCore.Database.Command[20104]
      Created DbCommand for 'ExecuteNonQuery' (0ms).
dbug: Microsoft.EntityFrameworkCore.Database.Command[20106]
      Initialized DbCommand for 'ExecuteNonQuery' (0ms).
dbug: Microsoft.EntityFrameworkCore.Database.Command[20103]
      Creating DbCommand for 'ExecuteNonQuery'.
dbug: Microsoft.EntityFrameworkCore.Database.Command[20104]
      Created DbCommand for 'ExecuteNonQuery' (0ms).
dbug: Microsoft.EntityFrameworkCore.Database.Command[20100]
      Executing DbCommand [Parameters=[], CommandType='Text', CommandTimeout='30']
      CREATE TABLE "Exercises" (
          "Id" uuid NOT NULL,
          "Name" text NOT NULL,
          "Description" text NOT NULL,
          "Instructions" text NOT NULL,
          "VideoUrl" text,
          "Difficulty" integer NOT NULL,
          "KineticChain" integer NOT NULL,
          "IsUnilateral" boolean NOT NULL,
          CONSTRAINT "PK_Exercises" PRIMARY KEY ("Id")
      );
dbug: Microsoft.EntityFrameworkCore.Database.Command[20106]
      Initialized DbCommand for 'ExecuteNonQuery' (0ms).
dbug: Microsoft.EntityFrameworkCore.Database.Command[20100]
      Executing DbCommand [Parameters=[], CommandType='Text', CommandTimeout='30']
      CREATE TABLE "Exercises" (
          "Id" uuid NOT NULL,
          "Name" text NOT NULL,
          "Description" text NOT NULL,
          "Instructions" text NOT NULL,
          "VideoUrl" text,
          "Difficulty" integer NOT NULL,
          "KineticChain" integer NOT NULL,
          "IsUnilateral" boolean NOT NULL,
          CONSTRAINT "PK_Exercises" PRIMARY KEY ("Id")
      );
info: 7/12/2025 16:16:35.769 RelationalEventId.CommandExecuted[20101] (Microsoft.EntityFrameworkCore.Database.Command) 
      Executed DbCommand (1ms) [Parameters=[], CommandType='Text', CommandTimeout='30']
      CREATE TABLE "Exercises" (
          "Id" uuid NOT NULL,
          "Name" text NOT NULL,
          "Description" text NOT NULL,
          "Instructions" text NOT NULL,
          "VideoUrl" text,
          "Difficulty" integer NOT NULL,
          "KineticChain" integer NOT NULL,
          "IsUnilateral" boolean NOT NULL,
          CONSTRAINT "PK_Exercises" PRIMARY KEY ("Id")
      );
info: Microsoft.EntityFrameworkCore.Database.Command[20101]
      Executed DbCommand (1ms) [Parameters=[], CommandType='Text', CommandTimeout='30']
      CREATE TABLE "Exercises" (
          "Id" uuid NOT NULL,
          "Name" text NOT NULL,
          "Description" text NOT NULL,
          "Instructions" text NOT NULL,
          "VideoUrl" text,
          "Difficulty" integer NOT NULL,
          "KineticChain" integer NOT NULL,
          "IsUnilateral" boolean NOT NULL,
          CONSTRAINT "PK_Exercises" PRIMARY KEY ("Id")
      );
dbug: Microsoft.EntityFrameworkCore.Database.Command[20103]
      Creating DbCommand for 'ExecuteNonQuery'.
dbug: Microsoft.EntityFrameworkCore.Database.Command[20104]
      Created DbCommand for 'ExecuteNonQuery' (0ms).
dbug: Microsoft.EntityFrameworkCore.Database.Command[20106]
      Initialized DbCommand for 'ExecuteNonQuery' (0ms).
dbug: Microsoft.EntityFrameworkCore.Database.Command[20100]
      Executing DbCommand [Parameters=[], CommandType='Text', CommandTimeout='30']
      CREATE TABLE "MetricTypes" (
          "Id" uuid NOT NULL,
          "Name" text NOT NULL,
          CONSTRAINT "PK_MetricTypes" PRIMARY KEY ("Id")
      );
info: Microsoft.EntityFrameworkCore.Database.Command[20101]
      Executed DbCommand (2ms) [Parameters=[], CommandType='Text', CommandTimeout='30']
      CREATE TABLE "Exercises" (
          "Id" uuid NOT NULL,
          "Name" text NOT NULL,
          "Description" text NOT NULL,
          "Instructions" text NOT NULL,
          "VideoUrl" text,
          "Difficulty" integer NOT NULL,
          "KineticChain" integer NOT NULL,
          "IsUnilateral" boolean NOT NULL,
          CONSTRAINT "PK_Exercises" PRIMARY KEY ("Id")
      );
info: Microsoft.EntityFrameworkCore.Database.Command[20101]
      Executed DbCommand (1ms) [Parameters=[], CommandType='Text', CommandTimeout='30']
      CREATE TABLE "MetricTypes" (
          "Id" uuid NOT NULL,
          "Name" text NOT NULL,
          CONSTRAINT "PK_MetricTypes" PRIMARY KEY ("Id")
      );
info: 7/12/2025 16:16:35.769 RelationalEventId.CommandExecuted[20101] (Microsoft.EntityFrameworkCore.Database.Command) 
      Executed DbCommand (2ms) [Parameters=[], CommandType='Text', CommandTimeout='30']
      CREATE TABLE "Exercises" (
          "Id" uuid NOT NULL,
          "Name" text NOT NULL,
          "Description" text NOT NULL,
          "Instructions" text NOT NULL,
          "VideoUrl" text,
          "Difficulty" integer NOT NULL,
          "KineticChain" integer NOT NULL,
          "IsUnilateral" boolean NOT NULL,
          CONSTRAINT "PK_Exercises" PRIMARY KEY ("Id")
      );
info: 7/12/2025 16:16:35.769 RelationalEventId.CommandExecuted[20101] (Microsoft.EntityFrameworkCore.Database.Command) 
      Executed DbCommand (1ms) [Parameters=[], CommandType='Text', CommandTimeout='30']
      CREATE TABLE "MetricTypes" (
          "Id" uuid NOT NULL,
          "Name" text NOT NULL,
          CONSTRAINT "PK_MetricTypes" PRIMARY KEY ("Id")
      );
dbug: Microsoft.EntityFrameworkCore.Database.Command[20103]
      Creating DbCommand for 'ExecuteNonQuery'.
dbug: Microsoft.EntityFrameworkCore.Database.Command[20104]
      Created DbCommand for 'ExecuteNonQuery' (0ms).
dbug: Microsoft.EntityFrameworkCore.Database.Command[20103]
      Creating DbCommand for 'ExecuteNonQuery'.
dbug: Microsoft.EntityFrameworkCore.Database.Command[20106]
      Initialized DbCommand for 'ExecuteNonQuery' (0ms).
dbug: Microsoft.EntityFrameworkCore.Database.Command[20104]
      Created DbCommand for 'ExecuteNonQuery' (0ms).
dbug: Microsoft.EntityFrameworkCore.Database.Command[20100]
      Executing DbCommand [Parameters=[], CommandType='Text', CommandTimeout='30']
      CREATE TABLE "MovementPatterns" (
          "Id" uuid NOT NULL,
          "Name" text NOT NULL,
          "Description" text NOT NULL,
          CONSTRAINT "PK_MovementPatterns" PRIMARY KEY ("Id")
      );
dbug: Microsoft.EntityFrameworkCore.Database.Command[20106]
      Initialized DbCommand for 'ExecuteNonQuery' (0ms).
dbug: Microsoft.EntityFrameworkCore.Database.Command[20100]
      Executing DbCommand [Parameters=[], CommandType='Text', CommandTimeout='30']
      CREATE TABLE "MetricTypes" (
          "Id" uuid NOT NULL,
          "Name" text NOT NULL,
          CONSTRAINT "PK_MetricTypes" PRIMARY KEY ("Id")
      );
info: Microsoft.EntityFrameworkCore.Database.Command[20101]
      Executed DbCommand (1ms) [Parameters=[], CommandType='Text', CommandTimeout='30']
      CREATE TABLE "MovementPatterns" (
          "Id" uuid NOT NULL,
          "Name" text NOT NULL,
          "Description" text NOT NULL,
          CONSTRAINT "PK_MovementPatterns" PRIMARY KEY ("Id")
      );
info: 7/12/2025 16:16:35.770 RelationalEventId.CommandExecuted[20101] (Microsoft.EntityFrameworkCore.Database.Command) 
      Executed DbCommand (1ms) [Parameters=[], CommandType='Text', CommandTimeout='30']
      CREATE TABLE "MovementPatterns" (
          "Id" uuid NOT NULL,
          "Name" text NOT NULL,
          "Description" text NOT NULL,
          CONSTRAINT "PK_MovementPatterns" PRIMARY KEY ("Id")
      );
dbug: Microsoft.EntityFrameworkCore.Database.Command[20103]
      Creating DbCommand for 'ExecuteNonQuery'.
dbug: Microsoft.EntityFrameworkCore.Database.Command[20104]
      Created DbCommand for 'ExecuteNonQuery' (0ms).
dbug: Microsoft.EntityFrameworkCore.Database.Command[20106]
      Initialized DbCommand for 'ExecuteNonQuery' (0ms).
dbug: Microsoft.EntityFrameworkCore.Database.Command[20100]
      Executing DbCommand [Parameters=[], CommandType='Text', CommandTimeout='30']
      CREATE TABLE "MuscleGroups" (
          "Id" uuid NOT NULL,
          "Name" text NOT NULL,
          "BodyPart" integer NOT NULL,
          CONSTRAINT "PK_MuscleGroups" PRIMARY KEY ("Id")
      );
info: Microsoft.EntityFrameworkCore.Database.Command[20101]
      Executed DbCommand (1ms) [Parameters=[], CommandType='Text', CommandTimeout='30']
      CREATE TABLE "MetricTypes" (
          "Id" uuid NOT NULL,
          "Name" text NOT NULL,
          CONSTRAINT "PK_MetricTypes" PRIMARY KEY ("Id")
      );
info: 7/12/2025 16:16:35.770 RelationalEventId.CommandExecuted[20101] (Microsoft.EntityFrameworkCore.Database.Command) 
      Executed DbCommand (1ms) [Parameters=[], CommandType='Text', CommandTimeout='30']
      CREATE TABLE "MetricTypes" (
          "Id" uuid NOT NULL,
          "Name" text NOT NULL,
          CONSTRAINT "PK_MetricTypes" PRIMARY KEY ("Id")
      );
dbug: Microsoft.EntityFrameworkCore.Database.Command[20103]
      Creating DbCommand for 'ExecuteNonQuery'.
dbug: Microsoft.EntityFrameworkCore.Database.Command[20104]
      Created DbCommand for 'ExecuteNonQuery' (0ms).
dbug: Microsoft.EntityFrameworkCore.Database.Command[20106]
      Initialized DbCommand for 'ExecuteNonQuery' (0ms).
dbug: Microsoft.EntityFrameworkCore.Database.Command[20100]
      Executing DbCommand [Parameters=[], CommandType='Text', CommandTimeout='30']
      CREATE TABLE "MovementPatterns" (
          "Id" uuid NOT NULL,
          "Name" text NOT NULL,
          "Description" text NOT NULL,
          CONSTRAINT "PK_MovementPatterns" PRIMARY KEY ("Id")
      );
info: Microsoft.EntityFrameworkCore.Database.Command[20101]
      Executed DbCommand (1ms) [Parameters=[], CommandType='Text', CommandTimeout='30']
      CREATE TABLE "MuscleGroups" (
          "Id" uuid NOT NULL,
          "Name" text NOT NULL,
          "BodyPart" integer NOT NULL,
          CONSTRAINT "PK_MuscleGroups" PRIMARY KEY ("Id")
      );
info: 7/12/2025 16:16:35.771 RelationalEventId.CommandExecuted[20101] (Microsoft.EntityFrameworkCore.Database.Command) 
      Executed DbCommand (1ms) [Parameters=[], CommandType='Text', CommandTimeout='30']
      CREATE TABLE "MuscleGroups" (
          "Id" uuid NOT NULL,
          "Name" text NOT NULL,
          "BodyPart" integer NOT NULL,
          CONSTRAINT "PK_MuscleGroups" PRIMARY KEY ("Id")
      );
dbug: Microsoft.EntityFrameworkCore.Database.Command[20103]
      Creating DbCommand for 'ExecuteNonQuery'.
dbug: Microsoft.EntityFrameworkCore.Database.Command[20104]
      Created DbCommand for 'ExecuteNonQuery' (0ms).
dbug: Microsoft.EntityFrameworkCore.Database.Command[20106]
      Initialized DbCommand for 'ExecuteNonQuery' (0ms).
dbug: Microsoft.EntityFrameworkCore.Database.Command[20100]
      Executing DbCommand [Parameters=[], CommandType='Text', CommandTimeout='30']
      CREATE TABLE "Users" (
          "Id" uuid NOT NULL,
          "Username" text NOT NULL,
          "Email" text NOT NULL,
          "PasswordHash" text NOT NULL,
          "CreatedAt" timestamp with time zone NOT NULL,
          "LastLoginAt" timestamp with time zone,
          CONSTRAINT "PK_Users" PRIMARY KEY ("Id")
      );
info: Microsoft.EntityFrameworkCore.Database.Command[20101]
      Executed DbCommand (1ms) [Parameters=[], CommandType='Text', CommandTimeout='30']
      CREATE TABLE "Users" (
          "Id" uuid NOT NULL,
          "Username" text NOT NULL,
          "Email" text NOT NULL,
          "PasswordHash" text NOT NULL,
          "CreatedAt" timestamp with time zone NOT NULL,
          "LastLoginAt" timestamp with time zone,
          CONSTRAINT "PK_Users" PRIMARY KEY ("Id")
      );
info: 7/12/2025 16:16:35.772 RelationalEventId.CommandExecuted[20101] (Microsoft.EntityFrameworkCore.Database.Command) 
      Executed DbCommand (1ms) [Parameters=[], CommandType='Text', CommandTimeout='30']
      CREATE TABLE "Users" (
          "Id" uuid NOT NULL,
          "Username" text NOT NULL,
          "Email" text NOT NULL,
          "PasswordHash" text NOT NULL,
          "CreatedAt" timestamp with time zone NOT NULL,
          "LastLoginAt" timestamp with time zone,
          CONSTRAINT "PK_Users" PRIMARY KEY ("Id")
      );
dbug: Microsoft.EntityFrameworkCore.Database.Command[20103]
      Creating DbCommand for 'ExecuteNonQuery'.
dbug: Microsoft.EntityFrameworkCore.Database.Command[20104]
      Created DbCommand for 'ExecuteNonQuery' (0ms).
dbug: Microsoft.EntityFrameworkCore.Database.Command[20106]
      Initialized DbCommand for 'ExecuteNonQuery' (0ms).
dbug: Microsoft.EntityFrameworkCore.Database.Command[20100]
      Executing DbCommand [Parameters=[], CommandType='Text', CommandTimeout='30']
      CREATE TABLE "ExerciseEquipment" (
          "ExerciseId" uuid NOT NULL,
          "EquipmentId" uuid NOT NULL,
          CONSTRAINT "PK_ExerciseEquipment" PRIMARY KEY ("ExerciseId", "EquipmentId"),
          CONSTRAINT "FK_ExerciseEquipment_Equipment_EquipmentId" FOREIGN KEY ("EquipmentId") REFERENCES "Equipment" ("Id") ON DELETE CASCADE,
          CONSTRAINT "FK_ExerciseEquipment_Exercises_ExerciseId" FOREIGN KEY ("ExerciseId") REFERENCES "Exercises" ("Id") ON DELETE CASCADE
      );
info: Microsoft.EntityFrameworkCore.Database.Command[20101]
      Executed DbCommand (1ms) [Parameters=[], CommandType='Text', CommandTimeout='30']
      CREATE TABLE "MovementPatterns" (
          "Id" uuid NOT NULL,
          "Name" text NOT NULL,
          "Description" text NOT NULL,
          CONSTRAINT "PK_MovementPatterns" PRIMARY KEY ("Id")
      );
info: 7/12/2025 16:16:35.772 RelationalEventId.CommandExecuted[20101] (Microsoft.EntityFrameworkCore.Database.Command) 
      Executed DbCommand (1ms) [Parameters=[], CommandType='Text', CommandTimeout='30']
      CREATE TABLE "MovementPatterns" (
          "Id" uuid NOT NULL,
          "Name" text NOT NULL,
          "Description" text NOT NULL,
          CONSTRAINT "PK_MovementPatterns" PRIMARY KEY ("Id")
      );
dbug: Microsoft.EntityFrameworkCore.Database.Command[20103]
      Creating DbCommand for 'ExecuteNonQuery'.
dbug: Microsoft.EntityFrameworkCore.Database.Command[20104]
      Created DbCommand for 'ExecuteNonQuery' (0ms).
dbug: Microsoft.EntityFrameworkCore.Database.Command[20106]
      Initialized DbCommand for 'ExecuteNonQuery' (0ms).
dbug: Microsoft.EntityFrameworkCore.Database.Command[20100]
      Executing DbCommand [Parameters=[], CommandType='Text', CommandTimeout='30']
      CREATE TABLE "MuscleGroups" (
          "Id" uuid NOT NULL,
          "Name" text NOT NULL,
          "BodyPart" integer NOT NULL,
          CONSTRAINT "PK_MuscleGroups" PRIMARY KEY ("Id")
      );
info: Microsoft.EntityFrameworkCore.Database.Command[20101]
      Executed DbCommand (1ms) [Parameters=[], CommandType='Text', CommandTimeout='30']
      CREATE TABLE "ExerciseEquipment" (
          "ExerciseId" uuid NOT NULL,
          "EquipmentId" uuid NOT NULL,
          CONSTRAINT "PK_ExerciseEquipment" PRIMARY KEY ("ExerciseId", "EquipmentId"),
          CONSTRAINT "FK_ExerciseEquipment_Equipment_EquipmentId" FOREIGN KEY ("EquipmentId") REFERENCES "Equipment" ("Id") ON DELETE CASCADE,
          CONSTRAINT "FK_ExerciseEquipment_Exercises_ExerciseId" FOREIGN KEY ("ExerciseId") REFERENCES "Exercises" ("Id") ON DELETE CASCADE
      );
info: 7/12/2025 16:16:35.773 RelationalEventId.CommandExecuted[20101] (Microsoft.EntityFrameworkCore.Database.Command) 
      Executed DbCommand (1ms) [Parameters=[], CommandType='Text', CommandTimeout='30']
      CREATE TABLE "ExerciseEquipment" (
          "ExerciseId" uuid NOT NULL,
          "EquipmentId" uuid NOT NULL,
          CONSTRAINT "PK_ExerciseEquipment" PRIMARY KEY ("ExerciseId", "EquipmentId"),
          CONSTRAINT "FK_ExerciseEquipment_Equipment_EquipmentId" FOREIGN KEY ("EquipmentId") REFERENCES "Equipment" ("Id") ON DELETE CASCADE,
          CONSTRAINT "FK_ExerciseEquipment_Exercises_ExerciseId" FOREIGN KEY ("ExerciseId") REFERENCES "Exercises" ("Id") ON DELETE CASCADE
      );
dbug: Microsoft.EntityFrameworkCore.Database.Command[20103]
      Creating DbCommand for 'ExecuteNonQuery'.
dbug: Microsoft.EntityFrameworkCore.Database.Command[20104]
      Created DbCommand for 'ExecuteNonQuery' (0ms).
dbug: Microsoft.EntityFrameworkCore.Database.Command[20106]
      Initialized DbCommand for 'ExecuteNonQuery' (0ms).
dbug: Microsoft.EntityFrameworkCore.Database.Command[20100]
      Executing DbCommand [Parameters=[], CommandType='Text', CommandTimeout='30']
      CREATE TABLE "ExerciseMetricSupport" (
          "ExerciseId" uuid NOT NULL,
          "MetricTypeId" uuid NOT NULL,
          CONSTRAINT "PK_ExerciseMetricSupport" PRIMARY KEY ("ExerciseId", "MetricTypeId"),
          CONSTRAINT "FK_ExerciseMetricSupport_Exercises_ExerciseId" FOREIGN KEY ("ExerciseId") REFERENCES "Exercises" ("Id") ON DELETE CASCADE,
          CONSTRAINT "FK_ExerciseMetricSupport_MetricTypes_MetricTypeId" FOREIGN KEY ("MetricTypeId") REFERENCES "MetricTypes" ("Id") ON DELETE CASCADE
      );
info: Microsoft.EntityFrameworkCore.Database.Command[20101]
      Executed DbCommand (1ms) [Parameters=[], CommandType='Text', CommandTimeout='30']
      CREATE TABLE "MuscleGroups" (
          "Id" uuid NOT NULL,
          "Name" text NOT NULL,
          "BodyPart" integer NOT NULL,
          CONSTRAINT "PK_MuscleGroups" PRIMARY KEY ("Id")
      );
info: 7/12/2025 16:16:35.773 RelationalEventId.CommandExecuted[20101] (Microsoft.EntityFrameworkCore.Database.Command) 
      Executed DbCommand (1ms) [Parameters=[], CommandType='Text', CommandTimeout='30']
      CREATE TABLE "MuscleGroups" (
          "Id" uuid NOT NULL,
          "Name" text NOT NULL,
          "BodyPart" integer NOT NULL,
          CONSTRAINT "PK_MuscleGroups" PRIMARY KEY ("Id")
      );
dbug: Microsoft.EntityFrameworkCore.Database.Command[20103]
      Creating DbCommand for 'ExecuteNonQuery'.
dbug: Microsoft.EntityFrameworkCore.Database.Command[20104]
      Created DbCommand for 'ExecuteNonQuery' (0ms).
dbug: Microsoft.EntityFrameworkCore.Database.Command[20106]
      Initialized DbCommand for 'ExecuteNonQuery' (0ms).
dbug: Microsoft.EntityFrameworkCore.Database.Command[20100]
      Executing DbCommand [Parameters=[], CommandType='Text', CommandTimeout='30']
      CREATE TABLE "Users" (
          "Id" uuid NOT NULL,
          "Username" text NOT NULL,
          "Email" text NOT NULL,
          "PasswordHash" text NOT NULL,
          "CreatedAt" timestamp with time zone NOT NULL,
          "LastLoginAt" timestamp with time zone,
          CONSTRAINT "PK_Users" PRIMARY KEY ("Id")
      );
info: Microsoft.EntityFrameworkCore.Database.Command[20101]
      Executed DbCommand (1ms) [Parameters=[], CommandType='Text', CommandTimeout='30']
      CREATE TABLE "ExerciseMetricSupport" (
          "ExerciseId" uuid NOT NULL,
          "MetricTypeId" uuid NOT NULL,
          CONSTRAINT "PK_ExerciseMetricSupport" PRIMARY KEY ("ExerciseId", "MetricTypeId"),
          CONSTRAINT "FK_ExerciseMetricSupport_Exercises_ExerciseId" FOREIGN KEY ("ExerciseId") REFERENCES "Exercises" ("Id") ON DELETE CASCADE,
[...]
      JOIN pg_namespace AS ns ON ns.oid = cls.relnamespace
      WHERE
              cls.relkind IN ('r', 'v', 'm', 'f', 'p') AND
              ns.nspname NOT IN ('pg_catalog', 'information_schema') AND
              -- Exclude tables which are members of PG extensions
              NOT EXISTS (
                  SELECT 1 FROM pg_depend WHERE
                      classid=(
                          SELECT cls.oid
                          FROM pg_class AS cls
                                   JOIN pg_namespace AS ns ON ns.oid = cls.relnamespace
                          WHERE relname='pg_class' AND ns.nspname='pg_catalog'
                      ) AND
                      objid=cls.oid AND
                      deptype IN ('e', 'x')
              )
info: Microsoft.EntityFrameworkCore.Database.Command[20101]
      Executed DbCommand (1ms) [Parameters=[], CommandType='Text', CommandTimeout='30']
      SELECT CASE WHEN COUNT(*) = 0 THEN FALSE ELSE TRUE END
      FROM pg_class AS cls
      JOIN pg_namespace AS ns ON ns.oid = cls.relnamespace
      WHERE
              cls.relkind IN ('r', 'v', 'm', 'f', 'p') AND
              ns.nspname NOT IN ('pg_catalog', 'information_schema') AND
              -- Exclude tables which are members of PG extensions
              NOT EXISTS (
                  SELECT 1 FROM pg_depend WHERE
                      classid=(
                          SELECT cls.oid
                          FROM pg_class AS cls
                                   JOIN pg_namespace AS ns ON ns.oid = cls.relnamespace
                          WHERE relname='pg_class' AND ns.nspname='pg_catalog'
                      ) AND
                      objid=cls.oid AND
                      deptype IN ('e', 'x')
              )
info: 7/12/2025 16:16:36.574 RelationalEventId.CommandExecuted[20101] (Microsoft.EntityFrameworkCore.Database.Command) 
      Executed DbCommand (1ms) [Parameters=[], CommandType='Text', CommandTimeout='30']
      SELECT CASE WHEN COUNT(*) = 0 THEN FALSE ELSE TRUE END
      FROM pg_class AS cls
      JOIN pg_namespace AS ns ON ns.oid = cls.relnamespace
      WHERE
              cls.relkind IN ('r', 'v', 'm', 'f', 'p') AND
              ns.nspname NOT IN ('pg_catalog', 'information_schema') AND
              -- Exclude tables which are members of PG extensions
              NOT EXISTS (
                  SELECT 1 FROM pg_depend WHERE
                      classid=(
                          SELECT cls.oid
                          FROM pg_class AS cls
                                   JOIN pg_namespace AS ns ON ns.oid = cls.relnamespace
                          WHERE relname='pg_class' AND ns.nspname='pg_catalog'
                      ) AND
                      objid=cls.oid AND
                      deptype IN ('e', 'x')
              )
dbug: Microsoft.EntityFrameworkCore.Database.Command[20103]
      Creating DbCommand for 'ExecuteReader'.
dbug: Microsoft.EntityFrameworkCore.Database.Command[20104]
      Created DbCommand for 'ExecuteReader' (0ms).
dbug: Microsoft.EntityFrameworkCore.Database.Command[20106]
      Initialized DbCommand for 'ExecuteReader' (0ms).
dbug: Microsoft.EntityFrameworkCore.Database.Command[20100]
      Executing DbCommand [Parameters=[], CommandType='Text', CommandTimeout='30']
      SELECT EXISTS (
          SELECT 1
          FROM "BodyParts" AS b)
info: Microsoft.EntityFrameworkCore.Database.Command[20101]
      Executed DbCommand (0ms) [Parameters=[], CommandType='Text', CommandTimeout='30']
      SELECT EXISTS (
          SELECT 1
          FROM "BodyParts" AS b)
info: 7/12/2025 16:16:36.575 RelationalEventId.CommandExecuted[20101] (Microsoft.EntityFrameworkCore.Database.Command) 
      Executed DbCommand (0ms) [Parameters=[], CommandType='Text', CommandTimeout='30']
      SELECT EXISTS (
          SELECT 1
          FROM "BodyParts" AS b)
dbug: Microsoft.EntityFrameworkCore.Database.Command[20301]
      Closing data reader to 'bddtestdb' on server 'tcp://127.0.0.1:33517'.
dbug: Microsoft.EntityFrameworkCore.Database.Command[20300]
      A data reader for 'bddtestdb' on server 'tcp://127.0.0.1:33517' is being disposed after spending 0ms reading results.
dbug: Microsoft.EntityFrameworkCore.Database.Command[20103]
      Creating DbCommand for 'ExecuteReader'.
dbug: Microsoft.EntityFrameworkCore.Database.Command[20104]
      Created DbCommand for 'ExecuteReader' (0ms).
dbug: Microsoft.EntityFrameworkCore.Database.Command[20106]
      Initialized DbCommand for 'ExecuteReader' (0ms).
dbug: Microsoft.EntityFrameworkCore.Database.Command[20100]
      Executing DbCommand [Parameters=[], CommandType='Text', CommandTimeout='30']
      SELECT e."Id", e."CreatedAt", e."DisplayOrder", e."IsActive", e."LinkType", e."SourceExerciseId", e."TargetExerciseId", e."UpdatedAt"
      FROM "ExerciseLinks" AS e
info: Microsoft.EntityFrameworkCore.Database.Command[20101]
      Executed DbCommand (0ms) [Parameters=[], CommandType='Text', CommandTimeout='30']
      SELECT e."Id", e."CreatedAt", e."DisplayOrder", e."IsActive", e."LinkType", e."SourceExerciseId", e."TargetExerciseId", e."UpdatedAt"
      FROM "ExerciseLinks" AS e
info: 7/12/2025 16:16:36.579 RelationalEventId.CommandExecuted[20101] (Microsoft.EntityFrameworkCore.Database.Command) 
      Executed DbCommand (0ms) [Parameters=[], CommandType='Text', CommandTimeout='30']
      SELECT e."Id", e."CreatedAt", e."DisplayOrder", e."IsActive", e."LinkType", e."SourceExerciseId", e."TargetExerciseId", e."UpdatedAt"
      FROM "ExerciseLinks" AS e
dbug: Microsoft.EntityFrameworkCore.Database.Command[20301]
      Closing data reader to 'bddtestdb' on server 'tcp://127.0.0.1:33517'.
dbug: Microsoft.EntityFrameworkCore.Database.Command[20300]
      A data reader for 'bddtestdb' on server 'tcp://127.0.0.1:33517' is being disposed after spending 0ms reading results.
dbug: Microsoft.EntityFrameworkCore.Database.Command[20103]
      Creating DbCommand for 'ExecuteReader'.
dbug: Microsoft.EntityFrameworkCore.Database.Command[20104]
      Created DbCommand for 'ExecuteReader' (0ms).
dbug: Microsoft.EntityFrameworkCore.Database.Command[20106]
      Initialized DbCommand for 'ExecuteReader' (0ms).
dbug: Microsoft.EntityFrameworkCore.Database.Command[20100]
      Executing DbCommand [Parameters=[], CommandType='Text', CommandTimeout='30']
      SELECT e."Id", e."Description", e."DifficultyId", e."ExerciseWeightTypeId", e."ImageUrl", e."IsActive", e."IsUnilateral", e."KineticChainId", e."Name", e."VideoUrl"
      FROM "Exercises" AS e
info: Microsoft.EntityFrameworkCore.Database.Command[20101]
      Executed DbCommand (0ms) [Parameters=[], CommandType='Text', CommandTimeout='30']
      SELECT e."Id", e."Description", e."DifficultyId", e."ExerciseWeightTypeId", e."ImageUrl", e."IsActive", e."IsUnilateral", e."KineticChainId", e."Name", e."VideoUrl"
      FROM "Exercises" AS e
info: 7/12/2025 16:16:36.579 RelationalEventId.CommandExecuted[20101] (Microsoft.EntityFrameworkCore.Database.Command) 
      Executed DbCommand (0ms) [Parameters=[], CommandType='Text', CommandTimeout='30']
      SELECT e."Id", e."Description", e."DifficultyId", e."ExerciseWeightTypeId", e."ImageUrl", e."IsActive", e."IsUnilateral", e."KineticChainId", e."Name", e."VideoUrl"
      FROM "Exercises" AS e
dbug: Microsoft.EntityFrameworkCore.Database.Command[20301]
      Closing data reader to 'bddtestdb' on server 'tcp://127.0.0.1:33517'.
dbug: Microsoft.EntityFrameworkCore.Database.Command[20300]
      A data reader for 'bddtestdb' on server 'tcp://127.0.0.1:33517' is being disposed after spending 0ms reading results.
dbug: Microsoft.EntityFrameworkCore.Database.Command[20103]
      Creating DbCommand for 'ExecuteReader'.
dbug: Microsoft.EntityFrameworkCore.Database.Command[20104]
      Created DbCommand for 'ExecuteReader' (0ms).
dbug: Microsoft.EntityFrameworkCore.Database.Command[20106]
      Initialized DbCommand for 'ExecuteReader' (0ms).
dbug: Microsoft.EntityFrameworkCore.Database.Command[20100]
      Executing DbCommand [Parameters=[], CommandType='Text', CommandTimeout='30']
      SELECT e."Id", e."CreatedAt", e."DisplayOrder", e."IsActive", e."LinkType", e."SourceExerciseId", e."TargetExerciseId", e."UpdatedAt"
      FROM "ExerciseLinks" AS e
info: Microsoft.EntityFrameworkCore.Database.Command[20101]
      Executed DbCommand (0ms) [Parameters=[], CommandType='Text', CommandTimeout='30']
      SELECT e."Id", e."CreatedAt", e."DisplayOrder", e."IsActive", e."LinkType", e."SourceExerciseId", e."TargetExerciseId", e."UpdatedAt"
      FROM "ExerciseLinks" AS e
info: 7/12/2025 16:16:36.580 RelationalEventId.CommandExecuted[20101] (Microsoft.EntityFrameworkCore.Database.Command) 
      Executed DbCommand (0ms) [Parameters=[], CommandType='Text', CommandTimeout='30']
      SELECT e."Id", e."CreatedAt", e."DisplayOrder", e."IsActive", e."LinkType", e."SourceExerciseId", e."TargetExerciseId", e."UpdatedAt"
      FROM "ExerciseLinks" AS e
dbug: Microsoft.EntityFrameworkCore.Database.Command[20301]
      Closing data reader to 'bddtestdb' on server 'tcp://127.0.0.1:33517'.
dbug: Microsoft.EntityFrameworkCore.Database.Command[20300]
      A data reader for 'bddtestdb' on server 'tcp://127.0.0.1:33517' is being disposed after spending 0ms reading results.
dbug: Microsoft.EntityFrameworkCore.Database.Command[20103]
      Creating DbCommand for 'ExecuteReader'.
dbug: Microsoft.EntityFrameworkCore.Database.Command[20104]
      Created DbCommand for 'ExecuteReader' (0ms).
dbug: Microsoft.EntityFrameworkCore.Database.Command[20106]
      Initialized DbCommand for 'ExecuteReader' (0ms).
dbug: Microsoft.EntityFrameworkCore.Database.Command[20100]
      Executing DbCommand [Parameters=[], CommandType='Text', CommandTimeout='30']
      SELECT e."Id", e."Description", e."DifficultyId", e."ExerciseWeightTypeId", e."ImageUrl", e."IsActive", e."IsUnilateral", e."KineticChainId", e."Name", e."VideoUrl"
      FROM "Exercises" AS e
info: Microsoft.EntityFrameworkCore.Database.Command[20101]
      Executed DbCommand (0ms) [Parameters=[], CommandType='Text', CommandTimeout='30']
      SELECT e."Id", e."Description", e."DifficultyId", e."ExerciseWeightTypeId", e."ImageUrl", e."IsActive", e."IsUnilateral", e."KineticChainId", e."Name", e."VideoUrl"
      FROM "Exercises" AS e
info: 7/12/2025 16:16:36.580 RelationalEventId.CommandExecuted[20101] (Microsoft.EntityFrameworkCore.Database.Command) 
      Executed DbCommand (0ms) [Parameters=[], CommandType='Text', CommandTimeout='30']
      SELECT e."Id", e."Description", e."DifficultyId", e."ExerciseWeightTypeId", e."ImageUrl", e."IsActive", e."IsUnilateral", e."KineticChainId", e."Name", e."VideoUrl"
      FROM "Exercises" AS e
dbug: Microsoft.EntityFrameworkCore.Database.Command[20301]
      Closing data reader to 'bddtestdb' on server 'tcp://127.0.0.1:33517'.
dbug: Microsoft.EntityFrameworkCore.Database.Command[20300]
      A data reader for 'bddtestdb' on server 'tcp://127.0.0.1:33517' is being disposed after spending 0ms reading results.
dbug: Microsoft.EntityFrameworkCore.Database.Command[20103]
      Creating DbCommand for 'ExecuteScalar'.
dbug: Microsoft.EntityFrameworkCore.Database.Command[20104]
      Created DbCommand for 'ExecuteScalar' (0ms).
dbug: Microsoft.EntityFrameworkCore.Database.Command[20106]
      Initialized DbCommand for 'ExecuteScalar' (0ms).
dbug: Microsoft.EntityFrameworkCore.Database.Command[20100]
      Executing DbCommand [Parameters=[], CommandType='Text', CommandTimeout='30']
      SELECT CASE WHEN COUNT(*) = 0 THEN FALSE ELSE TRUE END
      FROM pg_class AS cls
      JOIN pg_namespace AS ns ON ns.oid = cls.relnamespace
      WHERE
              cls.relkind IN ('r', 'v', 'm', 'f', 'p') AND
              ns.nspname NOT IN ('pg_catalog', 'information_schema') AND
              -- Exclude tables which are members of PG extensions
              NOT EXISTS (
                  SELECT 1 FROM pg_depend WHERE
                      classid=(
                          SELECT cls.oid
                          FROM pg_class AS cls
                                   JOIN pg_namespace AS ns ON ns.oid = cls.relnamespace
                          WHERE relname='pg_class' AND ns.nspname='pg_catalog'
                      ) AND
                      objid=cls.oid AND
                      deptype IN ('e', 'x')
              )
info: Microsoft.EntityFrameworkCore.Database.Command[20101]
      Executed DbCommand (1ms) [Parameters=[], CommandType='Text', CommandTimeout='30']
      SELECT CASE WHEN COUNT(*) = 0 THEN FALSE ELSE TRUE END
      FROM pg_class AS cls
      JOIN pg_namespace AS ns ON ns.oid = cls.relnamespace
      WHERE
              cls.relkind IN ('r', 'v', 'm', 'f', 'p') AND
              ns.nspname NOT IN ('pg_catalog', 'information_schema') AND
              -- Exclude tables which are members of PG extensions
              NOT EXISTS (
                  SELECT 1 FROM pg_depend WHERE
                      classid=(
                          SELECT cls.oid
                          FROM pg_class AS cls
                                   JOIN pg_namespace AS ns ON ns.oid = cls.relnamespace
                          WHERE relname='pg_class' AND ns.nspname='pg_catalog'
                      ) AND
                      objid=cls.oid AND
                      deptype IN ('e', 'x')
              )
info: 7/12/2025 16:16:36.583 RelationalEventId.CommandExecuted[20101] (Microsoft.EntityFrameworkCore.Database.Command) 
      Executed DbCommand (1ms) [Parameters=[], CommandType='Text', CommandTimeout='30']
      SELECT CASE WHEN COUNT(*) = 0 THEN FALSE ELSE TRUE END
      FROM pg_class AS cls
      JOIN pg_namespace AS ns ON ns.oid = cls.relnamespace
      WHERE
              cls.relkind IN ('r', 'v', 'm', 'f', 'p') AND
              ns.nspname NOT IN ('pg_catalog', 'information_schema') AND
              -- Exclude tables which are members of PG extensions
              NOT EXISTS (
                  SELECT 1 FROM pg_depend WHERE
                      classid=(
                          SELECT cls.oid
                          FROM pg_class AS cls
                                   JOIN pg_namespace AS ns ON ns.oid = cls.relnamespace
                          WHERE relname='pg_class' AND ns.nspname='pg_catalog'
                      ) AND
                      objid=cls.oid AND
                      deptype IN ('e', 'x')
              )
dbug: Microsoft.EntityFrameworkCore.Database.Command[20103]
      Creating DbCommand for 'ExecuteReader'.
dbug: Microsoft.EntityFrameworkCore.Database.Command[20104]
      Created DbCommand for 'ExecuteReader' (0ms).
dbug: Microsoft.EntityFrameworkCore.Database.Command[20106]
      Initialized DbCommand for 'ExecuteReader' (0ms).
dbug: Microsoft.EntityFrameworkCore.Database.Command[20100]
      Executing DbCommand [Parameters=[], CommandType='Text', CommandTimeout='30']
      SELECT EXISTS (
          SELECT 1
          FROM "BodyParts" AS b)
info: Microsoft.EntityFrameworkCore.Database.Command[20101]
      Executed DbCommand (0ms) [Parameters=[], CommandType='Text', CommandTimeout='30']
      SELECT EXISTS (
          SELECT 1
          FROM "BodyParts" AS b)
info: 7/12/2025 16:16:36.583 RelationalEventId.CommandExecuted[20101] (Microsoft.EntityFrameworkCore.Database.Command) 
      Executed DbCommand (0ms) [Parameters=[], CommandType='Text', CommandTimeout='30']
      SELECT EXISTS (
          SELECT 1
          FROM "BodyParts" AS b)
dbug: Microsoft.EntityFrameworkCore.Database.Command[20301]
      Closing data reader to 'bddtestdb' on server 'tcp://127.0.0.1:33517'.
dbug: Microsoft.EntityFrameworkCore.Database.Command[20300]
      A data reader for 'bddtestdb' on server 'tcp://127.0.0.1:33517' is being disposed after spending 0ms reading results.
dbug: Microsoft.EntityFrameworkCore.Database.Command[20103]
      Creating DbCommand for 'ExecuteReader'.
dbug: Microsoft.EntityFrameworkCore.Database.Command[20104]
      Created DbCommand for 'ExecuteReader' (0ms).
dbug: Microsoft.EntityFrameworkCore.Database.Command[20106]
      Initialized DbCommand for 'ExecuteReader' (0ms).
dbug: Microsoft.EntityFrameworkCore.Database.Command[20100]
      Executing DbCommand [Parameters=[], CommandType='Text', CommandTimeout='30']
      SELECT e."Id", e."CreatedAt", e."DisplayOrder", e."IsActive", e."LinkType", e."SourceExerciseId", e."TargetExerciseId", e."UpdatedAt"
      FROM "ExerciseLinks" AS e
info: Microsoft.EntityFrameworkCore.Database.Command[20101]
      Executed DbCommand (0ms) [Parameters=[], CommandType='Text', CommandTimeout='30']
      SELECT e."Id", e."CreatedAt", e."DisplayOrder", e."IsActive", e."LinkType", e."SourceExerciseId", e."TargetExerciseId", e."UpdatedAt"
      FROM "ExerciseLinks" AS e
info: 7/12/2025 16:16:36.584 RelationalEventId.CommandExecuted[20101] (Microsoft.EntityFrameworkCore.Database.Command) 
      Executed DbCommand (0ms) [Parameters=[], CommandType='Text', CommandTimeout='30']
      SELECT e."Id", e."CreatedAt", e."DisplayOrder", e."IsActive", e."LinkType", e."SourceExerciseId", e."TargetExerciseId", e."UpdatedAt"
      FROM "ExerciseLinks" AS e
dbug: Microsoft.EntityFrameworkCore.Database.Command[20301]
      Closing data reader to 'bddtestdb' on server 'tcp://127.0.0.1:33517'.
dbug: Microsoft.EntityFrameworkCore.Database.Command[20300]
      A data reader for 'bddtestdb' on server 'tcp://127.0.0.1:33517' is being disposed after spending 0ms reading results.
dbug: Microsoft.EntityFrameworkCore.Database.Command[20103]
      Creating DbCommand for 'ExecuteReader'.
dbug: Microsoft.EntityFrameworkCore.Database.Command[20104]
      Created DbCommand for 'ExecuteReader' (0ms).
dbug: Microsoft.EntityFrameworkCore.Database.Command[20106]
      Initialized DbCommand for 'ExecuteReader' (0ms).
dbug: Microsoft.EntityFrameworkCore.Database.Command[20100]
      Executing DbCommand [Parameters=[], CommandType='Text', CommandTimeout='30']
      SELECT e."Id", e."Description", e."DifficultyId", e."ExerciseWeightTypeId", e."ImageUrl", e."IsActive", e."IsUnilateral", e."KineticChainId", e."Name", e."VideoUrl"
      FROM "Exercises" AS e
info: Microsoft.EntityFrameworkCore.Database.Command[20101]
      Executed DbCommand (0ms) [Parameters=[], CommandType='Text', CommandTimeout='30']
      SELECT e."Id", e."Description", e."DifficultyId", e."ExerciseWeightTypeId", e."ImageUrl", e."IsActive", e."IsUnilateral", e."KineticChainId", e."Name", e."VideoUrl"
      FROM "Exercises" AS e
info: 7/12/2025 16:16:36.585 RelationalEventId.CommandExecuted[20101] (Microsoft.EntityFrameworkCore.Database.Command) 
      Executed DbCommand (0ms) [Parameters=[], CommandType='Text', CommandTimeout='30']
      SELECT e."Id", e."Description", e."DifficultyId", e."ExerciseWeightTypeId", e."ImageUrl", e."IsActive", e."IsUnilateral", e."KineticChainId", e."Name", e."VideoUrl"
      FROM "Exercises" AS e
dbug: Microsoft.EntityFrameworkCore.Database.Command[20301]
      Closing data reader to 'bddtestdb' on server 'tcp://127.0.0.1:33517'.
dbug: Microsoft.EntityFrameworkCore.Database.Command[20300]
      A data reader for 'bddtestdb' on server 'tcp://127.0.0.1:33517' is being disposed after spending 0ms reading results.
-&gt; #XW002: Completed feature: Difficulty Levels Reference Data
[testcontainers.org 00:00:04.31] Delete Docker container 53f21bd548be
[testcontainers.org 00:00:04.47] Delete Docker container bb2964634a49
[xUnit.net 00:00:04.93]   Finished:    GetFitterGetBigger.API.IntegrationTests
</StdOut>
    </Output>
    <RunInfos>
      <RunInfo computerName="DesktopUbuntu" outcome="Error" timestamp="2025-07-12T16:16:36.3263316+02:00">
        <Text>[xUnit.net 00:00:04.37]     Get difficulty level by valid ID [FAIL]</Text>
      </RunInfo>
      <RunInfo computerName="DesktopUbuntu" outcome="Error" timestamp="2025-07-12T16:16:36.4748000+02:00">
        <Text>[xUnit.net 00:00:04.52]     Get difficulty level by valid value [FAIL]</Text>
      </RunInfo>
    </RunInfos>
  </ResultSummary>
</TestRun>